# JRE version: OpenJDK Runtime Environment Temurin-21.0.10+7 (21.0.10+7) (build 21.0.10+7-LTS)
# Java VM: OpenJDK 64-Bit Server VM Temurin-21.0.10+7 (21.0.10+7-LTS, mixed mode, sharing, tiered, compressed oops, compressed class ptrs, parallel gc, windows-amd64)
GC Precious Log:
 CardTable entry size: 512
 CPUs: 4 total, 4 available
 Memory: 3891M
 Large Page Support: Disabled
 NUMA Support: Disabled
 Compressed Oops: Enabled (32-bit)
 Alignments: Space 512K, Generation 512K, Heap 2M
 Heap Min Capacity: 100M
 Heap Initial Capacity: 100M
 Heap Max Capacity: 2G
 Pre-touch: Disabled
 Parallel Workers: 4
Heap:
 PSYoungGen      total 14848K, used 14144K [0x00000000d5580000, 0x00000000d6480000, 0x0000000100000000)
  eden space 13824K, 100% used [0x00000000d5580000,0x00000000d6300000,0x00000000d6300000)
  from space 1024K, 31% used [0x00000000d6300000,0x00000000d6350000,0x00000000d6400000)
  to   space 512K, 0% used [0x00000000d6400000,0x00000000d6400000,0x00000000d6480000)
 ParOldGen       total 68608K, used 54965K [0x0000000080000000, 0x0000000084300000, 0x00000000d5580000)
  object space 68608K, 80% used [0x0000000080000000,0x00000000835ad458,0x0000000084300000)
 Metaspace       used 57733K, committed 59136K, reserved 1114112K
  class space    used 6180K, committed 6784K, reserved 1048576K
GC Heap History (20 events):
Event: 49.922 GC heap before
{Heap before GC invocations=39 (full 2):
 PSYoungGen      total 14336K, used 14317K [0x00000000d5580000, 0x00000000d6780000, 0x0000000100000000)
  eden space 13824K, 100% used [0x00000000d5580000,0x00000000d6300000,0x00000000d6300000)
  from space 512K, 96% used [0x00000000d6500000,0x00000000d657b650,0x00000000d6580000)
  to   space 2048K, 0% used [0x00000000d6300000,0x00000000d6300000,0x00000000d6500000)
 ParOldGen       total 68608K, used 49279K [0x0000000080000000, 0x0000000084300000, 0x00000000d5580000)
  object space 68608K, 71% used [0x0000000080000000,0x000000008301fc50,0x0000000084300000)
 Metaspace       used 53057K, committed 54464K, reserved 1114112K
  class space    used 5768K, committed 6400K, reserved 1048576K
}
Event: 49.923 GC heap after
{Heap after GC invocations=39 (full 2):
 PSYoungGen      total 14336K, used 457K [0x00000000d5580000, 0x00000000d6580000, 0x0000000100000000)
  eden space 13824K, 0% used [0x00000000d5580000,0x00000000d5580000,0x00000000d6300000)
  from space 512K, 89% used [0x00000000d6300000,0x00000000d6372710,0x00000000d6380000)
  to   space 1024K, 0% used [0x00000000d6480000,0x00000000d6480000,0x00000000d6580000)
 ParOldGen       total 68608K, used 49732K [0x0000000080000000, 0x0000000084300000, 0x00000000d5580000)
  object space 68608K, 72% used [0x0000000080000000,0x00000000830912a0,0x0000000084300000)
 Metaspace       used 53057K, committed 54464K, reserved 1114112K
  class space    used 5768K, committed 6400K, reserved 1048576K
}
Event: 50.504 GC heap before
{Heap before GC invocations=40 (full 2):
 PSYoungGen      total 14336K, used 14281K [0x00000000d5580000, 0x00000000d6580000, 0x0000000100000000)
  eden space 13824K, 100% used [0x00000000d5580000,0x00000000d6300000,0x00000000d6300000)
  from space 512K, 89% used [0x00000000d6300000,0x00000000d6372710,0x00000000d6380000)
  to   space 1024K, 0% used [0x00000000d6480000,0x00000000d6480000,0x00000000d6580000)
 ParOldGen       total 68608K, used 49732K [0x0000000080000000, 0x0000000084300000, 0x00000000d5580000)
  object space 68608K, 72% used [0x0000000080000000,0x00000000830912a0,0x0000000084300000)
 Metaspace       used 54031K, committed 55424K, reserved 1114112K
  class space    used 5861K, committed 6464K, reserved 1048576K
}
Event: 50.505 GC heap after
{Heap after GC invocations=40 (full 2):
 PSYoungGen      total 14336K, used 128K [0x00000000d5580000, 0x00000000d6500000, 0x0000000100000000)
  eden space 13824K, 0% used [0x00000000d5580000,0x00000000d5580000,0x00000000d6300000)
  from space 512K, 25% used [0x00000000d6480000,0x00000000d64a0000,0x00000000d6500000)
  to   space 512K, 0% used [0x00000000d6300000,0x00000000d6300000,0x00000000d6380000)
 ParOldGen       total 68608K, used 49764K [0x0000000080000000, 0x0000000084300000, 0x00000000d5580000)
  object space 68608K, 72% used [0x0000000080000000,0x00000000830992a0,0x0000000084300000)
 Metaspace       used 54031K, committed 55424K, reserved 1114112K
  class space    used 5861K, committed 6464K, reserved 1048576K
}
Event: 51.880 GC heap before
{Heap before GC invocations=41 (full 2):
 PSYoungGen      total 14336K, used 13952K [0x00000000d5580000, 0x00000000d6500000, 0x0000000100000000)
  eden space 13824K, 100% used [0x00000000d5580000,0x00000000d6300000,0x00000000d6300000)
  from space 512K, 25% used [0x00000000d6480000,0x00000000d64a0000,0x00000000d6500000)
  to   space 512K, 0% used [0x00000000d6300000,0x00000000d6300000,0x00000000d6380000)
 ParOldGen       total 68608K, used 49764K [0x0000000080000000, 0x0000000084300000, 0x00000000d5580000)
  object space 68608K, 72% used [0x0000000080000000,0x00000000830992a0,0x0000000084300000)
 Metaspace       used 56191K, committed 57664K, reserved 1114112K
  class space    used 6056K, committed 6720K, reserved 1048576K
}
Event: 51.883 GC heap after
{Heap after GC invocations=41 (full 2):
 PSYoungGen      total 14336K, used 496K [0x00000000d5580000, 0x00000000d6500000, 0x0000000100000000)
  eden space 13824K, 0% used [0x00000000d5580000,0x00000000d5580000,0x00000000d6300000)
  from space 512K, 96% used [0x00000000d6300000,0x00000000d637c010,0x00000000d6380000)
  to   space 1024K, 0% used [0x00000000d6400000,0x00000000d6400000,0x00000000d6500000)
 ParOldGen       total 68608K, used 49844K [0x0000000080000000, 0x0000000084300000, 0x00000000d5580000)
  object space 68608K, 72% used [0x0000000080000000,0x00000000830ad2c0,0x0000000084300000)
 Metaspace       used 56191K, committed 57664K, reserved 1114112K
  class space    used 6056K, committed 6720K, reserved 1048576K
}
Event: 52.832 GC heap before
{Heap before GC invocations=42 (full 2):
 PSYoungGen      total 14336K, used 14320K [0x00000000d5580000, 0x00000000d6500000, 0x0000000100000000)
  eden space 13824K, 100% used [0x00000000d5580000,0x00000000d6300000,0x00000000d6300000)
  from space 512K, 96% used [0x00000000d6300000,0x00000000d637c010,0x00000000d6380000)
  to   space 1024K, 0% used [0x00000000d6400000,0x00000000d6400000,0x00000000d6500000)
 ParOldGen       total 68608K, used 49844K [0x0000000080000000, 0x0000000084300000, 0x00000000d5580000)
  object space 68608K, 72% used [0x0000000080000000,0x00000000830ad2c0,0x0000000084300000)
 Metaspace       used 57043K, committed 58496K, reserved 1114112K
  class space    used 6109K, committed 6720K, reserved 1048576K
}
Event: 52.834 GC heap after
{Heap after GC invocations=42 (full 2):
 PSYoungGen      total 14848K, used 1003K [0x00000000d5580000, 0x00000000d6500000, 0x0000000100000000)
  eden space 13824K, 0% used [0x00000000d5580000,0x00000000d5580000,0x00000000d6300000)
  from space 1024K, 98% used [0x00000000d6400000,0x00000000d64faf80,0x00000000d6500000)
  to   space 512K, 0% used [0x00000000d6300000,0x00000000d6300000,0x00000000d6380000)
 ParOldGen       total 68608K, used 50329K [0x0000000080000000, 0x0000000084300000, 0x00000000d5580000)
  object space 68608K, 73% used [0x0000000080000000,0x0000000083126710,0x0000000084300000)
 Metaspace       used 57043K, committed 58496K, reserved 1114112K
  class space    used 6109K, committed 6720K, reserved 1048576K
}
Event: 53.079 GC heap before
{Heap before GC invocations=43 (full 2):
 PSYoungGen      total 14848K, used 14827K [0x00000000d5580000, 0x00000000d6500000, 0x0000000100000000)
  eden space 13824K, 100% used [0x00000000d5580000,0x00000000d6300000,0x00000000d6300000)
  from space 1024K, 98% used [0x00000000d6400000,0x00000000d64faf80,0x00000000d6500000)
  to   space 512K, 0% used [0x00000000d6300000,0x00000000d6300000,0x00000000d6380000)
 ParOldGen       total 68608K, used 50329K [0x0000000080000000, 0x0000000084300000, 0x00000000d5580000)
  object space 68608K, 73% used [0x0000000080000000,0x0000000083126710,0x0000000084300000)
 Metaspace       used 57190K, committed 58624K, reserved 1114112K
  class space    used 6119K, committed 6720K, reserved 1048576K
}
Event: 53.082 GC heap after
{Heap after GC invocations=43 (full 2):
 PSYoungGen      total 14336K, used 496K [0x00000000d5580000, 0x00000000d6500000, 0x0000000100000000)
  eden space 13824K, 0% used [0x00000000d5580000,0x00000000d5580000,0x00000000d6300000)
  from space 512K, 96% used [0x00000000d6300000,0x00000000d637c1d0,0x00000000d6380000)
  to   space 1024K, 0% used [0x00000000d6400000,0x00000000d6400000,0x00000000d6500000)
 ParOldGen       total 68608K, used 51638K [0x0000000080000000, 0x0000000084300000, 0x00000000d5580000)
  object space 68608K, 75% used [0x0000000080000000,0x000000008326d930,0x0000000084300000)
 Metaspace       used 57190K, committed 58624K, reserved 1114112K
  class space    used 6119K, committed 6720K, reserved 1048576K
}
Event: 53.212 GC heap before
{Heap before GC invocations=44 (full 2):
 PSYoungGen      total 14336K, used 14320K [0x00000000d5580000, 0x00000000d6500000, 0x0000000100000000)
  eden space 13824K, 100% used [0x00000000d5580000,0x00000000d6300000,0x00000000d6300000)
  from space 512K, 96% used [0x00000000d6300000,0x00000000d637c1d0,0x00000000d6380000)
  to   space 1024K, 0% used [0x00000000d6400000,0x00000000d6400000,0x00000000d6500000)
 ParOldGen       total 68608K, used 51638K [0x0000000080000000, 0x0000000084300000, 0x00000000d5580000)
  object space 68608K, 75% used [0x0000000080000000,0x000000008326d930,0x0000000084300000)
 Metaspace       used 57268K, committed 58688K, reserved 1114112K
  class space    used 6124K, committed 6720K, reserved 1048576K
}
Event: 53.214 GC heap after
{Heap after GC invocations=44 (full 2):
 PSYoungGen      total 14848K, used 472K [0x00000000d5580000, 0x00000000d6500000, 0x0000000100000000)
  eden space 13824K, 0% used [0x00000000d5580000,0x00000000d5580000,0x00000000d6300000)
  from space 1024K, 46% used [0x00000000d6400000,0x00000000d6476190,0x00000000d6500000)
  to   space 1024K, 0% used [0x00000000d6300000,0x00000000d6300000,0x00000000d6400000)
 ParOldGen       total 68608K, used 52039K [0x0000000080000000, 0x0000000084300000, 0x00000000d5580000)
  object space 68608K, 75% used [0x0000000080000000,0x00000000832d1db8,0x0000000084300000)
 Metaspace       used 57268K, committed 58688K, reserved 1114112K
  class space    used 6124K, committed 6720K, reserved 1048576K
}
Event: 53.443 GC heap before
{Heap before GC invocations=45 (full 2):
 PSYoungGen      total 14848K, used 14296K [0x00000000d5580000, 0x00000000d6500000, 0x0000000100000000)
  eden space 13824K, 100% used [0x00000000d5580000,0x00000000d6300000,0x00000000d6300000)
  from space 1024K, 46% used [0x00000000d6400000,0x00000000d6476190,0x00000000d6500000)
  to   space 1024K, 0% used [0x00000000d6300000,0x00000000d6300000,0x00000000d6400000)
 ParOldGen       total 68608K, used 52039K [0x0000000080000000, 0x0000000084300000, 0x00000000d5580000)
  object space 68608K, 75% used [0x0000000080000000,0x00000000832d1db8,0x0000000084300000)
 Metaspace       used 57489K, committed 58880K, reserved 1114112K
  class space    used 6147K, committed 6720K, reserved 1048576K
}
Event: 53.446 GC heap after
{Heap after GC invocations=45 (full 2):
 PSYoungGen      total 14848K, used 454K [0x00000000d5580000, 0x00000000d6480000, 0x0000000100000000)
  eden space 13824K, 0% used [0x00000000d5580000,0x00000000d5580000,0x00000000d6300000)
  from space 1024K, 44% used [0x00000000d6300000,0x00000000d6371988,0x00000000d6400000)
  to   space 512K, 0% used [0x00000000d6400000,0x00000000d6400000,0x00000000d6480000)
 ParOldGen       total 68608K, used 52354K [0x0000000080000000, 0x0000000084300000, 0x00000000d5580000)
  object space 68608K, 76% used [0x0000000080000000,0x0000000083320b68,0x0000000084300000)
 Metaspace       used 57489K, committed 58880K, reserved 1114112K
  class space    used 6147K, committed 6720K, reserved 1048576K
}
Event: 53.472 GC heap before
{Heap before GC invocations=46 (full 2):
 PSYoungGen      total 14848K, used 14278K [0x00000000d5580000, 0x00000000d6480000, 0x0000000100000000)
  eden space 13824K, 100% used [0x00000000d5580000,0x00000000d6300000,0x00000000d6300000)
  from space 1024K, 44% used [0x00000000d6300000,0x00000000d6371988,0x00000000d6400000)
  to   space 512K, 0% used [0x00000000d6400000,0x00000000d6400000,0x00000000d6480000)
 ParOldGen       total 68608K, used 52354K [0x0000000080000000, 0x0000000084300000, 0x00000000d5580000)
  object space 68608K, 76% used [0x0000000080000000,0x0000000083320b68,0x0000000084300000)
 Metaspace       used 57505K, committed 58944K, reserved 1114112K
  class space    used 6152K, committed 6784K, reserved 1048576K
}
Event: 53.477 GC heap after
{Heap after GC invocations=46 (full 2):
 PSYoungGen      total 14336K, used 278K [0x00000000d5580000, 0x00000000d6480000, 0x0000000100000000)
  eden space 13824K, 0% used [0x00000000d5580000,0x00000000d5580000,0x00000000d6300000)
  from space 512K, 54% used [0x00000000d6400000,0x00000000d6445ac8,0x00000000d6480000)
  to   space 512K, 0% used [0x00000000d6380000,0x00000000d6380000,0x00000000d6400000)
 ParOldGen       total 68608K, used 52632K [0x0000000080000000, 0x0000000084300000, 0x00000000d5580000)
  object space 68608K, 76% used [0x0000000080000000,0x00000000833662f0,0x0000000084300000)
 Metaspace       used 57505K, committed 58944K, reserved 1114112K
  class space    used 6152K, committed 6784K, reserved 1048576K
}
Event: 53.567 GC heap before
{Heap before GC invocations=47 (full 2):
 PSYoungGen      total 14336K, used 14102K [0x00000000d5580000, 0x00000000d6480000, 0x0000000100000000)
  eden space 13824K, 100% used [0x00000000d5580000,0x00000000d6300000,0x00000000d6300000)
  from space 512K, 54% used [0x00000000d6400000,0x00000000d6445ac8,0x00000000d6480000)
  to   space 512K, 0% used [0x00000000d6380000,0x00000000d6380000,0x00000000d6400000)
 ParOldGen       total 68608K, used 52632K [0x0000000080000000, 0x0000000084300000, 0x00000000d5580000)
  object space 68608K, 76% used [0x0000000080000000,0x00000000833662f0,0x0000000084300000)
 Metaspace       used 57541K, committed 59008K, reserved 1114112K
  class space    used 6156K, committed 6784K, reserved 1048576K
}
Event: 53.569 GC heap after
{Heap after GC invocations=47 (full 2):
 PSYoungGen      total 14336K, used 325K [0x00000000d5580000, 0x00000000d6480000, 0x0000000100000000)
  eden space 13824K, 0% used [0x00000000d5580000,0x00000000d5580000,0x00000000d6300000)
  from space 512K, 63% used [0x00000000d6380000,0x00000000d63d1758,0x00000000d6400000)
  to   space 512K, 0% used [0x00000000d6400000,0x00000000d6400000,0x00000000d6480000)
 ParOldGen       total 68608K, used 52727K [0x0000000080000000, 0x0000000084300000, 0x00000000d5580000)
  object space 68608K, 76% used [0x0000000080000000,0x000000008337ddb8,0x0000000084300000)
 Metaspace       used 57541K, committed 59008K, reserved 1114112K
  class space    used 6156K, committed 6784K, reserved 1048576K
}
Event: 53.631 GC heap before
{Heap before GC invocations=48 (full 2):
 PSYoungGen      total 14336K, used 14149K [0x00000000d5580000, 0x00000000d6480000, 0x0000000100000000)
  eden space 13824K, 100% used [0x00000000d5580000,0x00000000d6300000,0x00000000d6300000)
  from space 512K, 63% used [0x00000000d6380000,0x00000000d63d1758,0x00000000d6400000)
  to   space 512K, 0% used [0x00000000d6400000,0x00000000d6400000,0x00000000d6480000)
 ParOldGen       total 68608K, used 52727K [0x0000000080000000, 0x0000000084300000, 0x00000000d5580000)
  object space 68608K, 76% used [0x0000000080000000,0x000000008337ddb8,0x0000000084300000)
 Metaspace       used 57559K, committed 59008K, reserved 1114112K
  class space    used 6158K, committed 6784K, reserved 1048576K
}
Event: 53.633 GC heap after
{Heap after GC invocations=48 (full 2):
 PSYoungGen      total 14336K, used 488K [0x00000000d5580000, 0x00000000d6500000, 0x0000000100000000)
  eden space 13824K, 0% used [0x00000000d5580000,0x00000000d5580000,0x00000000d6300000)
  from space 512K, 95% used [0x00000000d6400000,0x00000000d647a2c0,0x00000000d6480000)
  to   space 1024K, 0% used [0x00000000d6300000,0x00000000d6300000,0x00000000d6400000)
 ParOldGen       total 68608K, used 52869K [0x0000000080000000, 0x0000000084300000, 0x00000000d5580000)
  object space 68608K, 77% used [0x0000000080000000,0x00000000833a1660,0x0000000084300000)
 Metaspace       used 57559K, committed 59008K, reserved 1114112K
  class space    used 6158K, committed 6784K, reserved 1048576K
}

