# JRE version: OpenJDK Runtime Environment Temurin-21.0.10+7 (21.0.10+7) (build 21.0.10+7-LTS)
# Java VM: OpenJDK 64-Bit Server VM Temurin-21.0.10+7 (21.0.10+7-LTS, mixed mode, sharing, tiered, compressed oops, compressed class ptrs, parallel gc, windows-amd64)
GC Precious Log:
 CardTable entry size: 512
 CPUs: 4 total, 4 available
 Memory: 3891M
 Large Page Support: Disabled
 NUMA Support: Disabled
 Compressed Oops: Enabled (32-bit)
 Alignments: Space 512K, Generation 512K, Heap 2M
 Heap Min Capacity: 100M
 Heap Initial Capacity: 100M
 Heap Max Capacity: 2G
 Pre-touch: Disabled
 Parallel Workers: 4
Heap:
 PSYoungGen      total 2048K, used 785K [0x00000000d5580000, 0x00000000d5800000, 0x0000000100000000)
  eden space 1536K, 34% used [0x00000000d5580000,0x00000000d5604730,0x00000000d5700000)
  from space 512K, 50% used [0x00000000d5700000,0x00000000d5740000,0x00000000d5780000)
  to   space 512K, 0% used [0x00000000d5780000,0x00000000d5780000,0x00000000d5800000)
 ParOldGen       total 1037824K, used 1037673K [0x0000000080000000, 0x00000000bf580000, 0x00000000d5580000)
  object space 1037824K, 99% used [0x0000000080000000,0x00000000bf55a600,0x00000000bf580000)
 Metaspace       used 72745K, committed 74240K, reserved 1179648K
  class space    used 7317K, committed 7936K, reserved 1048576K
GC Heap History (20 events):
Event: 907.155 GC heap before
{Heap before GC invocations=803 (full 3):
 PSYoungGen      total 1536K, used 1312K [0x00000000d5580000, 0x00000000d5780000, 0x0000000100000000)
  eden space 1024K, 100% used [0x00000000d5580000,0x00000000d5680000,0x00000000d5680000)
  from space 512K, 56% used [0x00000000d5680000,0x00000000d56c8000,0x00000000d5700000)
  to   space 512K, 0% used [0x00000000d5700000,0x00000000d5700000,0x00000000d5780000)
 ParOldGen       total 1035776K, used 1035387K [0x0000000080000000, 0x00000000bf380000, 0x00000000d5580000)
  object space 1035776K, 99% used [0x0000000080000000,0x00000000bf31ec50,0x00000000bf380000)
 Metaspace       used 72701K, committed 74240K, reserved 1179648K
  class space    used 7317K, committed 7936K, reserved 1048576K
}
Event: 907.159 GC heap after
{Heap after GC invocations=803 (full 3):
 PSYoungGen      total 1536K, used 224K [0x00000000d5580000, 0x00000000d5780000, 0x0000000100000000)
  eden space 1024K, 0% used [0x00000000d5580000,0x00000000d5580000,0x00000000d5680000)
  from space 512K, 43% used [0x00000000d5700000,0x00000000d5738000,0x00000000d5780000)
  to   space 512K, 0% used [0x00000000d5680000,0x00000000d5680000,0x00000000d5700000)
 ParOldGen       total 1035776K, used 1035600K [0x0000000080000000, 0x00000000bf380000, 0x00000000d5580000)
  object space 1035776K, 99% used [0x0000000080000000,0x00000000bf3540d0,0x00000000bf380000)
 Metaspace       used 72701K, committed 74240K, reserved 1179648K
  class space    used 7317K, committed 7936K, reserved 1048576K
}
Event: 907.188 GC heap before
{Heap before GC invocations=804 (full 3):
 PSYoungGen      total 1536K, used 1248K [0x00000000d5580000, 0x00000000d5780000, 0x0000000100000000)
  eden space 1024K, 100% used [0x00000000d5580000,0x00000000d5680000,0x00000000d5680000)
  from space 512K, 43% used [0x00000000d5700000,0x00000000d5738000,0x00000000d5780000)
  to   space 512K, 0% used [0x00000000d5680000,0x00000000d5680000,0x00000000d5700000)
 ParOldGen       total 1035776K, used 1035600K [0x0000000080000000, 0x00000000bf380000, 0x00000000d5580000)
  object space 1035776K, 99% used [0x0000000080000000,0x00000000bf3540d0,0x00000000bf380000)
 Metaspace       used 72705K, committed 74240K, reserved 1179648K
  class space    used 7317K, committed 7936K, reserved 1048576K
}
Event: 907.192 GC heap after
{Heap after GC invocations=804 (full 3):
 PSYoungGen      total 1536K, used 224K [0x00000000d5580000, 0x00000000d5780000, 0x0000000100000000)
  eden space 1024K, 0% used [0x00000000d5580000,0x00000000d5580000,0x00000000d5680000)
  from space 512K, 43% used [0x00000000d5680000,0x00000000d56b8000,0x00000000d5700000)
  to   space 512K, 0% used [0x00000000d5700000,0x00000000d5700000,0x00000000d5780000)
 ParOldGen       total 1035776K, used 1035736K [0x0000000080000000, 0x00000000bf380000, 0x00000000d5580000)
  object space 1035776K, 99% used [0x0000000080000000,0x00000000bf3760d0,0x00000000bf380000)
 Metaspace       used 72705K, committed 74240K, reserved 1179648K
  class space    used 7317K, committed 7936K, reserved 1048576K
}
Event: 907.236 GC heap before
{Heap before GC invocations=805 (full 3):
 PSYoungGen      total 1536K, used 1248K [0x00000000d5580000, 0x00000000d5780000, 0x0000000100000000)
  eden space 1024K, 100% used [0x00000000d5580000,0x00000000d5680000,0x00000000d5680000)
  from space 512K, 43% used [0x00000000d5680000,0x00000000d56b8000,0x00000000d5700000)
  to   space 512K, 0% used [0x00000000d5700000,0x00000000d5700000,0x00000000d5780000)
 ParOldGen       total 1035776K, used 1035736K [0x0000000080000000, 0x00000000bf380000, 0x00000000d5580000)
  object space 1035776K, 99% used [0x0000000080000000,0x00000000bf3760d0,0x00000000bf380000)
 Metaspace       used 72706K, committed 74240K, reserved 1179648K
  class space    used 7317K, committed 7936K, reserved 1048576K
}
Event: 907.239 GC heap after
{Heap after GC invocations=805 (full 3):
 PSYoungGen      total 1536K, used 250K [0x00000000d5580000, 0x00000000d5780000, 0x0000000100000000)
  eden space 1024K, 0% used [0x00000000d5580000,0x00000000d5580000,0x00000000d5680000)
  from space 512K, 48% used [0x00000000d5700000,0x00000000d573e900,0x00000000d5780000)
  to   space 512K, 0% used [0x00000000d5680000,0x00000000d5680000,0x00000000d5700000)
 ParOldGen       total 1036288K, used 1035902K [0x0000000080000000, 0x00000000bf400000, 0x00000000d5580000)
  object space 1036288K, 99% used [0x0000000080000000,0x00000000bf39f850,0x00000000bf400000)
 Metaspace       used 72706K, committed 74240K, reserved 1179648K
  class space    used 7317K, committed 7936K, reserved 1048576K
}
Event: 907.246 GC heap before
{Heap before GC invocations=806 (full 3):
 PSYoungGen      total 1536K, used 1274K [0x00000000d5580000, 0x00000000d5780000, 0x0000000100000000)
  eden space 1024K, 100% used [0x00000000d5580000,0x00000000d5680000,0x00000000d5680000)
  from space 512K, 48% used [0x00000000d5700000,0x00000000d573e900,0x00000000d5780000)
  to   space 512K, 0% used [0x00000000d5680000,0x00000000d5680000,0x00000000d5700000)
 ParOldGen       total 1036288K, used 1035902K [0x0000000080000000, 0x00000000bf400000, 0x00000000d5580000)
  object space 1036288K, 99% used [0x0000000080000000,0x00000000bf39f850,0x00000000bf400000)
 Metaspace       used 72706K, committed 74240K, reserved 1179648K
  class space    used 7317K, committed 7936K, reserved 1048576K
}
Event: 907.250 GC heap after
{Heap after GC invocations=806 (full 3):
 PSYoungGen      total 1536K, used 288K [0x00000000d5580000, 0x00000000d5780000, 0x0000000100000000)
  eden space 1024K, 0% used [0x00000000d5580000,0x00000000d5580000,0x00000000d5680000)
  from space 512K, 56% used [0x00000000d5680000,0x00000000d56c8000,0x00000000d5700000)
  to   space 512K, 0% used [0x00000000d5700000,0x00000000d5700000,0x00000000d5780000)
 ParOldGen       total 1036288K, used 1036095K [0x0000000080000000, 0x00000000bf400000, 0x00000000d5580000)
  object space 1036288K, 99% used [0x0000000080000000,0x00000000bf3cff28,0x00000000bf400000)
 Metaspace       used 72706K, committed 74240K, reserved 1179648K
  class space    used 7317K, committed 7936K, reserved 1048576K
}
Event: 907.263 GC heap before
{Heap before GC invocations=807 (full 3):
 PSYoungGen      total 1536K, used 1312K [0x00000000d5580000, 0x00000000d5780000, 0x0000000100000000)
  eden space 1024K, 100% used [0x00000000d5580000,0x00000000d5680000,0x00000000d5680000)
  from space 512K, 56% used [0x00000000d5680000,0x00000000d56c8000,0x00000000d5700000)
  to   space 512K, 0% used [0x00000000d5700000,0x00000000d5700000,0x00000000d5780000)
 ParOldGen       total 1036288K, used 1036095K [0x0000000080000000, 0x00000000bf400000, 0x00000000d5580000)
  object space 1036288K, 99% used [0x0000000080000000,0x00000000bf3cff28,0x00000000bf400000)
 Metaspace       used 72706K, committed 74240K, reserved 1179648K
  class space    used 7317K, committed 7936K, reserved 1048576K
}
Event: 907.268 GC heap after
{Heap after GC invocations=807 (full 3):
 PSYoungGen      total 1536K, used 320K [0x00000000d5580000, 0x00000000d5800000, 0x0000000100000000)
  eden space 1024K, 0% used [0x00000000d5580000,0x00000000d5580000,0x00000000d5680000)
  from space 512K, 62% used [0x00000000d5700000,0x00000000d5750000,0x00000000d5780000)
  to   space 512K, 0% used [0x00000000d5680000,0x00000000d5680000,0x00000000d5700000)
 ParOldGen       total 1036800K, used 1036383K [0x0000000080000000, 0x00000000bf480000, 0x00000000d5580000)
  object space 1036800K, 99% used [0x0000000080000000,0x00000000bf417f28,0x00000000bf480000)
 Metaspace       used 72706K, committed 74240K, reserved 1179648K
  class space    used 7317K, committed 7936K, reserved 1048576K
}
Event: 907.324 GC heap before
{Heap before GC invocations=808 (full 3):
 PSYoungGen      total 1536K, used 1344K [0x00000000d5580000, 0x00000000d5800000, 0x0000000100000000)
  eden space 1024K, 100% used [0x00000000d5580000,0x00000000d5680000,0x00000000d5680000)
  from space 512K, 62% used [0x00000000d5700000,0x00000000d5750000,0x00000000d5780000)
  to   space 512K, 0% used [0x00000000d5680000,0x00000000d5680000,0x00000000d5700000)
 ParOldGen       total 1036800K, used 1036383K [0x0000000080000000, 0x00000000bf480000, 0x00000000d5580000)
  object space 1036800K, 99% used [0x0000000080000000,0x00000000bf417f28,0x00000000bf480000)
 Metaspace       used 72708K, committed 74240K, reserved 1179648K
  class space    used 7317K, committed 7936K, reserved 1048576K
}
Event: 907.326 GC heap after
{Heap after GC invocations=808 (full 3):
 PSYoungGen      total 1536K, used 404K [0x00000000d5580000, 0x00000000d5780000, 0x0000000100000000)
  eden space 1024K, 0% used [0x00000000d5580000,0x00000000d5580000,0x00000000d5680000)
  from space 512K, 79% used [0x00000000d5680000,0x00000000d56e5200,0x00000000d5700000)
  to   space 512K, 0% used [0x00000000d5700000,0x00000000d5700000,0x00000000d5780000)
 ParOldGen       total 1036800K, used 1036615K [0x0000000080000000, 0x00000000bf480000, 0x00000000d5580000)
  object space 1036800K, 99% used [0x0000000080000000,0x00000000bf451f28,0x00000000bf480000)
 Metaspace       used 72708K, committed 74240K, reserved 1179648K
  class space    used 7317K, committed 7936K, reserved 1048576K
}
Event: 907.338 GC heap before
{Heap before GC invocations=809 (full 3):
 PSYoungGen      total 1536K, used 1428K [0x00000000d5580000, 0x00000000d5780000, 0x0000000100000000)
  eden space 1024K, 100% used [0x00000000d5580000,0x00000000d5680000,0x00000000d5680000)
  from space 512K, 79% used [0x00000000d5680000,0x00000000d56e5200,0x00000000d5700000)
  to   space 512K, 0% used [0x00000000d5700000,0x00000000d5700000,0x00000000d5780000)
 ParOldGen       total 1036800K, used 1036615K [0x0000000080000000, 0x00000000bf480000, 0x00000000d5580000)
  object space 1036800K, 99% used [0x0000000080000000,0x00000000bf451f28,0x00000000bf480000)
 Metaspace       used 72708K, committed 74240K, reserved 1179648K
  class space    used 7317K, committed 7936K, reserved 1048576K
}
Event: 907.342 GC heap after
{Heap after GC invocations=809 (full 3):
 PSYoungGen      total 1536K, used 304K [0x00000000d5580000, 0x00000000d5780000, 0x0000000100000000)
  eden space 1024K, 0% used [0x00000000d5580000,0x00000000d5580000,0x00000000d5680000)
  from space 512K, 59% used [0x00000000d5700000,0x00000000d574c010,0x00000000d5780000)
  to   space 512K, 0% used [0x00000000d5680000,0x00000000d5680000,0x00000000d5700000)
 ParOldGen       total 1037312K, used 1036972K [0x0000000080000000, 0x00000000bf500000, 0x00000000d5580000)
  object space 1037312K, 99% used [0x0000000080000000,0x00000000bf4ab128,0x00000000bf500000)
 Metaspace       used 72708K, committed 74240K, reserved 1179648K
  class space    used 7317K, committed 7936K, reserved 1048576K
}
Event: 907.346 GC heap before
{Heap before GC invocations=810 (full 3):
 PSYoungGen      total 1536K, used 1328K [0x00000000d5580000, 0x00000000d5780000, 0x0000000100000000)
  eden space 1024K, 100% used [0x00000000d5580000,0x00000000d5680000,0x00000000d5680000)
  from space 512K, 59% used [0x00000000d5700000,0x00000000d574c010,0x00000000d5780000)
  to   space 512K, 0% used [0x00000000d5680000,0x00000000d5680000,0x00000000d5700000)
 ParOldGen       total 1037312K, used 1036972K [0x0000000080000000, 0x00000000bf500000, 0x00000000d5580000)
  object space 1037312K, 99% used [0x0000000080000000,0x00000000bf4ab128,0x00000000bf500000)
 Metaspace       used 72708K, committed 74240K, reserved 1179648K
  class space    used 7317K, committed 7936K, reserved 1048576K
}
Event: 907.348 GC heap after
{Heap after GC invocations=810 (full 3):
 PSYoungGen      total 1536K, used 128K [0x00000000d5580000, 0x00000000d5800000, 0x0000000100000000)
  eden space 1024K, 0% used [0x00000000d5580000,0x00000000d5580000,0x00000000d5680000)
  from space 512K, 25% used [0x00000000d5680000,0x00000000d56a0000,0x00000000d5700000)
  to   space 512K, 0% used [0x00000000d5780000,0x00000000d5780000,0x00000000d5800000)
 ParOldGen       total 1037312K, used 1037265K [0x0000000080000000, 0x00000000bf500000, 0x00000000d5580000)
  object space 1037312K, 99% used [0x0000000080000000,0x00000000bf4f4600,0x00000000bf500000)
 Metaspace       used 72708K, committed 74240K, reserved 1179648K
  class space    used 7317K, committed 7936K, reserved 1048576K
}
Event: 907.377 GC heap before
{Heap before GC invocations=811 (full 3):
 PSYoungGen      total 1536K, used 1152K [0x00000000d5580000, 0x00000000d5800000, 0x0000000100000000)
  eden space 1024K, 100% used [0x00000000d5580000,0x00000000d5680000,0x00000000d5680000)
  from space 512K, 25% used [0x00000000d5680000,0x00000000d56a0000,0x00000000d5700000)
  to   space 512K, 0% used [0x00000000d5780000,0x00000000d5780000,0x00000000d5800000)
 ParOldGen       total 1037312K, used 1037265K [0x0000000080000000, 0x00000000bf500000, 0x00000000d5580000)
  object space 1037312K, 99% used [0x0000000080000000,0x00000000bf4f4600,0x00000000bf500000)
 Metaspace       used 72711K, committed 74240K, reserved 1179648K
  class space    used 7317K, committed 7936K, reserved 1048576K
}
Event: 907.380 GC heap after
{Heap after GC invocations=811 (full 3):
 PSYoungGen      total 2048K, used 416K [0x00000000d5580000, 0x00000000d5800000, 0x0000000100000000)
  eden space 1536K, 0% used [0x00000000d5580000,0x00000000d5580000,0x00000000d5700000)
  from space 512K, 81% used [0x00000000d5780000,0x00000000d57e8000,0x00000000d5800000)
  to   space 512K, 0% used [0x00000000d5700000,0x00000000d5700000,0x00000000d5780000)
 ParOldGen       total 1037824K, used 1037337K [0x0000000080000000, 0x00000000bf580000, 0x00000000d5580000)
  object space 1037824K, 99% used [0x0000000080000000,0x00000000bf506600,0x00000000bf580000)
 Metaspace       used 72711K, committed 74240K, reserved 1179648K
  class space    used 7317K, committed 7936K, reserved 1048576K
}
Event: 1039.138 GC heap before
{Heap before GC invocations=812 (full 3):
 PSYoungGen      total 2048K, used 1951K [0x00000000d5580000, 0x00000000d5800000, 0x0000000100000000)
  eden space 1536K, 99% used [0x00000000d5580000,0x00000000d56ffff8,0x00000000d5700000)
  from space 512K, 81% used [0x00000000d5780000,0x00000000d57e8000,0x00000000d5800000)
  to   space 512K, 0% used [0x00000000d5700000,0x00000000d5700000,0x00000000d5780000)
 ParOldGen       total 1037824K, used 1037337K [0x0000000080000000, 0x00000000bf580000, 0x00000000d5580000)
  object space 1037824K, 99% used [0x0000000080000000,0x00000000bf506600,0x00000000bf580000)
 Metaspace       used 72726K, committed 74240K, reserved 1179648K
  class space    used 7317K, committed 7936K, reserved 1048576K
}
Event: 1039.357 GC heap after
{Heap after GC invocations=812 (full 3):
 PSYoungGen      total 2048K, used 256K [0x00000000d5580000, 0x00000000d5800000, 0x0000000100000000)
  eden space 1536K, 0% used [0x00000000d5580000,0x00000000d5580000,0x00000000d5700000)
  from space 512K, 50% used [0x00000000d5700000,0x00000000d5740000,0x00000000d5780000)
  to   space 512K, 0% used [0x00000000d5780000,0x00000000d5780000,0x00000000d5800000)
 ParOldGen       total 1037824K, used 1037673K [0x0000000080000000, 0x00000000bf580000, 0x00000000d5580000)
  object space 1037824K, 99% used [0x0000000080000000,0x00000000bf55a600,0x00000000bf580000)
 Metaspace       used 72726K, committed 74240K, reserved 1179648K
  class space    used 7317K, committed 7936K, reserved 1048576K
}

