# JRE version: OpenJDK Runtime Environment Temurin-21.0.10+7 (21.0.10+7) (build 21.0.10+7-LTS)
# Java VM: OpenJDK 64-Bit Server VM Temurin-21.0.10+7 (21.0.10+7-LTS, mixed mode, sharing, tiered, compressed oops, compressed class ptrs, parallel gc, windows-amd64)
GC Precious Log:
 CardTable entry size: 512
 CPUs: 4 total, 4 available
 Memory: 3891M
 Large Page Support: Disabled
 NUMA Support: Disabled
 Compressed Oops: Enabled (32-bit)
 Alignments: Space 512K, Generation 512K, Heap 2M
 Heap Min Capacity: 100M
 Heap Initial Capacity: 100M
 Heap Max Capacity: 2G
 Pre-touch: Disabled
 Parallel Workers: 4
Heap:
 PSYoungGen      total 11264K, used 9256K [0x00000000d5580000, 0x00000000d6580000, 0x0000000100000000)
  eden space 10240K, 84% used [0x00000000d5580000,0x00000000d5df8bf0,0x00000000d5f80000)
  from space 1024K, 56% used [0x00000000d6480000,0x00000000d6511420,0x00000000d6580000)
  to   space 1536K, 0% used [0x00000000d6280000,0x00000000d6280000,0x00000000d6400000)
 ParOldGen       total 138240K, used 137503K [0x0000000080000000, 0x0000000088700000, 0x00000000d5580000)
  object space 138240K, 99% used [0x0000000080000000,0x0000000088647d68,0x0000000088700000)
 Metaspace       used 69198K, committed 70656K, reserved 1114112K
  class space    used 7406K, committed 8064K, reserved 1048576K
GC Heap History (20 events):
Event: 173.276 GC heap before
{Heap before GC invocations=64 (full 3):
 PSYoungGen      total 18432K, used 18003K [0x00000000d5580000, 0x00000000d6980000, 0x0000000100000000)
  eden space 16896K, 99% used [0x00000000d5580000,0x00000000d65fcef0,0x00000000d6600000)
  from space 1536K, 72% used [0x00000000d6800000,0x00000000d6918000,0x00000000d6980000)
  to   space 1536K, 0% used [0x00000000d6600000,0x00000000d6600000,0x00000000d6780000)
 ParOldGen       total 68608K, used 65896K [0x0000000080000000, 0x0000000084300000, 0x00000000d5580000)
  object space 68608K, 96% used [0x0000000080000000,0x000000008405a1c0,0x0000000084300000)
 Metaspace       used 65722K, committed 67136K, reserved 1114112K
  class space    used 7037K, committed 7680K, reserved 1048576K
}
Event: 173.278 GC heap after
{Heap after GC invocations=64 (full 3):
 PSYoungGen      total 18432K, used 1091K [0x00000000d5580000, 0x00000000d6900000, 0x0000000100000000)
  eden space 16896K, 0% used [0x00000000d5580000,0x00000000d5580000,0x00000000d6600000)
  from space 1536K, 71% used [0x00000000d6600000,0x00000000d6710d90,0x00000000d6780000)
  to   space 1536K, 0% used [0x00000000d6780000,0x00000000d6780000,0x00000000d6900000)
 ParOldGen       total 68608K, used 66784K [0x0000000080000000, 0x0000000084300000, 0x00000000d5580000)
  object space 68608K, 97% used [0x0000000080000000,0x00000000841381c0,0x0000000084300000)
 Metaspace       used 65722K, committed 67136K, reserved 1114112K
  class space    used 7037K, committed 7680K, reserved 1048576K
}
Event: 362.012 GC heap before
{Heap before GC invocations=65 (full 3):
 PSYoungGen      total 18432K, used 17987K [0x00000000d5580000, 0x00000000d6900000, 0x0000000100000000)
  eden space 16896K, 99% used [0x00000000d5580000,0x00000000d65fffe8,0x00000000d6600000)
  from space 1536K, 71% used [0x00000000d6600000,0x00000000d6710d90,0x00000000d6780000)
  to   space 1536K, 0% used [0x00000000d6780000,0x00000000d6780000,0x00000000d6900000)
 ParOldGen       total 68608K, used 66784K [0x0000000080000000, 0x0000000084300000, 0x00000000d5580000)
  object space 68608K, 97% used [0x0000000080000000,0x00000000841381c0,0x0000000084300000)
 Metaspace       used 66182K, committed 67648K, reserved 1114112K
  class space    used 7084K, committed 7744K, reserved 1048576K
}
Event: 362.146 GC heap after
{Heap after GC invocations=65 (full 3):
 PSYoungGen      total 13824K, used 1532K [0x00000000d5580000, 0x00000000d7200000, 0x0000000100000000)
  eden space 12288K, 0% used [0x00000000d5580000,0x00000000d5580000,0x00000000d6180000)
  from space 1536K, 99% used [0x00000000d6780000,0x00000000d68ff048,0x00000000d6900000)
  to   space 6144K, 0% used [0x00000000d6180000,0x00000000d6180000,0x00000000d6780000)
 ParOldGen       total 70656K, used 70588K [0x0000000080000000, 0x0000000084500000, 0x00000000d5580000)
  object space 70656K, 99% used [0x0000000080000000,0x00000000844ef298,0x0000000084500000)
 Metaspace       used 66182K, committed 67648K, reserved 1114112K
  class space    used 7084K, committed 7744K, reserved 1048576K
}
Event: 365.161 GC heap before
{Heap before GC invocations=66 (full 3):
 PSYoungGen      total 13824K, used 13820K [0x00000000d5580000, 0x00000000d7200000, 0x0000000100000000)
  eden space 12288K, 100% used [0x00000000d5580000,0x00000000d6180000,0x00000000d6180000)
  from space 1536K, 99% used [0x00000000d6780000,0x00000000d68ff048,0x00000000d6900000)
  to   space 6144K, 0% used [0x00000000d6180000,0x00000000d6180000,0x00000000d6780000)
 ParOldGen       total 70656K, used 70588K [0x0000000080000000, 0x0000000084500000, 0x00000000d5580000)
  object space 70656K, 99% used [0x0000000080000000,0x00000000844ef298,0x0000000084500000)
 Metaspace       used 66648K, committed 68032K, reserved 1114112K
  class space    used 7128K, committed 7744K, reserved 1048576K
}
Event: 365.174 GC heap after
{Heap after GC invocations=66 (full 3):
 PSYoungGen      total 18432K, used 6123K [0x00000000d5580000, 0x00000000d7680000, 0x0000000100000000)
  eden space 12288K, 0% used [0x00000000d5580000,0x00000000d5580000,0x00000000d6180000)
  from space 6144K, 99% used [0x00000000d6180000,0x00000000d677af38,0x00000000d6780000)
  to   space 10752K, 0% used [0x00000000d6c00000,0x00000000d6c00000,0x00000000d7680000)
 ParOldGen       total 74240K, used 74106K [0x0000000080000000, 0x0000000084880000, 0x00000000d5580000)
  object space 74240K, 99% used [0x0000000080000000,0x000000008485ea50,0x0000000084880000)
 Metaspace       used 66648K, committed 68032K, reserved 1114112K
  class space    used 7128K, committed 7744K, reserved 1048576K
}
Event: 367.245 GC heap before
{Heap before GC invocations=67 (full 3):
 PSYoungGen      total 18432K, used 18411K [0x00000000d5580000, 0x00000000d7680000, 0x0000000100000000)
  eden space 12288K, 99% used [0x00000000d5580000,0x00000000d617fff8,0x00000000d6180000)
  from space 6144K, 99% used [0x00000000d6180000,0x00000000d677af38,0x00000000d6780000)
  to   space 10752K, 0% used [0x00000000d6c00000,0x00000000d6c00000,0x00000000d7680000)
 ParOldGen       total 74240K, used 74106K [0x0000000080000000, 0x0000000084880000, 0x00000000d5580000)
  object space 74240K, 99% used [0x0000000080000000,0x000000008485ea50,0x0000000084880000)
 Metaspace       used 67034K, committed 68480K, reserved 1114112K
  class space    used 7162K, committed 7808K, reserved 1048576K
}
Event: 367.263 GC heap after
{Heap after GC invocations=67 (full 3):
 PSYoungGen      total 19968K, used 7232K [0x00000000d5580000, 0x00000000d7380000, 0x0000000100000000)
  eden space 12288K, 0% used [0x00000000d5580000,0x00000000d5580000,0x00000000d6180000)
  from space 7680K, 94% used [0x00000000d6c00000,0x00000000d7310030,0x00000000d7380000)
  to   space 8192K, 0% used [0x00000000d6380000,0x00000000d6380000,0x00000000d6b80000)
 ParOldGen       total 80384K, used 80263K [0x0000000080000000, 0x0000000084e80000, 0x00000000d5580000)
  object space 80384K, 99% used [0x0000000080000000,0x0000000084e61df8,0x0000000084e80000)
 Metaspace       used 67034K, committed 68480K, reserved 1114112K
  class space    used 7162K, committed 7808K, reserved 1048576K
}
Event: 368.202 GC heap before
{Heap before GC invocations=68 (full 3):
 PSYoungGen      total 19968K, used 19520K [0x00000000d5580000, 0x00000000d7380000, 0x0000000100000000)
  eden space 12288K, 100% used [0x00000000d5580000,0x00000000d6180000,0x00000000d6180000)
  from space 7680K, 94% used [0x00000000d6c00000,0x00000000d7310030,0x00000000d7380000)
  to   space 8192K, 0% used [0x00000000d6380000,0x00000000d6380000,0x00000000d6b80000)
 ParOldGen       total 80384K, used 80263K [0x0000000080000000, 0x0000000084e80000, 0x00000000d5580000)
  object space 80384K, 99% used [0x0000000080000000,0x0000000084e61df8,0x0000000084e80000)
 Metaspace       used 67088K, committed 68480K, reserved 1114112K
  class space    used 7167K, committed 7808K, reserved 1048576K
}
Event: 368.216 GC heap after
{Heap after GC invocations=68 (full 3):
 PSYoungGen      total 15872K, used 3276K [0x00000000d5580000, 0x00000000d6c80000, 0x0000000100000000)
  eden space 12288K, 0% used [0x00000000d5580000,0x00000000d5580000,0x00000000d6180000)
  from space 3584K, 91% used [0x00000000d6380000,0x00000000d66b3210,0x00000000d6700000)
  to   space 5120K, 0% used [0x00000000d6780000,0x00000000d6780000,0x00000000d6c80000)
 ParOldGen       total 87552K, used 87487K [0x0000000080000000, 0x0000000085580000, 0x00000000d5580000)
  object space 87552K, 99% used [0x0000000080000000,0x000000008556fe48,0x0000000085580000)
 Metaspace       used 67088K, committed 68480K, reserved 1114112K
  class space    used 7167K, committed 7808K, reserved 1048576K
}
Event: 369.607 GC heap before
{Heap before GC invocations=69 (full 3):
 PSYoungGen      total 15872K, used 15518K [0x00000000d5580000, 0x00000000d6c80000, 0x0000000100000000)
  eden space 12288K, 99% used [0x00000000d5580000,0x00000000d6174628,0x00000000d6180000)
  from space 3584K, 91% used [0x00000000d6380000,0x00000000d66b3210,0x00000000d6700000)
  to   space 5120K, 0% used [0x00000000d6780000,0x00000000d6780000,0x00000000d6c80000)
 ParOldGen       total 87552K, used 87487K [0x0000000080000000, 0x0000000085580000, 0x00000000d5580000)
  object space 87552K, 99% used [0x0000000080000000,0x000000008556fe48,0x0000000085580000)
 Metaspace       used 67314K, committed 68736K, reserved 1114112K
  class space    used 7184K, committed 7808K, reserved 1048576K
}
Event: 369.623 GC heap after
{Heap after GC invocations=69 (full 3):
 PSYoungGen      total 15360K, used 5096K [0x00000000d5580000, 0x00000000d7180000, 0x0000000100000000)
  eden space 10240K, 0% used [0x00000000d5580000,0x00000000d5580000,0x00000000d5f80000)
  from space 5120K, 99% used [0x00000000d6780000,0x00000000d6c7a190,0x00000000d6c80000)
  to   space 8192K, 0% used [0x00000000d5f80000,0x00000000d5f80000,0x00000000d6780000)
 ParOldGen       total 90112K, used 89639K [0x0000000080000000, 0x0000000085800000, 0x00000000d5580000)
  object space 90112K, 99% used [0x0000000080000000,0x0000000085789e48,0x0000000085800000)
 Metaspace       used 67314K, committed 68736K, reserved 1114112K
  class space    used 7184K, committed 7808K, reserved 1048576K
}
Event: 370.667 GC heap before
{Heap before GC invocations=70 (full 3):
 PSYoungGen      total 15360K, used 15336K [0x00000000d5580000, 0x00000000d7180000, 0x0000000100000000)
  eden space 10240K, 100% used [0x00000000d5580000,0x00000000d5f80000,0x00000000d5f80000)
  from space 5120K, 99% used [0x00000000d6780000,0x00000000d6c7a190,0x00000000d6c80000)
  to   space 8192K, 0% used [0x00000000d5f80000,0x00000000d5f80000,0x00000000d6780000)
 ParOldGen       total 90112K, used 89639K [0x0000000080000000, 0x0000000085800000, 0x00000000d5580000)
  object space 90112K, 99% used [0x0000000080000000,0x0000000085789e48,0x0000000085800000)
 Metaspace       used 67833K, committed 69248K, reserved 1114112K
  class space    used 7241K, committed 7872K, reserved 1048576K
}
Event: 370.686 GC heap after
{Heap after GC invocations=70 (full 3):
 PSYoungGen      total 17920K, used 7327K [0x00000000d5580000, 0x00000000d6e80000, 0x0000000100000000)
  eden space 10240K, 0% used [0x00000000d5580000,0x00000000d5580000,0x00000000d5f80000)
  from space 7680K, 95% used [0x00000000d5f80000,0x00000000d66a7d40,0x00000000d6700000)
  to   space 7680K, 0% used [0x00000000d6700000,0x00000000d6700000,0x00000000d6e80000)
 ParOldGen       total 94720K, used 94571K [0x0000000080000000, 0x0000000085c80000, 0x00000000d5580000)
  object space 94720K, 99% used [0x0000000080000000,0x0000000085c5ade0,0x0000000085c80000)
 Metaspace       used 67833K, committed 69248K, reserved 1114112K
  class space    used 7241K, committed 7872K, reserved 1048576K
}
Event: 373.999 GC heap before
{Heap before GC invocations=71 (full 3):
 PSYoungGen      total 17920K, used 17567K [0x00000000d5580000, 0x00000000d6e80000, 0x0000000100000000)
  eden space 10240K, 100% used [0x00000000d5580000,0x00000000d5f80000,0x00000000d5f80000)
  from space 7680K, 95% used [0x00000000d5f80000,0x00000000d66a7d40,0x00000000d6700000)
  to   space 7680K, 0% used [0x00000000d6700000,0x00000000d6700000,0x00000000d6e80000)
 ParOldGen       total 94720K, used 94571K [0x0000000080000000, 0x0000000085c80000, 0x00000000d5580000)
  object space 94720K, 99% used [0x0000000080000000,0x0000000085c5ade0,0x0000000085c80000)
 Metaspace       used 68073K, committed 69568K, reserved 1114112K
  class space    used 7281K, committed 7936K, reserved 1048576K
}
Event: 374.025 GC heap after
{Heap after GC invocations=71 (full 3):
 PSYoungGen      total 14848K, used 4378K [0x00000000d5580000, 0x00000000d6b80000, 0x0000000100000000)
  eden space 10240K, 0% used [0x00000000d5580000,0x00000000d5580000,0x00000000d5f80000)
  from space 4608K, 95% used [0x00000000d6700000,0x00000000d6b46b30,0x00000000d6b80000)
  to   space 5632K, 0% used [0x00000000d6080000,0x00000000d6080000,0x00000000d6600000)
 ParOldGen       total 101888K, used 101882K [0x0000000080000000, 0x0000000086380000, 0x00000000d5580000)
  object space 101888K, 99% used [0x0000000080000000,0x000000008637eb20,0x0000000086380000)
 Metaspace       used 68073K, committed 69568K, reserved 1114112K
  class space    used 7281K, committed 7936K, reserved 1048576K
}
Event: 375.051 GC heap before
{Heap before GC invocations=72 (full 3):
 PSYoungGen      total 14848K, used 14618K [0x00000000d5580000, 0x00000000d6b80000, 0x0000000100000000)
  eden space 10240K, 100% used [0x00000000d5580000,0x00000000d5f80000,0x00000000d5f80000)
  from space 4608K, 95% used [0x00000000d6700000,0x00000000d6b46b30,0x00000000d6b80000)
  to   space 5632K, 0% used [0x00000000d6080000,0x00000000d6080000,0x00000000d6600000)
 ParOldGen       total 101888K, used 101882K [0x0000000080000000, 0x0000000086380000, 0x00000000d5580000)
  object space 101888K, 99% used [0x0000000080000000,0x000000008637eb20,0x0000000086380000)
 Metaspace       used 68389K, committed 69824K, reserved 1114112K
  class space    used 7322K, committed 7936K, reserved 1048576K
}
Event: 375.063 GC heap after
{Heap after GC invocations=72 (full 3):
 PSYoungGen      total 11776K, used 1440K [0x00000000d5580000, 0x00000000d6780000, 0x0000000100000000)
  eden space 10240K, 0% used [0x00000000d5580000,0x00000000d5580000,0x00000000d5f80000)
  from space 1536K, 93% used [0x00000000d6080000,0x00000000d61e8000,0x00000000d6200000)
  to   space 3072K, 0% used [0x00000000d6480000,0x00000000d6480000,0x00000000d6780000)
 ParOldGen       total 106496K, used 106022K [0x0000000080000000, 0x0000000086800000, 0x00000000d5580000)
  object space 106496K, 99% used [0x0000000080000000,0x0000000086789b20,0x0000000086800000)
 Metaspace       used 68389K, committed 69824K, reserved 1114112K
  class space    used 7322K, committed 7936K, reserved 1048576K
}
Event: 376.181 GC heap before
{Heap before GC invocations=73 (full 3):
 PSYoungGen      total 11776K, used 11680K [0x00000000d5580000, 0x00000000d6780000, 0x0000000100000000)
  eden space 10240K, 100% used [0x00000000d5580000,0x00000000d5f80000,0x00000000d5f80000)
  from space 1536K, 93% used [0x00000000d6080000,0x00000000d61e8000,0x00000000d6200000)
  to   space 3072K, 0% used [0x00000000d6480000,0x00000000d6480000,0x00000000d6780000)
 ParOldGen       total 138240K, used 136742K [0x0000000080000000, 0x0000000088700000, 0x00000000d5580000)
  object space 138240K, 98% used [0x0000000080000000,0x0000000088589b50,0x0000000088700000)
 Metaspace       used 69035K, committed 70528K, reserved 1114112K
  class space    used 7394K, committed 8064K, reserved 1048576K
}
Event: 376.196 GC heap after
{Heap after GC invocations=73 (full 3):
 PSYoungGen      total 11264K, used 581K [0x00000000d5580000, 0x00000000d6580000, 0x0000000100000000)
  eden space 10240K, 0% used [0x00000000d5580000,0x00000000d5580000,0x00000000d5f80000)
  from space 1024K, 56% used [0x00000000d6480000,0x00000000d6511420,0x00000000d6580000)
  to   space 1536K, 0% used [0x00000000d6280000,0x00000000d6280000,0x00000000d6400000)
 ParOldGen       total 138240K, used 137503K [0x0000000080000000, 0x0000000088700000, 0x00000000d5580000)
  object space 138240K, 99% used [0x0000000080000000,0x0000000088647d68,0x0000000088700000)
 Metaspace       used 69035K, committed 70528K, reserved 1114112K
  class space    used 7394K, committed 8064K, reserved 1048576K
}

