# JRE version: OpenJDK Runtime Environment Temurin-21.0.10+7 (21.0.10+7) (build 21.0.10+7-LTS)
# Java VM: OpenJDK 64-Bit Server VM Temurin-21.0.10+7 (21.0.10+7-LTS, mixed mode, sharing, tiered, compressed oops, compressed class ptrs, parallel gc, windows-amd64)
GC Precious Log:
 CardTable entry size: 512
 CPUs: 4 total, 4 available
 Memory: 3891M
 Large Page Support: Disabled
 NUMA Support: Disabled
 Compressed Oops: Enabled (32-bit)
 Alignments: Space 512K, Generation 512K, Heap 2M
 Heap Min Capacity: 100M
 Heap Initial Capacity: 100M
 Heap Max Capacity: 2G
 Pre-touch: Disabled
 Parallel Workers: 4
Heap:
 PSYoungGen      total 19456K, used 12153K [0x00000000d5580000, 0x00000000d6a00000, 0x0000000100000000)
  eden space 17408K, 65% used [0x00000000d5580000,0x00000000d60ab5d8,0x00000000d6680000)
  from space 2048K, 34% used [0x00000000d6700000,0x00000000d67b2e58,0x00000000d6900000)
  to   space 1024K, 0% used [0x00000000d6900000,0x00000000d6900000,0x00000000d6a00000)
 ParOldGen       total 68608K, used 49999K [0x0000000080000000, 0x0000000084300000, 0x00000000d5580000)
  object space 68608K, 72% used [0x0000000080000000,0x00000000830d3d30,0x0000000084300000)
 Metaspace       used 51226K, committed 52544K, reserved 1114112K
  class space    used 5631K, committed 6208K, reserved 1048576K
GC Heap History (20 events):
Event: 30.413 GC heap before
{Heap before GC invocations=22 (full 2):
 PSYoungGen      total 17920K, used 17915K [0x00000000d5580000, 0x00000000d7200000, 0x0000000100000000)
  eden space 17408K, 100% used [0x00000000d5580000,0x00000000d6680000,0x00000000d6680000)
  from space 512K, 99% used [0x00000000d6680000,0x00000000d66fee98,0x00000000d6700000)
  to   space 4096K, 0% used [0x00000000d6e00000,0x00000000d6e00000,0x00000000d7200000)
 ParOldGen       total 68608K, used 35720K [0x0000000080000000, 0x0000000084300000, 0x00000000d5580000)
  object space 68608K, 52% used [0x0000000080000000,0x00000000822e2198,0x0000000084300000)
 Metaspace       used 48482K, committed 49792K, reserved 1114112K
  class space    used 5260K, committed 5824K, reserved 1048576K
}
Event: 30.416 GC heap after
{Heap after GC invocations=22 (full 2):
 PSYoungGen      total 18944K, used 1464K [0x00000000d5580000, 0x00000000d6f80000, 0x0000000100000000)
  eden space 17408K, 0% used [0x00000000d5580000,0x00000000d5580000,0x00000000d6680000)
  from space 1536K, 95% used [0x00000000d6e00000,0x00000000d6f6e1c8,0x00000000d6f80000)
  to   space 2048K, 0% used [0x00000000d6b80000,0x00000000d6b80000,0x00000000d6d80000)
 ParOldGen       total 68608K, used 36049K [0x0000000080000000, 0x0000000084300000, 0x00000000d5580000)
  object space 68608K, 52% used [0x0000000080000000,0x0000000082334770,0x0000000084300000)
 Metaspace       used 48482K, committed 49792K, reserved 1114112K
  class space    used 5260K, committed 5824K, reserved 1048576K
}
Event: 30.628 GC heap before
{Heap before GC invocations=23 (full 2):
 PSYoungGen      total 18944K, used 18872K [0x00000000d5580000, 0x00000000d6f80000, 0x0000000100000000)
  eden space 17408K, 100% used [0x00000000d5580000,0x00000000d6680000,0x00000000d6680000)
  from space 1536K, 95% used [0x00000000d6e00000,0x00000000d6f6e1c8,0x00000000d6f80000)
  to   space 2048K, 0% used [0x00000000d6b80000,0x00000000d6b80000,0x00000000d6d80000)
 ParOldGen       total 68608K, used 36049K [0x0000000080000000, 0x0000000084300000, 0x00000000d5580000)
  object space 68608K, 52% used [0x0000000080000000,0x0000000082334770,0x0000000084300000)
 Metaspace       used 48571K, committed 49856K, reserved 1114112K
  class space    used 5270K, committed 5824K, reserved 1048576K
}
Event: 30.631 GC heap after
{Heap after GC invocations=23 (full 2):
 PSYoungGen      total 19456K, used 1600K [0x00000000d5580000, 0x00000000d6e80000, 0x0000000100000000)
  eden space 17408K, 0% used [0x00000000d5580000,0x00000000d5580000,0x00000000d6680000)
  from space 2048K, 78% used [0x00000000d6b80000,0x00000000d6d10010,0x00000000d6d80000)
  to   space 1024K, 0% used [0x00000000d6d80000,0x00000000d6d80000,0x00000000d6e80000)
 ParOldGen       total 68608K, used 37412K [0x0000000080000000, 0x0000000084300000, 0x00000000d5580000)
  object space 68608K, 54% used [0x0000000080000000,0x00000000824893d8,0x0000000084300000)
 Metaspace       used 48571K, committed 49856K, reserved 1114112K
  class space    used 5270K, committed 5824K, reserved 1048576K
}
Event: 30.866 GC heap before
{Heap before GC invocations=24 (full 2):
 PSYoungGen      total 19456K, used 19008K [0x00000000d5580000, 0x00000000d6e80000, 0x0000000100000000)
  eden space 17408K, 100% used [0x00000000d5580000,0x00000000d6680000,0x00000000d6680000)
  from space 2048K, 78% used [0x00000000d6b80000,0x00000000d6d10010,0x00000000d6d80000)
  to   space 1024K, 0% used [0x00000000d6d80000,0x00000000d6d80000,0x00000000d6e80000)
 ParOldGen       total 68608K, used 37412K [0x0000000080000000, 0x0000000084300000, 0x00000000d5580000)
  object space 68608K, 54% used [0x0000000080000000,0x00000000824893d8,0x0000000084300000)
 Metaspace       used 48804K, committed 50112K, reserved 1114112K
  class space    used 5303K, committed 5888K, reserved 1048576K
}
Event: 30.871 GC heap after
{Heap after GC invocations=24 (full 2):
 PSYoungGen      total 18432K, used 994K [0x00000000d5580000, 0x00000000d6e80000, 0x0000000100000000)
  eden space 17408K, 0% used [0x00000000d5580000,0x00000000d5580000,0x00000000d6680000)
  from space 1024K, 97% used [0x00000000d6d80000,0x00000000d6e78810,0x00000000d6e80000)
  to   space 4096K, 0% used [0x00000000d6680000,0x00000000d6680000,0x00000000d6a80000)
 ParOldGen       total 68608K, used 39796K [0x0000000080000000, 0x0000000084300000, 0x00000000d5580000)
  object space 68608K, 58% used [0x0000000080000000,0x00000000826dd3e8,0x0000000084300000)
 Metaspace       used 48804K, committed 50112K, reserved 1114112K
  class space    used 5303K, committed 5888K, reserved 1048576K
}
Event: 31.032 GC heap before
{Heap before GC invocations=25 (full 2):
 PSYoungGen      total 18432K, used 18402K [0x00000000d5580000, 0x00000000d6e80000, 0x0000000100000000)
  eden space 17408K, 100% used [0x00000000d5580000,0x00000000d6680000,0x00000000d6680000)
  from space 1024K, 97% used [0x00000000d6d80000,0x00000000d6e78810,0x00000000d6e80000)
  to   space 4096K, 0% used [0x00000000d6680000,0x00000000d6680000,0x00000000d6a80000)
 ParOldGen       total 68608K, used 39796K [0x0000000080000000, 0x0000000084300000, 0x00000000d5580000)
  object space 68608K, 58% used [0x0000000080000000,0x00000000826dd3e8,0x0000000084300000)
 Metaspace       used 48935K, committed 50240K, reserved 1114112K
  class space    used 5327K, committed 5888K, reserved 1048576K
}
Event: 31.036 GC heap after
{Heap after GC invocations=25 (full 2):
 PSYoungGen      total 21504K, used 1600K [0x00000000d5580000, 0x00000000d6e00000, 0x0000000100000000)
  eden space 17408K, 0% used [0x00000000d5580000,0x00000000d5580000,0x00000000d6680000)
  from space 4096K, 39% used [0x00000000d6680000,0x00000000d6810010,0x00000000d6a80000)
  to   space 2560K, 0% used [0x00000000d6b80000,0x00000000d6b80000,0x00000000d6e00000)
 ParOldGen       total 68608K, used 40798K [0x0000000080000000, 0x0000000084300000, 0x00000000d5580000)
  object space 68608K, 59% used [0x0000000080000000,0x00000000827d7bf8,0x0000000084300000)
 Metaspace       used 48935K, committed 50240K, reserved 1114112K
  class space    used 5327K, committed 5888K, reserved 1048576K
}
Event: 31.135 GC heap before
{Heap before GC invocations=26 (full 2):
 PSYoungGen      total 21504K, used 19008K [0x00000000d5580000, 0x00000000d6e00000, 0x0000000100000000)
  eden space 17408K, 100% used [0x00000000d5580000,0x00000000d6680000,0x00000000d6680000)
  from space 4096K, 39% used [0x00000000d6680000,0x00000000d6810010,0x00000000d6a80000)
  to   space 2560K, 0% used [0x00000000d6b80000,0x00000000d6b80000,0x00000000d6e00000)
 ParOldGen       total 68608K, used 40798K [0x0000000080000000, 0x0000000084300000, 0x00000000d5580000)
  object space 68608K, 59% used [0x0000000080000000,0x00000000827d7bf8,0x0000000084300000)
 Metaspace       used 48955K, committed 50304K, reserved 1114112K
  class space    used 5327K, committed 5888K, reserved 1048576K
}
Event: 31.140 GC heap after
{Heap after GC invocations=26 (full 2):
 PSYoungGen      total 19456K, used 1696K [0x00000000d5580000, 0x00000000d6d80000, 0x0000000100000000)
  eden space 17408K, 0% used [0x00000000d5580000,0x00000000d5580000,0x00000000d6680000)
  from space 2048K, 82% used [0x00000000d6b80000,0x00000000d6d28000,0x00000000d6d80000)
  to   space 2048K, 0% used [0x00000000d6980000,0x00000000d6980000,0x00000000d6b80000)
 ParOldGen       total 68608K, used 42323K [0x0000000080000000, 0x0000000084300000, 0x00000000d5580000)
  object space 68608K, 61% used [0x0000000080000000,0x0000000082954d18,0x0000000084300000)
 Metaspace       used 48955K, committed 50304K, reserved 1114112K
  class space    used 5327K, committed 5888K, reserved 1048576K
}
Event: 31.216 GC heap before
{Heap before GC invocations=27 (full 2):
 PSYoungGen      total 19456K, used 19104K [0x00000000d5580000, 0x00000000d6d80000, 0x0000000100000000)
  eden space 17408K, 100% used [0x00000000d5580000,0x00000000d6680000,0x00000000d6680000)
  from space 2048K, 82% used [0x00000000d6b80000,0x00000000d6d28000,0x00000000d6d80000)
  to   space 2048K, 0% used [0x00000000d6980000,0x00000000d6980000,0x00000000d6b80000)
 ParOldGen       total 68608K, used 42323K [0x0000000080000000, 0x0000000084300000, 0x00000000d5580000)
  object space 68608K, 61% used [0x0000000080000000,0x0000000082954d18,0x0000000084300000)
 Metaspace       used 48960K, committed 50304K, reserved 1114112K
  class space    used 5327K, committed 5888K, reserved 1048576K
}
Event: 31.220 GC heap after
{Heap after GC invocations=27 (full 2):
 PSYoungGen      total 19456K, used 1668K [0x00000000d5580000, 0x00000000d6c00000, 0x0000000100000000)
  eden space 17408K, 0% used [0x00000000d5580000,0x00000000d5580000,0x00000000d6680000)
  from space 2048K, 81% used [0x00000000d6980000,0x00000000d6b21000,0x00000000d6b80000)
  to   space 512K, 0% used [0x00000000d6b80000,0x00000000d6b80000,0x00000000d6c00000)
 ParOldGen       total 68608K, used 43937K [0x0000000080000000, 0x0000000084300000, 0x00000000d5580000)
  object space 68608K, 64% used [0x0000000080000000,0x0000000082ae86c8,0x0000000084300000)
 Metaspace       used 48960K, committed 50304K, reserved 1114112K
  class space    used 5327K, committed 5888K, reserved 1048576K
}
Event: 31.302 GC heap before
{Heap before GC invocations=28 (full 2):
 PSYoungGen      total 19456K, used 19076K [0x00000000d5580000, 0x00000000d6c00000, 0x0000000100000000)
  eden space 17408K, 100% used [0x00000000d5580000,0x00000000d6680000,0x00000000d6680000)
  from space 2048K, 81% used [0x00000000d6980000,0x00000000d6b21000,0x00000000d6b80000)
  to   space 512K, 0% used [0x00000000d6b80000,0x00000000d6b80000,0x00000000d6c00000)
 ParOldGen       total 68608K, used 43937K [0x0000000080000000, 0x0000000084300000, 0x00000000d5580000)
  object space 68608K, 64% used [0x0000000080000000,0x0000000082ae86c8,0x0000000084300000)
 Metaspace       used 48962K, committed 50304K, reserved 1114112K
  class space    used 5327K, committed 5888K, reserved 1048576K
}
Event: 31.307 GC heap after
{Heap after GC invocations=28 (full 2):
 PSYoungGen      total 17920K, used 512K [0x00000000d5580000, 0x00000000d6d80000, 0x0000000100000000)
  eden space 17408K, 0% used [0x00000000d5580000,0x00000000d5580000,0x00000000d6680000)
  from space 512K, 100% used [0x00000000d6b80000,0x00000000d6c00000,0x00000000d6c00000)
  to   space 3584K, 0% used [0x00000000d6680000,0x00000000d6680000,0x00000000d6a00000)
 ParOldGen       total 68608K, used 46705K [0x0000000080000000, 0x0000000084300000, 0x00000000d5580000)
  object space 68608K, 68% used [0x0000000080000000,0x0000000082d9c7d8,0x0000000084300000)
 Metaspace       used 48962K, committed 50304K, reserved 1114112K
  class space    used 5327K, committed 5888K, reserved 1048576K
}
Event: 31.736 GC heap before
{Heap before GC invocations=29 (full 2):
 PSYoungGen      total 17920K, used 17920K [0x00000000d5580000, 0x00000000d6d80000, 0x0000000100000000)
  eden space 17408K, 100% used [0x00000000d5580000,0x00000000d6680000,0x00000000d6680000)
  from space 512K, 100% used [0x00000000d6b80000,0x00000000d6c00000,0x00000000d6c00000)
  to   space 3584K, 0% used [0x00000000d6680000,0x00000000d6680000,0x00000000d6a00000)
 ParOldGen       total 68608K, used 46705K [0x0000000080000000, 0x0000000084300000, 0x00000000d5580000)
  object space 68608K, 68% used [0x0000000080000000,0x0000000082d9c7d8,0x0000000084300000)
 Metaspace       used 48984K, committed 50368K, reserved 1114112K
  class space    used 5328K, committed 5952K, reserved 1048576K
}
Event: 31.748 GC heap after
{Heap after GC invocations=29 (full 2):
 PSYoungGen      total 18944K, used 1408K [0x00000000d5580000, 0x00000000d6c00000, 0x0000000100000000)
  eden space 17408K, 0% used [0x00000000d5580000,0x00000000d5580000,0x00000000d6680000)
  from space 1536K, 91% used [0x00000000d6680000,0x00000000d67e0000,0x00000000d6800000)
  to   space 2560K, 0% used [0x00000000d6980000,0x00000000d6980000,0x00000000d6c00000)
 ParOldGen       total 68608K, used 47233K [0x0000000080000000, 0x0000000084300000, 0x00000000d5580000)
  object space 68608K, 68% used [0x0000000080000000,0x0000000082e207d8,0x0000000084300000)
 Metaspace       used 48984K, committed 50368K, reserved 1114112K
  class space    used 5328K, committed 5952K, reserved 1048576K
}
Event: 32.062 GC heap before
{Heap before GC invocations=30 (full 2):
 PSYoungGen      total 18944K, used 18816K [0x00000000d5580000, 0x00000000d6c00000, 0x0000000100000000)
  eden space 17408K, 100% used [0x00000000d5580000,0x00000000d6680000,0x00000000d6680000)
  from space 1536K, 91% used [0x00000000d6680000,0x00000000d67e0000,0x00000000d6800000)
  to   space 2560K, 0% used [0x00000000d6980000,0x00000000d6980000,0x00000000d6c00000)
 ParOldGen       total 68608K, used 47233K [0x0000000080000000, 0x0000000084300000, 0x00000000d5580000)
  object space 68608K, 68% used [0x0000000080000000,0x0000000082e207d8,0x0000000084300000)
 Metaspace       used 49013K, committed 50432K, reserved 1114112K
  class space    used 5329K, committed 5952K, reserved 1048576K
}
Event: 32.068 GC heap after
{Heap after GC invocations=30 (full 2):
 PSYoungGen      total 18944K, used 1440K [0x00000000d5580000, 0x00000000d6b00000, 0x0000000100000000)
  eden space 17408K, 0% used [0x00000000d5580000,0x00000000d5580000,0x00000000d6680000)
  from space 1536K, 93% used [0x00000000d6980000,0x00000000d6ae8000,0x00000000d6b00000)
  to   space 2048K, 0% used [0x00000000d6700000,0x00000000d6700000,0x00000000d6900000)
 ParOldGen       total 68608K, used 48617K [0x0000000080000000, 0x0000000084300000, 0x00000000d5580000)
  object space 68608K, 70% used [0x0000000080000000,0x0000000082f7a7d8,0x0000000084300000)
 Metaspace       used 49013K, committed 50432K, reserved 1114112K
  class space    used 5329K, committed 5952K, reserved 1048576K
}
Event: 33.325 GC heap before
{Heap before GC invocations=31 (full 2):
 PSYoungGen      total 18944K, used 18848K [0x00000000d5580000, 0x00000000d6b00000, 0x0000000100000000)
  eden space 17408K, 100% used [0x00000000d5580000,0x00000000d6680000,0x00000000d6680000)
  from space 1536K, 93% used [0x00000000d6980000,0x00000000d6ae8000,0x00000000d6b00000)
  to   space 2048K, 0% used [0x00000000d6700000,0x00000000d6700000,0x00000000d6900000)
 ParOldGen       total 68608K, used 48617K [0x0000000080000000, 0x0000000084300000, 0x00000000d5580000)
  object space 68608K, 70% used [0x0000000080000000,0x0000000082f7a7d8,0x0000000084300000)
 Metaspace       used 50846K, committed 52160K, reserved 1114112K
  class space    used 5571K, committed 6144K, reserved 1048576K
}
Event: 33.330 GC heap after
{Heap after GC invocations=31 (full 2):
 PSYoungGen      total 19456K, used 715K [0x00000000d5580000, 0x00000000d6a00000, 0x0000000100000000)
  eden space 17408K, 0% used [0x00000000d5580000,0x00000000d5580000,0x00000000d6680000)
  from space 2048K, 34% used [0x00000000d6700000,0x00000000d67b2e58,0x00000000d6900000)
  to   space 1024K, 0% used [0x00000000d6900000,0x00000000d6900000,0x00000000d6a00000)
 ParOldGen       total 68608K, used 49999K [0x0000000080000000, 0x0000000084300000, 0x00000000d5580000)
  object space 68608K, 72% used [0x0000000080000000,0x00000000830d3d30,0x0000000084300000)
 Metaspace       used 50846K, committed 52160K, reserved 1114112K
  class space    used 5571K, committed 6144K, reserved 1048576K
}

