# JRE version: OpenJDK Runtime Environment Temurin-21.0.10+7 (21.0.10+7) (build 21.0.10+7-LTS)
# Java VM: OpenJDK 64-Bit Server VM Temurin-21.0.10+7 (21.0.10+7-LTS, mixed mode, sharing, tiered, compressed oops, compressed class ptrs, parallel gc, windows-amd64)
GC Precious Log:
 CardTable entry size: 512
 CPUs: 4 total, 4 available
 Memory: 3891M
 Large Page Support: Disabled
 NUMA Support: Disabled
 Compressed Oops: Enabled (32-bit)
 Alignments: Space 512K, Generation 512K, Heap 2M
 Heap Min Capacity: 100M
 Heap Initial Capacity: 100M
 Heap Max Capacity: 2G
 Pre-touch: Disabled
 Parallel Workers: 4
Heap:
 PSYoungGen      total 11264K, used 2751K [0x00000000d5580000, 0x00000000d6280000, 0x0000000100000000)
  eden space 10240K, 16% used [0x00000000d5580000,0x00000000d5730790,0x00000000d5f80000)
  from space 1024K, 99% used [0x00000000d5f80000,0x00000000d607f680,0x00000000d6080000)
  to   space 1536K, 0% used [0x00000000d6100000,0x00000000d6100000,0x00000000d6280000)
 ParOldGen       total 79872K, used 79657K [0x0000000080000000, 0x0000000084e00000, 0x00000000d5580000)
  object space 79872K, 99% used [0x0000000080000000,0x0000000084dca5c8,0x0000000084e00000)
 Metaspace       used 63390K, committed 64896K, reserved 1114112K
  class space    used 6663K, committed 7296K, reserved 1048576K
GC Heap History (20 events):
Event: 103.408 GC heap before
{Heap before GC invocations=129 (full 3):
 PSYoungGen      total 10752K, used 10531K [0x00000000d5580000, 0x00000000d6100000, 0x0000000100000000)
  eden space 10240K, 99% used [0x00000000d5580000,0x00000000d5f7f980,0x00000000d5f80000)
  from space 512K, 57% used [0x00000000d6000000,0x00000000d60493c8,0x00000000d6080000)
  to   space 512K, 0% used [0x00000000d6080000,0x00000000d6080000,0x00000000d6100000)
 ParOldGen       total 76288K, used 76097K [0x0000000080000000, 0x0000000084a80000, 0x00000000d5580000)
  object space 76288K, 99% used [0x0000000080000000,0x0000000084a50498,0x0000000084a80000)
 Metaspace       used 59889K, committed 61376K, reserved 1114112K
  class space    used 6314K, committed 6912K, reserved 1048576K
}
Event: 103.409 GC heap after
{Heap after GC invocations=129 (full 3):
 PSYoungGen      total 10752K, used 308K [0x00000000d5580000, 0x00000000d6100000, 0x0000000100000000)
  eden space 10240K, 0% used [0x00000000d5580000,0x00000000d5580000,0x00000000d5f80000)
  from space 512K, 60% used [0x00000000d6080000,0x00000000d60cd320,0x00000000d6100000)
  to   space 512K, 0% used [0x00000000d6000000,0x00000000d6000000,0x00000000d6080000)
 ParOldGen       total 76800K, used 76340K [0x0000000080000000, 0x0000000084b00000, 0x00000000d5580000)
  object space 76800K, 99% used [0x0000000080000000,0x0000000084a8d258,0x0000000084b00000)
 Metaspace       used 59889K, committed 61376K, reserved 1114112K
  class space    used 6314K, committed 6912K, reserved 1048576K
}
Event: 103.456 GC heap before
{Heap before GC invocations=130 (full 3):
 PSYoungGen      total 10752K, used 10548K [0x00000000d5580000, 0x00000000d6100000, 0x0000000100000000)
  eden space 10240K, 100% used [0x00000000d5580000,0x00000000d5f80000,0x00000000d5f80000)
  from space 512K, 60% used [0x00000000d6080000,0x00000000d60cd320,0x00000000d6100000)
  to   space 512K, 0% used [0x00000000d6000000,0x00000000d6000000,0x00000000d6080000)
 ParOldGen       total 76800K, used 76340K [0x0000000080000000, 0x0000000084b00000, 0x00000000d5580000)
  object space 76800K, 99% used [0x0000000080000000,0x0000000084a8d258,0x0000000084b00000)
 Metaspace       used 59889K, committed 61376K, reserved 1114112K
  class space    used 6314K, committed 6912K, reserved 1048576K
}
Event: 103.458 GC heap after
{Heap after GC invocations=130 (full 3):
 PSYoungGen      total 10752K, used 288K [0x00000000d5580000, 0x00000000d6100000, 0x0000000100000000)
  eden space 10240K, 0% used [0x00000000d5580000,0x00000000d5580000,0x00000000d5f80000)
  from space 512K, 56% used [0x00000000d6000000,0x00000000d6048230,0x00000000d6080000)
  to   space 512K, 0% used [0x00000000d6080000,0x00000000d6080000,0x00000000d6100000)
 ParOldGen       total 76800K, used 76467K [0x0000000080000000, 0x0000000084b00000, 0x00000000d5580000)
  object space 76800K, 99% used [0x0000000080000000,0x0000000084aacd00,0x0000000084b00000)
 Metaspace       used 59889K, committed 61376K, reserved 1114112K
  class space    used 6314K, committed 6912K, reserved 1048576K
}
Event: 105.199 GC heap before
{Heap before GC invocations=131 (full 3):
 PSYoungGen      total 10752K, used 10528K [0x00000000d5580000, 0x00000000d6100000, 0x0000000100000000)
  eden space 10240K, 100% used [0x00000000d5580000,0x00000000d5f80000,0x00000000d5f80000)
  from space 512K, 56% used [0x00000000d6000000,0x00000000d6048230,0x00000000d6080000)
  to   space 512K, 0% used [0x00000000d6080000,0x00000000d6080000,0x00000000d6100000)
 ParOldGen       total 76800K, used 76467K [0x0000000080000000, 0x0000000084b00000, 0x00000000d5580000)
  object space 76800K, 99% used [0x0000000080000000,0x0000000084aacd00,0x0000000084b00000)
 Metaspace       used 59889K, committed 61376K, reserved 1114112K
  class space    used 6314K, committed 6912K, reserved 1048576K
}
Event: 105.200 GC heap after
{Heap after GC invocations=131 (full 3):
 PSYoungGen      total 10752K, used 192K [0x00000000d5580000, 0x00000000d6100000, 0x0000000100000000)
  eden space 10240K, 0% used [0x00000000d5580000,0x00000000d5580000,0x00000000d5f80000)
  from space 512K, 37% used [0x00000000d6080000,0x00000000d60b0000,0x00000000d6100000)
  to   space 512K, 0% used [0x00000000d6000000,0x00000000d6000000,0x00000000d6080000)
 ParOldGen       total 76800K, used 76688K [0x0000000080000000, 0x0000000084b00000, 0x00000000d5580000)
  object space 76800K, 99% used [0x0000000080000000,0x0000000084ae4060,0x0000000084b00000)
 Metaspace       used 59889K, committed 61376K, reserved 1114112K
  class space    used 6314K, committed 6912K, reserved 1048576K
}
Event: 105.205 GC heap before
{Heap before GC invocations=132 (full 3):
 PSYoungGen      total 10752K, used 10432K [0x00000000d5580000, 0x00000000d6100000, 0x0000000100000000)
  eden space 10240K, 100% used [0x00000000d5580000,0x00000000d5f80000,0x00000000d5f80000)
  from space 512K, 37% used [0x00000000d6080000,0x00000000d60b0000,0x00000000d6100000)
  to   space 512K, 0% used [0x00000000d6000000,0x00000000d6000000,0x00000000d6080000)
 ParOldGen       total 76800K, used 76688K [0x0000000080000000, 0x0000000084b00000, 0x00000000d5580000)
  object space 76800K, 99% used [0x0000000080000000,0x0000000084ae4060,0x0000000084b00000)
 Metaspace       used 59889K, committed 61376K, reserved 1114112K
  class space    used 6314K, committed 6912K, reserved 1048576K
}
Event: 105.206 GC heap after
{Heap after GC invocations=132 (full 3):
 PSYoungGen      total 10752K, used 256K [0x00000000d5580000, 0x00000000d6100000, 0x0000000100000000)
  eden space 10240K, 0% used [0x00000000d5580000,0x00000000d5580000,0x00000000d5f80000)
  from space 512K, 50% used [0x00000000d6000000,0x00000000d6040000,0x00000000d6080000)
  to   space 512K, 0% used [0x00000000d6080000,0x00000000d6080000,0x00000000d6100000)
 ParOldGen       total 77312K, used 76869K [0x0000000080000000, 0x0000000084b80000, 0x00000000d5580000)
  object space 77312K, 99% used [0x0000000080000000,0x0000000084b11628,0x0000000084b80000)
 Metaspace       used 59889K, committed 61376K, reserved 1114112K
  class space    used 6314K, committed 6912K, reserved 1048576K
}
Event: 105.235 GC heap before
{Heap before GC invocations=133 (full 3):
 PSYoungGen      total 10752K, used 10496K [0x00000000d5580000, 0x00000000d6100000, 0x0000000100000000)
  eden space 10240K, 100% used [0x00000000d5580000,0x00000000d5f80000,0x00000000d5f80000)
  from space 512K, 50% used [0x00000000d6000000,0x00000000d6040000,0x00000000d6080000)
  to   space 512K, 0% used [0x00000000d6080000,0x00000000d6080000,0x00000000d6100000)
 ParOldGen       total 77312K, used 76869K [0x0000000080000000, 0x0000000084b80000, 0x00000000d5580000)
  object space 77312K, 99% used [0x0000000080000000,0x0000000084b11628,0x0000000084b80000)
 Metaspace       used 59889K, committed 61376K, reserved 1114112K
  class space    used 6314K, committed 6912K, reserved 1048576K
}
Event: 105.236 GC heap after
{Heap after GC invocations=133 (full 3):
 PSYoungGen      total 10752K, used 427K [0x00000000d5580000, 0x00000000d6100000, 0x0000000100000000)
  eden space 10240K, 0% used [0x00000000d5580000,0x00000000d5580000,0x00000000d5f80000)
  from space 512K, 83% used [0x00000000d6080000,0x00000000d60eafb0,0x00000000d6100000)
  to   space 512K, 0% used [0x00000000d6000000,0x00000000d6000000,0x00000000d6080000)
 ParOldGen       total 77312K, used 77085K [0x0000000080000000, 0x0000000084b80000, 0x00000000d5580000)
  object space 77312K, 99% used [0x0000000080000000,0x0000000084b47628,0x0000000084b80000)
 Metaspace       used 59889K, committed 61376K, reserved 1114112K
  class space    used 6314K, committed 6912K, reserved 1048576K
}
Event: 105.551 GC heap before
{Heap before GC invocations=134 (full 3):
 PSYoungGen      total 10752K, used 10667K [0x00000000d5580000, 0x00000000d6100000, 0x0000000100000000)
  eden space 10240K, 100% used [0x00000000d5580000,0x00000000d5f80000,0x00000000d5f80000)
  from space 512K, 83% used [0x00000000d6080000,0x00000000d60eafb0,0x00000000d6100000)
  to   space 512K, 0% used [0x00000000d6000000,0x00000000d6000000,0x00000000d6080000)
 ParOldGen       total 77312K, used 77085K [0x0000000080000000, 0x0000000084b80000, 0x00000000d5580000)
  object space 77312K, 99% used [0x0000000080000000,0x0000000084b47628,0x0000000084b80000)
 Metaspace       used 60151K, committed 61568K, reserved 1114112K
  class space    used 6337K, committed 6912K, reserved 1048576K
}
Event: 105.554 GC heap after
{Heap after GC invocations=134 (full 3):
 PSYoungGen      total 10752K, used 504K [0x00000000d5580000, 0x00000000d6180000, 0x0000000100000000)
  eden space 10240K, 0% used [0x00000000d5580000,0x00000000d5580000,0x00000000d5f80000)
  from space 512K, 98% used [0x00000000d6000000,0x00000000d607e350,0x00000000d6080000)
  to   space 1024K, 0% used [0x00000000d6080000,0x00000000d6080000,0x00000000d6180000)
 ParOldGen       total 77824K, used 77329K [0x0000000080000000, 0x0000000084c00000, 0x00000000d5580000)
  object space 77824K, 99% used [0x0000000080000000,0x0000000084b845e0,0x0000000084c00000)
 Metaspace       used 60151K, committed 61568K, reserved 1114112K
  class space    used 6337K, committed 6912K, reserved 1048576K
}
Event: 106.284 GC heap before
{Heap before GC invocations=135 (full 3):
 PSYoungGen      total 10752K, used 10744K [0x00000000d5580000, 0x00000000d6180000, 0x0000000100000000)
  eden space 10240K, 100% used [0x00000000d5580000,0x00000000d5f80000,0x00000000d5f80000)
  from space 512K, 98% used [0x00000000d6000000,0x00000000d607e350,0x00000000d6080000)
  to   space 1024K, 0% used [0x00000000d6080000,0x00000000d6080000,0x00000000d6180000)
 ParOldGen       total 77824K, used 77329K [0x0000000080000000, 0x0000000084c00000, 0x00000000d5580000)
  object space 77824K, 99% used [0x0000000080000000,0x0000000084b845e0,0x0000000084c00000)
 Metaspace       used 60789K, committed 62208K, reserved 1114112K
  class space    used 6418K, committed 6976K, reserved 1048576K
}
Event: 106.288 GC heap after
{Heap after GC invocations=135 (full 3):
 PSYoungGen      total 11264K, used 880K [0x00000000d5580000, 0x00000000d6180000, 0x0000000100000000)
  eden space 10240K, 0% used [0x00000000d5580000,0x00000000d5580000,0x00000000d5f80000)
  from space 1024K, 85% used [0x00000000d6080000,0x00000000d615c010,0x00000000d6180000)
  to   space 1024K, 0% used [0x00000000d5f80000,0x00000000d5f80000,0x00000000d6080000)
 ParOldGen       total 77824K, used 77634K [0x0000000080000000, 0x0000000084c00000, 0x00000000d5580000)
  object space 77824K, 99% used [0x0000000080000000,0x0000000084bd0a90,0x0000000084c00000)
 Metaspace       used 60789K, committed 62208K, reserved 1114112K
  class space    used 6418K, committed 6976K, reserved 1048576K
}
Event: 107.023 GC heap before
{Heap before GC invocations=136 (full 3):
 PSYoungGen      total 11264K, used 11120K [0x00000000d5580000, 0x00000000d6180000, 0x0000000100000000)
  eden space 10240K, 100% used [0x00000000d5580000,0x00000000d5f80000,0x00000000d5f80000)
  from space 1024K, 85% used [0x00000000d6080000,0x00000000d615c010,0x00000000d6180000)
  to   space 1024K, 0% used [0x00000000d5f80000,0x00000000d5f80000,0x00000000d6080000)
 ParOldGen       total 77824K, used 77634K [0x0000000080000000, 0x0000000084c00000, 0x00000000d5580000)
  object space 77824K, 99% used [0x0000000080000000,0x0000000084bd0a90,0x0000000084c00000)
 Metaspace       used 61394K, committed 62848K, reserved 1114112K
  class space    used 6469K, committed 7040K, reserved 1048576K
}
Event: 107.031 GC heap after
{Heap after GC invocations=136 (full 3):
 PSYoungGen      total 11264K, used 916K [0x00000000d5580000, 0x00000000d6180000, 0x0000000100000000)
  eden space 10240K, 0% used [0x00000000d5580000,0x00000000d5580000,0x00000000d5f80000)
  from space 1024K, 89% used [0x00000000d5f80000,0x00000000d6065048,0x00000000d6080000)
  to   space 1024K, 0% used [0x00000000d6080000,0x00000000d6080000,0x00000000d6180000)
 ParOldGen       total 78848K, used 78410K [0x0000000080000000, 0x0000000084d00000, 0x00000000d5580000)
  object space 78848K, 99% used [0x0000000080000000,0x0000000084c92ab0,0x0000000084d00000)
 Metaspace       used 61394K, committed 62848K, reserved 1114112K
  class space    used 6469K, committed 7040K, reserved 1048576K
}
Event: 107.605 GC heap before
{Heap before GC invocations=137 (full 3):
 PSYoungGen      total 11264K, used 11156K [0x00000000d5580000, 0x00000000d6180000, 0x0000000100000000)
  eden space 10240K, 100% used [0x00000000d5580000,0x00000000d5f80000,0x00000000d5f80000)
  from space 1024K, 89% used [0x00000000d5f80000,0x00000000d6065048,0x00000000d6080000)
  to   space 1024K, 0% used [0x00000000d6080000,0x00000000d6080000,0x00000000d6180000)
 ParOldGen       total 78848K, used 78410K [0x0000000080000000, 0x0000000084d00000, 0x00000000d5580000)
  object space 78848K, 99% used [0x0000000080000000,0x0000000084c92ab0,0x0000000084d00000)
 Metaspace       used 62315K, committed 63744K, reserved 1114112K
  class space    used 6566K, committed 7168K, reserved 1048576K
}
Event: 107.612 GC heap after
{Heap after GC invocations=137 (full 3):
 PSYoungGen      total 11264K, used 704K [0x00000000d5580000, 0x00000000d6180000, 0x0000000100000000)
  eden space 10240K, 0% used [0x00000000d5580000,0x00000000d5580000,0x00000000d5f80000)
  from space 1024K, 68% used [0x00000000d6080000,0x00000000d6130000,0x00000000d6180000)
  to   space 1024K, 0% used [0x00000000d5f80000,0x00000000d5f80000,0x00000000d6080000)
 ParOldGen       total 79360K, used 79061K [0x0000000080000000, 0x0000000084d80000, 0x00000000d5580000)
  object space 79360K, 99% used [0x0000000080000000,0x0000000084d354d0,0x0000000084d80000)
 Metaspace       used 62315K, committed 63744K, reserved 1114112K
  class space    used 6566K, committed 7168K, reserved 1048576K
}
Event: 108.170 GC heap before
{Heap before GC invocations=138 (full 3):
 PSYoungGen      total 11264K, used 10944K [0x00000000d5580000, 0x00000000d6180000, 0x0000000100000000)
  eden space 10240K, 100% used [0x00000000d5580000,0x00000000d5f80000,0x00000000d5f80000)
  from space 1024K, 68% used [0x00000000d6080000,0x00000000d6130000,0x00000000d6180000)
  to   space 1024K, 0% used [0x00000000d5f80000,0x00000000d5f80000,0x00000000d6080000)
 ParOldGen       total 79360K, used 79061K [0x0000000080000000, 0x0000000084d80000, 0x00000000d5580000)
  object space 79360K, 99% used [0x0000000080000000,0x0000000084d354d0,0x0000000084d80000)
 Metaspace       used 63281K, committed 64768K, reserved 1114112K
  class space    used 6653K, committed 7232K, reserved 1048576K
}
Event: 108.176 GC heap after
{Heap after GC invocations=138 (full 3):
 PSYoungGen      total 11264K, used 1021K [0x00000000d5580000, 0x00000000d6280000, 0x0000000100000000)
  eden space 10240K, 0% used [0x00000000d5580000,0x00000000d5580000,0x00000000d5f80000)
  from space 1024K, 99% used [0x00000000d5f80000,0x00000000d607f680,0x00000000d6080000)
  to   space 1536K, 0% used [0x00000000d6100000,0x00000000d6100000,0x00000000d6280000)
 ParOldGen       total 79872K, used 79657K [0x0000000080000000, 0x0000000084e00000, 0x00000000d5580000)
  object space 79872K, 99% used [0x0000000080000000,0x0000000084dca5c8,0x0000000084e00000)
 Metaspace       used 63281K, committed 64768K, reserved 1114112K
  class space    used 6653K, committed 7232K, reserved 1048576K
}

