# JRE version: OpenJDK Runtime Environment Temurin-21.0.10+7 (21.0.10+7) (build 21.0.10+7-LTS)
# Java VM: OpenJDK 64-Bit Server VM Temurin-21.0.10+7 (21.0.10+7-LTS, mixed mode, sharing, tiered, compressed oops, compressed class ptrs, parallel gc, windows-amd64)
GC Precious Log:
 CardTable entry size: 512
 CPUs: 4 total, 4 available
 Memory: 3891M
 Large Page Support: Disabled
 NUMA Support: Disabled
 Compressed Oops: Enabled (32-bit)
 Alignments: Space 512K, Generation 512K, Heap 2M
 Heap Min Capacity: 100M
 Heap Initial Capacity: 100M
 Heap Max Capacity: 2G
 Pre-touch: Disabled
 Parallel Workers: 4
Heap:
 PSYoungGen      total 11776K, used 1074K [0x00000000d5580000, 0x00000000d6180000, 0x0000000100000000)
  eden space 10752K, 8% used [0x00000000d5580000,0x00000000d566ca28,0x00000000d6000000)
  from space 1024K, 12% used [0x00000000d6000000,0x00000000d6020000,0x00000000d6100000)
  to   space 512K, 0% used [0x00000000d6100000,0x00000000d6100000,0x00000000d6180000)
 ParOldGen       total 78848K, used 78555K [0x0000000080000000, 0x0000000084d00000, 0x00000000d5580000)
  object space 78848K, 99% used [0x0000000080000000,0x0000000084cb6ce8,0x0000000084d00000)
 Metaspace       used 65199K, committed 66624K, reserved 1114112K
  class space    used 6879K, committed 7488K, reserved 1048576K
GC Heap History (20 events):
Event: 36.084 GC heap before
{Heap before GC invocations=125 (full 3):
 PSYoungGen      total 11776K, used 11744K [0x00000000d5580000, 0x00000000d6300000, 0x0000000100000000)
  eden space 10752K, 100% used [0x00000000d5580000,0x00000000d6000000,0x00000000d6000000)
  from space 1024K, 96% used [0x00000000d6080000,0x00000000d6178000,0x00000000d6180000)
  to   space 1536K, 0% used [0x00000000d6180000,0x00000000d6180000,0x00000000d6300000)
 ParOldGen       total 73728K, used 73412K [0x0000000080000000, 0x0000000084800000, 0x00000000d5580000)
  object space 73728K, 99% used [0x0000000080000000,0x00000000847b10b0,0x0000000084800000)
 Metaspace       used 60397K, committed 61760K, reserved 1114112K
  class space    used 6423K, committed 7040K, reserved 1048576K
}
Event: 36.086 GC heap after
{Heap after GC invocations=125 (full 3):
 PSYoungGen      total 11776K, used 896K [0x00000000d5580000, 0x00000000d6280000, 0x0000000100000000)
  eden space 10752K, 0% used [0x00000000d5580000,0x00000000d5580000,0x00000000d6000000)
  from space 1024K, 87% used [0x00000000d6180000,0x00000000d6260000,0x00000000d6280000)
  to   space 1024K, 0% used [0x00000000d6080000,0x00000000d6080000,0x00000000d6180000)
 ParOldGen       total 74240K, used 74164K [0x0000000080000000, 0x0000000084880000, 0x00000000d5580000)
  object space 74240K, 99% used [0x0000000080000000,0x000000008486d0b0,0x0000000084880000)
 Metaspace       used 60397K, committed 61760K, reserved 1114112K
  class space    used 6423K, committed 7040K, reserved 1048576K
}
Event: 36.305 GC heap before
{Heap before GC invocations=126 (full 3):
 PSYoungGen      total 11776K, used 11647K [0x00000000d5580000, 0x00000000d6280000, 0x0000000100000000)
  eden space 10752K, 99% used [0x00000000d5580000,0x00000000d5fffff8,0x00000000d6000000)
  from space 1024K, 87% used [0x00000000d6180000,0x00000000d6260000,0x00000000d6280000)
  to   space 1024K, 0% used [0x00000000d6080000,0x00000000d6080000,0x00000000d6180000)
 ParOldGen       total 74240K, used 74164K [0x0000000080000000, 0x0000000084880000, 0x00000000d5580000)
  object space 74240K, 99% used [0x0000000080000000,0x000000008486d0b0,0x0000000084880000)
 Metaspace       used 60797K, committed 62144K, reserved 1114112K
  class space    used 6449K, committed 7040K, reserved 1048576K
}
Event: 36.308 GC heap after
{Heap after GC invocations=126 (full 3):
 PSYoungGen      total 11264K, used 512K [0x00000000d5580000, 0x00000000d6200000, 0x0000000100000000)
  eden space 10752K, 0% used [0x00000000d5580000,0x00000000d5580000,0x00000000d6000000)
  from space 512K, 100% used [0x00000000d6080000,0x00000000d6100000,0x00000000d6100000)
  to   space 1024K, 0% used [0x00000000d6100000,0x00000000d6100000,0x00000000d6200000)
 ParOldGen       total 74752K, used 74742K [0x0000000080000000, 0x0000000084900000, 0x00000000d5580000)
  object space 74752K, 99% used [0x0000000080000000,0x00000000848fd908,0x0000000084900000)
 Metaspace       used 60797K, committed 62144K, reserved 1114112K
  class space    used 6449K, committed 7040K, reserved 1048576K
}
Event: 36.760 GC heap before
{Heap before GC invocations=127 (full 3):
 PSYoungGen      total 11264K, used 11264K [0x00000000d5580000, 0x00000000d6200000, 0x0000000100000000)
  eden space 10752K, 100% used [0x00000000d5580000,0x00000000d6000000,0x00000000d6000000)
  from space 512K, 100% used [0x00000000d6080000,0x00000000d6100000,0x00000000d6100000)
  to   space 1024K, 0% used [0x00000000d6100000,0x00000000d6100000,0x00000000d6200000)
 ParOldGen       total 74752K, used 74742K [0x0000000080000000, 0x0000000084900000, 0x00000000d5580000)
  object space 74752K, 99% used [0x0000000080000000,0x00000000848fd908,0x0000000084900000)
 Metaspace       used 61922K, committed 63296K, reserved 1114112K
  class space    used 6556K, committed 7168K, reserved 1048576K
}
Event: 36.763 GC heap after
{Heap after GC invocations=127 (full 3):
 PSYoungGen      total 11776K, used 768K [0x00000000d5580000, 0x00000000d6200000, 0x0000000100000000)
  eden space 10752K, 0% used [0x00000000d5580000,0x00000000d5580000,0x00000000d6000000)
  from space 1024K, 75% used [0x00000000d6100000,0x00000000d61c0020,0x00000000d6200000)
  to   space 1024K, 0% used [0x00000000d6000000,0x00000000d6000000,0x00000000d6100000)
 ParOldGen       total 75264K, used 75166K [0x0000000080000000, 0x0000000084980000, 0x00000000d5580000)
  object space 75264K, 99% used [0x0000000080000000,0x0000000084967908,0x0000000084980000)
 Metaspace       used 61922K, committed 63296K, reserved 1114112K
  class space    used 6556K, committed 7168K, reserved 1048576K
}
Event: 37.340 GC heap before
{Heap before GC invocations=128 (full 3):
 PSYoungGen      total 11776K, used 11516K [0x00000000d5580000, 0x00000000d6200000, 0x0000000100000000)
  eden space 10752K, 99% used [0x00000000d5580000,0x00000000d5fff090,0x00000000d6000000)
  from space 1024K, 75% used [0x00000000d6100000,0x00000000d61c0020,0x00000000d6200000)
  to   space 1024K, 0% used [0x00000000d6000000,0x00000000d6000000,0x00000000d6100000)
 ParOldGen       total 75264K, used 75166K [0x0000000080000000, 0x0000000084980000, 0x00000000d5580000)
  object space 75264K, 99% used [0x0000000080000000,0x0000000084967908,0x0000000084980000)
 Metaspace       used 63022K, committed 64512K, reserved 1114112K
  class space    used 6669K, committed 7296K, reserved 1048576K
}
Event: 37.344 GC heap after
{Heap after GC invocations=128 (full 3):
 PSYoungGen      total 11776K, used 1022K [0x00000000d5580000, 0x00000000d6400000, 0x0000000100000000)
  eden space 10752K, 0% used [0x00000000d5580000,0x00000000d5580000,0x00000000d6000000)
  from space 1024K, 99% used [0x00000000d6000000,0x00000000d60ffbb8,0x00000000d6100000)
  to   space 2048K, 0% used [0x00000000d6200000,0x00000000d6200000,0x00000000d6400000)
 ParOldGen       total 76288K, used 75859K [0x0000000080000000, 0x0000000084a80000, 0x00000000d5580000)
  object space 76288K, 99% used [0x0000000080000000,0x0000000084a14c08,0x0000000084a80000)
 Metaspace       used 63022K, committed 64512K, reserved 1114112K
  class space    used 6669K, committed 7296K, reserved 1048576K
}
Event: 37.482 GC heap before
{Heap before GC invocations=129 (full 3):
 PSYoungGen      total 11776K, used 11774K [0x00000000d5580000, 0x00000000d6400000, 0x0000000100000000)
  eden space 10752K, 100% used [0x00000000d5580000,0x00000000d6000000,0x00000000d6000000)
  from space 1024K, 99% used [0x00000000d6000000,0x00000000d60ffbb8,0x00000000d6100000)
  to   space 2048K, 0% used [0x00000000d6200000,0x00000000d6200000,0x00000000d6400000)
 ParOldGen       total 76288K, used 75859K [0x0000000080000000, 0x0000000084a80000, 0x00000000d5580000)
  object space 76288K, 99% used [0x0000000080000000,0x0000000084a14c08,0x0000000084a80000)
 Metaspace       used 63234K, committed 64768K, reserved 1114112K
  class space    used 6689K, committed 7360K, reserved 1048576K
}
Event: 37.484 GC heap after
{Heap after GC invocations=129 (full 3):
 PSYoungGen      total 11264K, used 419K [0x00000000d5580000, 0x00000000d6280000, 0x0000000100000000)
  eden space 10752K, 0% used [0x00000000d5580000,0x00000000d5580000,0x00000000d6000000)
  from space 512K, 81% used [0x00000000d6200000,0x00000000d6268d40,0x00000000d6280000)
  to   space 1024K, 0% used [0x00000000d6080000,0x00000000d6080000,0x00000000d6180000)
 ParOldGen       total 76800K, used 76775K [0x0000000080000000, 0x0000000084b00000, 0x00000000d5580000)
  object space 76800K, 99% used [0x0000000080000000,0x0000000084af9ee0,0x0000000084b00000)
 Metaspace       used 63234K, committed 64768K, reserved 1114112K
  class space    used 6689K, committed 7360K, reserved 1048576K
}
Event: 38.255 GC heap before
{Heap before GC invocations=130 (full 3):
 PSYoungGen      total 11264K, used 11171K [0x00000000d5580000, 0x00000000d6280000, 0x0000000100000000)
  eden space 10752K, 100% used [0x00000000d5580000,0x00000000d6000000,0x00000000d6000000)
  from space 512K, 81% used [0x00000000d6200000,0x00000000d6268d40,0x00000000d6280000)
  to   space 1024K, 0% used [0x00000000d6080000,0x00000000d6080000,0x00000000d6180000)
 ParOldGen       total 76800K, used 76775K [0x0000000080000000, 0x0000000084b00000, 0x00000000d5580000)
  object space 76800K, 99% used [0x0000000080000000,0x0000000084af9ee0,0x0000000084b00000)
 Metaspace       used 63640K, committed 65088K, reserved 1114112K
  class space    used 6717K, committed 7360K, reserved 1048576K
}
Event: 38.258 GC heap after
{Heap after GC invocations=130 (full 3):
 PSYoungGen      total 11776K, used 800K [0x00000000d5580000, 0x00000000d6280000, 0x0000000100000000)
  eden space 10752K, 0% used [0x00000000d5580000,0x00000000d5580000,0x00000000d6000000)
  from space 1024K, 78% used [0x00000000d6080000,0x00000000d6148020,0x00000000d6180000)
  to   space 1024K, 0% used [0x00000000d6180000,0x00000000d6180000,0x00000000d6280000)
 ParOldGen       total 77312K, used 76895K [0x0000000080000000, 0x0000000084b80000, 0x00000000d5580000)
  object space 77312K, 99% used [0x0000000080000000,0x0000000084b17ee0,0x0000000084b80000)
 Metaspace       used 63640K, committed 65088K, reserved 1114112K
  class space    used 6717K, committed 7360K, reserved 1048576K
}
Event: 38.448 GC heap before
{Heap before GC invocations=131 (full 3):
 PSYoungGen      total 11776K, used 11552K [0x00000000d5580000, 0x00000000d6280000, 0x0000000100000000)
  eden space 10752K, 100% used [0x00000000d5580000,0x00000000d6000000,0x00000000d6000000)
  from space 1024K, 78% used [0x00000000d6080000,0x00000000d6148020,0x00000000d6180000)
  to   space 1024K, 0% used [0x00000000d6180000,0x00000000d6180000,0x00000000d6280000)
 ParOldGen       total 77312K, used 76895K [0x0000000080000000, 0x0000000084b80000, 0x00000000d5580000)
  object space 77312K, 99% used [0x0000000080000000,0x0000000084b17ee0,0x0000000084b80000)
 Metaspace       used 63793K, committed 65216K, reserved 1114112K
  class space    used 6729K, committed 7360K, reserved 1048576K
}
Event: 38.450 GC heap after
{Heap after GC invocations=131 (full 3):
 PSYoungGen      total 11776K, used 818K [0x00000000d5580000, 0x00000000d6280000, 0x0000000100000000)
  eden space 10752K, 0% used [0x00000000d5580000,0x00000000d5580000,0x00000000d6000000)
  from space 1024K, 79% used [0x00000000d6180000,0x00000000d624c890,0x00000000d6280000)
  to   space 1024K, 0% used [0x00000000d6080000,0x00000000d6080000,0x00000000d6180000)
 ParOldGen       total 77824K, used 77631K [0x0000000080000000, 0x0000000084c00000, 0x00000000d5580000)
  object space 77824K, 99% used [0x0000000080000000,0x0000000084bcff10,0x0000000084c00000)
 Metaspace       used 63793K, committed 65216K, reserved 1114112K
  class space    used 6729K, committed 7360K, reserved 1048576K
}
Event: 39.500 GC heap before
{Heap before GC invocations=132 (full 3):
 PSYoungGen      total 11776K, used 11565K [0x00000000d5580000, 0x00000000d6280000, 0x0000000100000000)
  eden space 10752K, 99% used [0x00000000d5580000,0x00000000d5ffecb8,0x00000000d6000000)
  from space 1024K, 79% used [0x00000000d6180000,0x00000000d624c890,0x00000000d6280000)
  to   space 1024K, 0% used [0x00000000d6080000,0x00000000d6080000,0x00000000d6180000)
 ParOldGen       total 77824K, used 77631K [0x0000000080000000, 0x0000000084c00000, 0x00000000d5580000)
  object space 77824K, 99% used [0x0000000080000000,0x0000000084bcff10,0x0000000084c00000)
 Metaspace       used 64226K, committed 65664K, reserved 1114112K
  class space    used 6752K, committed 7360K, reserved 1048576K
}
Event: 39.502 GC heap after
{Heap after GC invocations=132 (full 3):
 PSYoungGen      total 11264K, used 512K [0x00000000d5580000, 0x00000000d6200000, 0x0000000100000000)
  eden space 10752K, 0% used [0x00000000d5580000,0x00000000d5580000,0x00000000d6000000)
  from space 512K, 100% used [0x00000000d6080000,0x00000000d6100000,0x00000000d6100000)
  to   space 1024K, 0% used [0x00000000d6100000,0x00000000d6100000,0x00000000d6200000)
 ParOldGen       total 78336K, used 77832K [0x0000000080000000, 0x0000000084c80000, 0x00000000d5580000)
  object space 78336K, 99% used [0x0000000080000000,0x0000000084c02380,0x0000000084c80000)
 Metaspace       used 64226K, committed 65664K, reserved 1114112K
  class space    used 6752K, committed 7360K, reserved 1048576K
}
Event: 42.731 GC heap before
{Heap before GC invocations=133 (full 3):
 PSYoungGen      total 11264K, used 11264K [0x00000000d5580000, 0x00000000d6200000, 0x0000000100000000)
  eden space 10752K, 100% used [0x00000000d5580000,0x00000000d6000000,0x00000000d6000000)
  from space 512K, 100% used [0x00000000d6080000,0x00000000d6100000,0x00000000d6100000)
  to   space 1024K, 0% used [0x00000000d6100000,0x00000000d6100000,0x00000000d6200000)
 ParOldGen       total 78336K, used 77832K [0x0000000080000000, 0x0000000084c80000, 0x00000000d5580000)
  object space 78336K, 99% used [0x0000000080000000,0x0000000084c02380,0x0000000084c80000)
 Metaspace       used 64880K, committed 66368K, reserved 1114112K
  class space    used 6853K, committed 7488K, reserved 1048576K
}
Event: 42.734 GC heap after
{Heap after GC invocations=133 (full 3):
 PSYoungGen      total 11776K, used 739K [0x00000000d5580000, 0x00000000d6200000, 0x0000000100000000)
  eden space 10752K, 0% used [0x00000000d5580000,0x00000000d5580000,0x00000000d6000000)
  from space 1024K, 72% used [0x00000000d6100000,0x00000000d61b8d20,0x00000000d6200000)
  to   space 1024K, 0% used [0x00000000d6000000,0x00000000d6000000,0x00000000d6100000)
 ParOldGen       total 78336K, used 78297K [0x0000000080000000, 0x0000000084c80000, 0x00000000d5580000)
  object space 78336K, 99% used [0x0000000080000000,0x0000000084c76568,0x0000000084c80000)
 Metaspace       used 64880K, committed 66368K, reserved 1114112K
  class space    used 6853K, committed 7488K, reserved 1048576K
}
Event: 99.978 GC heap before
{Heap before GC invocations=134 (full 3):
 PSYoungGen      total 11776K, used 11491K [0x00000000d5580000, 0x00000000d6200000, 0x0000000100000000)
  eden space 10752K, 100% used [0x00000000d5580000,0x00000000d6000000,0x00000000d6000000)
  from space 1024K, 72% used [0x00000000d6100000,0x00000000d61b8d20,0x00000000d6200000)
  to   space 1024K, 0% used [0x00000000d6000000,0x00000000d6000000,0x00000000d6100000)
 ParOldGen       total 78336K, used 78297K [0x0000000080000000, 0x0000000084c80000, 0x00000000d5580000)
  object space 78336K, 99% used [0x0000000080000000,0x0000000084c76568,0x0000000084c80000)
 Metaspace       used 65130K, committed 66560K, reserved 1114112K
  class space    used 6870K, committed 7488K, reserved 1048576K
}
Event: 100.118 GC heap after
{Heap after GC invocations=134 (full 3):
 PSYoungGen      total 11776K, used 128K [0x00000000d5580000, 0x00000000d6180000, 0x0000000100000000)
  eden space 10752K, 0% used [0x00000000d5580000,0x00000000d5580000,0x00000000d6000000)
  from space 1024K, 12% used [0x00000000d6000000,0x00000000d6020000,0x00000000d6100000)
  to   space 512K, 0% used [0x00000000d6100000,0x00000000d6100000,0x00000000d6180000)
 ParOldGen       total 78848K, used 78555K [0x0000000080000000, 0x0000000084d00000, 0x00000000d5580000)
  object space 78848K, 99% used [0x0000000080000000,0x0000000084cb6ce8,0x0000000084d00000)
 Metaspace       used 65130K, committed 66560K, reserved 1114112K
  class space    used 6870K, committed 7488K, reserved 1048576K
}

