# JRE version: Java(TM) SE Runtime Environment (24.0.2+12) (build 24.0.2+12-54)
# Java VM: Java HotSpot(TM) 64-Bit Server VM (24.0.2+12-54, mixed mode, sharing, tiered, compressed oops, compressed class ptrs, g1 gc, windows-amd64)
GC Precious Log:
 CardTable entry size: 512
 Card Set container configuration: InlinePtr #cards 5 size 8 Array Of Cards #cards 10 size 36 Howl #buckets 4 coarsen threshold 1843 Howl Bitmap #cards 512 size 80 coarsen threshold 460 Card regions per heap region 1 cards per card region 2048
 CPUs: 4 total, 4 available
 Memory: 3891M
 Large Page Support: Disabled
 NUMA Support: Disabled
 Compressed Oops: Enabled (32-bit)
 Heap Region Size: 1M
 Heap Min Capacity: 8M
 Heap Initial Capacity: 62M
 Heap Max Capacity: 974M
 Pre-touch: Disabled
 Parallel Workers: 4
 Concurrent Workers: 1
 Concurrent Refinement Workers: 4
 Periodic GC: Disabled
Heap:
 garbage-first heap   total reserved 997376K, committed 87040K, used 38870K [0x00000000c3200000, 0x0000000100000000)
  region size 1024K, 19 young (19456K), 3 survivors (3072K)
 Metaspace       used 22367K, committed 22784K, reserved 1114112K
  class space    used 2184K, committed 2368K, reserved 1048576K
GC Heap History (16 events):
Event: 3.737 GC heap before
{Heap before GC invocations=0 (full 0):
 garbage-first heap   total reserved 997376K, committed 65536K, used 29812K [0x00000000c3200000, 0x0000000100000000)
  region size 1024K, 28 young (28672K), 0 survivors (0K)
 Metaspace       used 6175K, committed 6336K, reserved 1114112K
  class space    used 543K, committed 576K, reserved 1048576K
}
Event: 3.759 GC heap after
{Heap after GC invocations=1 (full 0):
 garbage-first heap   total reserved 997376K, committed 65536K, used 4596K [0x00000000c3200000, 0x0000000100000000)
  region size 1024K, 4 young (4096K), 4 survivors (4096K)
 Metaspace       used 6175K, committed 6336K, reserved 1114112K
  class space    used 543K, committed 576K, reserved 1048576K
}
Event: 5.478 GC heap before
{Heap before GC invocations=1 (full 0):
 garbage-first heap   total reserved 997376K, committed 65536K, used 31220K [0x00000000c3200000, 0x0000000100000000)
  region size 1024K, 30 young (30720K), 4 survivors (4096K)
 Metaspace       used 10812K, committed 11008K, reserved 1114112K
  class space    used 996K, committed 1088K, reserved 1048576K
}
Event: 5.489 GC heap after
{Heap after GC invocations=2 (full 0):
 garbage-first heap   total reserved 997376K, committed 65536K, used 6260K [0x00000000c3200000, 0x0000000100000000)
  region size 1024K, 2 young (2048K), 2 survivors (2048K)
 Metaspace       used 10812K, committed 11008K, reserved 1114112K
  class space    used 996K, committed 1088K, reserved 1048576K
}
Event: 7.588 GC heap before
{Heap before GC invocations=2 (full 0):
 garbage-first heap   total reserved 997376K, committed 65536K, used 38004K [0x00000000c3200000, 0x0000000100000000)
  region size 1024K, 33 young (33792K), 2 survivors (2048K)
 Metaspace       used 14846K, committed 15168K, reserved 1114112K
  class space    used 1447K, committed 1600K, reserved 1048576K
}
Event: 7.603 GC heap after
{Heap after GC invocations=3 (full 0):
 garbage-first heap   total reserved 997376K, committed 65536K, used 10061K [0x00000000c3200000, 0x0000000100000000)
  region size 1024K, 5 young (5120K), 5 survivors (5120K)
 Metaspace       used 14846K, committed 15168K, reserved 1114112K
  class space    used 1447K, committed 1600K, reserved 1048576K
}
Event: 10.502 GC heap before
{Heap before GC invocations=3 (full 0):
 garbage-first heap   total reserved 997376K, committed 65536K, used 41805K [0x00000000c3200000, 0x0000000100000000)
  region size 1024K, 36 young (36864K), 5 survivors (5120K)
 Metaspace       used 15745K, committed 16000K, reserved 1114112K
  class space    used 1529K, committed 1664K, reserved 1048576K
}
Event: 10.523 GC heap after
{Heap after GC invocations=4 (full 0):
 garbage-first heap   total reserved 997376K, committed 65536K, used 14103K [0x00000000c3200000, 0x0000000100000000)
  region size 1024K, 4 young (4096K), 4 survivors (4096K)
 Metaspace       used 15745K, committed 16000K, reserved 1114112K
  class space    used 1529K, committed 1664K, reserved 1048576K
}
Event: 12.831 GC heap before
{Heap before GC invocations=4 (full 0):
 garbage-first heap   total reserved 997376K, committed 65536K, used 45847K [0x00000000c3200000, 0x0000000100000000)
  region size 1024K, 35 young (35840K), 4 survivors (4096K)
 Metaspace       used 16056K, committed 16320K, reserved 1114112K
  class space    used 1532K, committed 1664K, reserved 1048576K
}
Event: 12.841 GC heap after
{Heap after GC invocations=5 (full 0):
 garbage-first heap   total reserved 997376K, committed 65536K, used 16273K [0x00000000c3200000, 0x0000000100000000)
  region size 1024K, 2 young (2048K), 2 survivors (2048K)
 Metaspace       used 16056K, committed 16320K, reserved 1114112K
  class space    used 1532K, committed 1664K, reserved 1048576K
}
Event: 14.833 GC heap before
{Heap before GC invocations=5 (full 0):
 garbage-first heap   total reserved 997376K, committed 65536K, used 45969K [0x00000000c3200000, 0x0000000100000000)
  region size 1024K, 24 young (24576K), 2 survivors (2048K)
 Metaspace       used 17318K, committed 17600K, reserved 1114112K
  class space    used 1650K, committed 1792K, reserved 1048576K
}
Event: 14.841 GC heap after
{Heap after GC invocations=6 (full 0):
 garbage-first heap   total reserved 997376K, committed 65536K, used 25489K [0x00000000c3200000, 0x0000000100000000)
  region size 1024K, 3 young (3072K), 3 survivors (3072K)
 Metaspace       used 17318K, committed 17600K, reserved 1114112K
  class space    used 1650K, committed 1792K, reserved 1048576K
}
Event: 14.854 GC heap before
{Heap before GC invocations=6 (full 0):
 garbage-first heap   total reserved 997376K, committed 65536K, used 37777K [0x00000000c3200000, 0x0000000100000000)
  region size 1024K, 4 young (4096K), 3 survivors (3072K)
 Metaspace       used 17318K, committed 17600K, reserved 1114112K
  class space    used 1650K, committed 1792K, reserved 1048576K
}
Event: 14.861 GC heap after
{Heap after GC invocations=7 (full 0):
 garbage-first heap   total reserved 997376K, committed 65536K, used 37864K [0x00000000c3200000, 0x0000000100000000)
  region size 1024K, 2 young (2048K), 2 survivors (2048K)
 Metaspace       used 17318K, committed 17600K, reserved 1114112K
  class space    used 1650K, committed 1792K, reserved 1048576K
}
Event: 17.934 GC heap before
{Heap before GC invocations=8 (full 0):
 garbage-first heap   total reserved 997376K, committed 87040K, used 69608K [0x00000000c3200000, 0x0000000100000000)
  region size 1024K, 20 young (20480K), 2 survivors (2048K)
 Metaspace       used 19692K, committed 20032K, reserved 1114112K
  class space    used 1879K, committed 2048K, reserved 1048576K
}
Event: 17.947 GC heap after
{Heap after GC invocations=9 (full 0):
 garbage-first heap   total reserved 997376K, committed 87040K, used 19414K [0x00000000c3200000, 0x0000000100000000)
  region size 1024K, 3 young (3072K), 3 survivors (3072K)
 Metaspace       used 19692K, committed 20032K, reserved 1114112K
  class space    used 1879K, committed 2048K, reserved 1048576K
}

