# JRE version: OpenJDK Runtime Environment Temurin-21.0.10+7 (21.0.10+7) (build 21.0.10+7-LTS)
# Java VM: OpenJDK 64-Bit Server VM Temurin-21.0.10+7 (21.0.10+7-LTS, mixed mode, sharing, tiered, compressed oops, compressed class ptrs, parallel gc, windows-amd64)
GC Precious Log:
 CardTable entry size: 512
 CPUs: 4 total, 4 available
 Memory: 3891M
 Large Page Support: Disabled
 NUMA Support: Disabled
 Compressed Oops: Enabled (32-bit)
 Alignments: Space 512K, Generation 512K, Heap 2M
 Heap Min Capacity: 100M
 Heap Initial Capacity: 100M
 Heap Max Capacity: 2G
 Pre-touch: Disabled
 Parallel Workers: 4
Heap:
 PSYoungGen      total 19456K, used 8179K [0x00000000d5580000, 0x00000000d6a80000, 0x0000000100000000)
  eden space 18432K, 38% used [0x00000000d5580000,0x00000000d5c80008,0x00000000d6780000)
  from space 1024K, 98% used [0x00000000d6980000,0x00000000d6a7cc90,0x00000000d6a80000)
  to   space 1536K, 0% used [0x00000000d6780000,0x00000000d6780000,0x00000000d6900000)
 ParOldGen       total 74752K, used 72015K [0x0000000080000000, 0x0000000084900000, 0x00000000d5580000)
  object space 74752K, 96% used [0x0000000080000000,0x0000000084653c50,0x0000000084900000)
 Metaspace       used 66366K, committed 67712K, reserved 1114112K
  class space    used 6979K, committed 7552K, reserved 1048576K
GC Heap History (20 events):
Event: 35.685 GC heap before
{Heap before GC invocations=78 (full 3):
 PSYoungGen      total 19456K, used 18432K [0x00000000d5580000, 0x00000000d6b00000, 0x0000000100000000)
  eden space 18432K, 100% used [0x00000000d5580000,0x00000000d6780000,0x00000000d6780000)
  from space 1024K, 0% used [0x00000000d6a00000,0x00000000d6a00000,0x00000000d6b00000)
  to   space 1024K, 0% used [0x00000000d6900000,0x00000000d6900000,0x00000000d6a00000)
 ParOldGen       total 74752K, used 64312K [0x0000000080000000, 0x0000000084900000, 0x00000000d5580000)
  object space 74752K, 86% used [0x0000000080000000,0x0000000083ece0d8,0x0000000084900000)
 Metaspace       used 60356K, committed 61824K, reserved 1114112K
  class space    used 6478K, committed 7104K, reserved 1048576K
}
Event: 35.688 GC heap after
{Heap after GC invocations=78 (full 3):
 PSYoungGen      total 19456K, used 992K [0x00000000d5580000, 0x00000000d6c80000, 0x0000000100000000)
  eden space 18432K, 0% used [0x00000000d5580000,0x00000000d5580000,0x00000000d6780000)
  from space 1024K, 96% used [0x00000000d6900000,0x00000000d69f8020,0x00000000d6a00000)
  to   space 2560K, 0% used [0x00000000d6a00000,0x00000000d6a00000,0x00000000d6c80000)
 ParOldGen       total 74752K, used 65395K [0x0000000080000000, 0x0000000084900000, 0x00000000d5580000)
  object space 74752K, 87% used [0x0000000080000000,0x0000000083fdcd18,0x0000000084900000)
 Metaspace       used 60356K, committed 61824K, reserved 1114112K
  class space    used 6478K, committed 7104K, reserved 1048576K
}
Event: 36.012 GC heap before
{Heap before GC invocations=79 (full 3):
 PSYoungGen      total 19456K, used 19424K [0x00000000d5580000, 0x00000000d6c80000, 0x0000000100000000)
  eden space 18432K, 100% used [0x00000000d5580000,0x00000000d6780000,0x00000000d6780000)
  from space 1024K, 96% used [0x00000000d6900000,0x00000000d69f8020,0x00000000d6a00000)
  to   space 2560K, 0% used [0x00000000d6a00000,0x00000000d6a00000,0x00000000d6c80000)
 ParOldGen       total 74752K, used 65395K [0x0000000080000000, 0x0000000084900000, 0x00000000d5580000)
  object space 74752K, 87% used [0x0000000080000000,0x0000000083fdcd18,0x0000000084900000)
 Metaspace       used 61175K, committed 62656K, reserved 1114112K
  class space    used 6550K, committed 7168K, reserved 1048576K
}
Event: 36.017 GC heap after
{Heap after GC invocations=79 (full 3):
 PSYoungGen      total 20480K, used 1858K [0x00000000d5580000, 0x00000000d6c00000, 0x0000000100000000)
  eden space 18432K, 0% used [0x00000000d5580000,0x00000000d5580000,0x00000000d6780000)
  from space 2048K, 90% used [0x00000000d6a00000,0x00000000d6bd0838,0x00000000d6c00000)
  to   space 2048K, 0% used [0x00000000d6800000,0x00000000d6800000,0x00000000d6a00000)
 ParOldGen       total 74752K, used 66383K [0x0000000080000000, 0x0000000084900000, 0x00000000d5580000)
  object space 74752K, 88% used [0x0000000080000000,0x00000000840d3d78,0x0000000084900000)
 Metaspace       used 61175K, committed 62656K, reserved 1114112K
  class space    used 6550K, committed 7168K, reserved 1048576K
}
Event: 36.379 GC heap before
{Heap before GC invocations=80 (full 3):
 PSYoungGen      total 20480K, used 20290K [0x00000000d5580000, 0x00000000d6c00000, 0x0000000100000000)
  eden space 18432K, 100% used [0x00000000d5580000,0x00000000d6780000,0x00000000d6780000)
  from space 2048K, 90% used [0x00000000d6a00000,0x00000000d6bd0838,0x00000000d6c00000)
  to   space 2048K, 0% used [0x00000000d6800000,0x00000000d6800000,0x00000000d6a00000)
 ParOldGen       total 74752K, used 66383K [0x0000000080000000, 0x0000000084900000, 0x00000000d5580000)
  object space 74752K, 88% used [0x0000000080000000,0x00000000840d3d78,0x0000000084900000)
 Metaspace       used 61516K, committed 62912K, reserved 1114112K
  class space    used 6563K, committed 7168K, reserved 1048576K
}
Event: 36.385 GC heap after
{Heap after GC invocations=80 (full 3):
 PSYoungGen      total 20480K, used 2048K [0x00000000d5580000, 0x00000000d6e80000, 0x0000000100000000)
  eden space 18432K, 0% used [0x00000000d5580000,0x00000000d5580000,0x00000000d6780000)
  from space 2048K, 100% used [0x00000000d6800000,0x00000000d6a00000,0x00000000d6a00000)
  to   space 3584K, 0% used [0x00000000d6b00000,0x00000000d6b00000,0x00000000d6e80000)
 ParOldGen       total 74752K, used 67535K [0x0000000080000000, 0x0000000084900000, 0x00000000d5580000)
  object space 74752K, 90% used [0x0000000080000000,0x00000000841f3cb0,0x0000000084900000)
 Metaspace       used 61516K, committed 62912K, reserved 1114112K
  class space    used 6563K, committed 7168K, reserved 1048576K
}
Event: 36.705 GC heap before
{Heap before GC invocations=81 (full 3):
 PSYoungGen      total 20480K, used 20480K [0x00000000d5580000, 0x00000000d6e80000, 0x0000000100000000)
  eden space 18432K, 100% used [0x00000000d5580000,0x00000000d6780000,0x00000000d6780000)
  from space 2048K, 100% used [0x00000000d6800000,0x00000000d6a00000,0x00000000d6a00000)
  to   space 3584K, 0% used [0x00000000d6b00000,0x00000000d6b00000,0x00000000d6e80000)
 ParOldGen       total 74752K, used 67535K [0x0000000080000000, 0x0000000084900000, 0x00000000d5580000)
  object space 74752K, 90% used [0x0000000080000000,0x00000000841f3cb0,0x0000000084900000)
 Metaspace       used 61992K, committed 63360K, reserved 1114112K
  class space    used 6608K, committed 7168K, reserved 1048576K
}
Event: 36.709 GC heap after
{Heap after GC invocations=81 (full 3):
 PSYoungGen      total 19968K, used 1280K [0x00000000d5580000, 0x00000000d6c80000, 0x0000000100000000)
  eden space 18432K, 0% used [0x00000000d5580000,0x00000000d5580000,0x00000000d6780000)
  from space 1536K, 83% used [0x00000000d6b00000,0x00000000d6c40000,0x00000000d6c80000)
  to   space 2048K, 0% used [0x00000000d6880000,0x00000000d6880000,0x00000000d6a80000)
 ParOldGen       total 74752K, used 68690K [0x0000000080000000, 0x0000000084900000, 0x00000000d5580000)
  object space 74752K, 91% used [0x0000000080000000,0x0000000084314b08,0x0000000084900000)
 Metaspace       used 61992K, committed 63360K, reserved 1114112K
  class space    used 6608K, committed 7168K, reserved 1048576K
}
Event: 36.919 GC heap before
{Heap before GC invocations=82 (full 3):
 PSYoungGen      total 19968K, used 19712K [0x00000000d5580000, 0x00000000d6c80000, 0x0000000100000000)
  eden space 18432K, 100% used [0x00000000d5580000,0x00000000d6780000,0x00000000d6780000)
  from space 1536K, 83% used [0x00000000d6b00000,0x00000000d6c40000,0x00000000d6c80000)
  to   space 2048K, 0% used [0x00000000d6880000,0x00000000d6880000,0x00000000d6a80000)
 ParOldGen       total 74752K, used 68690K [0x0000000080000000, 0x0000000084900000, 0x00000000d5580000)
  object space 74752K, 91% used [0x0000000080000000,0x0000000084314b08,0x0000000084900000)
 Metaspace       used 62626K, committed 64064K, reserved 1114112K
  class space    used 6652K, committed 7232K, reserved 1048576K
}
Event: 36.922 GC heap after
{Heap after GC invocations=82 (full 3):
 PSYoungGen      total 20480K, used 512K [0x00000000d5580000, 0x00000000d6b80000, 0x0000000100000000)
  eden space 18432K, 0% used [0x00000000d5580000,0x00000000d5580000,0x00000000d6780000)
  from space 2048K, 25% used [0x00000000d6880000,0x00000000d6900000,0x00000000d6a80000)
  to   space 1024K, 0% used [0x00000000d6a80000,0x00000000d6a80000,0x00000000d6b80000)
 ParOldGen       total 74752K, used 69689K [0x0000000080000000, 0x0000000084900000, 0x00000000d5580000)
  object space 74752K, 93% used [0x0000000080000000,0x000000008440e410,0x0000000084900000)
 Metaspace       used 62626K, committed 64064K, reserved 1114112K
  class space    used 6652K, committed 7232K, reserved 1048576K
}
Event: 37.651 GC heap before
{Heap before GC invocations=83 (full 3):
 PSYoungGen      total 20480K, used 18944K [0x00000000d5580000, 0x00000000d6b80000, 0x0000000100000000)
  eden space 18432K, 100% used [0x00000000d5580000,0x00000000d6780000,0x00000000d6780000)
  from space 2048K, 25% used [0x00000000d6880000,0x00000000d6900000,0x00000000d6a80000)
  to   space 1024K, 0% used [0x00000000d6a80000,0x00000000d6a80000,0x00000000d6b80000)
 ParOldGen       total 74752K, used 69689K [0x0000000080000000, 0x0000000084900000, 0x00000000d5580000)
  object space 74752K, 93% used [0x0000000080000000,0x000000008440e410,0x0000000084900000)
 Metaspace       used 63301K, committed 64704K, reserved 1114112K
  class space    used 6690K, committed 7296K, reserved 1048576K
}
Event: 37.656 GC heap after
{Heap after GC invocations=83 (full 3):
 PSYoungGen      total 19456K, used 1018K [0x00000000d5580000, 0x00000000d6b80000, 0x0000000100000000)
  eden space 18432K, 0% used [0x00000000d5580000,0x00000000d5580000,0x00000000d6780000)
  from space 1024K, 99% used [0x00000000d6a80000,0x00000000d6b7e920,0x00000000d6b80000)
  to   space 1536K, 0% used [0x00000000d6880000,0x00000000d6880000,0x00000000d6a00000)
 ParOldGen       total 74752K, used 70145K [0x0000000080000000, 0x0000000084900000, 0x00000000d5580000)
  object space 74752K, 93% used [0x0000000080000000,0x0000000084480410,0x0000000084900000)
 Metaspace       used 63301K, committed 64704K, reserved 1114112K
  class space    used 6690K, committed 7296K, reserved 1048576K
}
Event: 38.443 GC heap before
{Heap before GC invocations=84 (full 3):
 PSYoungGen      total 19456K, used 19433K [0x00000000d5580000, 0x00000000d6b80000, 0x0000000100000000)
  eden space 18432K, 99% used [0x00000000d5580000,0x00000000d677beb0,0x00000000d6780000)
  from space 1024K, 99% used [0x00000000d6a80000,0x00000000d6b7e920,0x00000000d6b80000)
  to   space 1536K, 0% used [0x00000000d6880000,0x00000000d6880000,0x00000000d6a00000)
 ParOldGen       total 74752K, used 70145K [0x0000000080000000, 0x0000000084900000, 0x00000000d5580000)
  object space 74752K, 93% used [0x0000000080000000,0x0000000084480410,0x0000000084900000)
 Metaspace       used 64661K, committed 66048K, reserved 1114112K
  class space    used 6825K, committed 7424K, reserved 1048576K
}
Event: 38.447 GC heap after
{Heap after GC invocations=84 (full 3):
 PSYoungGen      total 19968K, used 1322K [0x00000000d5580000, 0x00000000d6b00000, 0x0000000100000000)
  eden space 18432K, 0% used [0x00000000d5580000,0x00000000d5580000,0x00000000d6780000)
  from space 1536K, 86% used [0x00000000d6880000,0x00000000d69ca950,0x00000000d6a00000)
  to   space 1024K, 0% used [0x00000000d6a00000,0x00000000d6a00000,0x00000000d6b00000)
 ParOldGen       total 74752K, used 70413K [0x0000000080000000, 0x0000000084900000, 0x00000000d5580000)
  object space 74752K, 94% used [0x0000000080000000,0x00000000844c36a0,0x0000000084900000)
 Metaspace       used 64661K, committed 66048K, reserved 1114112K
  class space    used 6825K, committed 7424K, reserved 1048576K
}
Event: 39.366 GC heap before
{Heap before GC invocations=85 (full 3):
 PSYoungGen      total 19968K, used 19754K [0x00000000d5580000, 0x00000000d6b00000, 0x0000000100000000)
  eden space 18432K, 100% used [0x00000000d5580000,0x00000000d6780000,0x00000000d6780000)
  from space 1536K, 86% used [0x00000000d6880000,0x00000000d69ca950,0x00000000d6a00000)
  to   space 1024K, 0% used [0x00000000d6a00000,0x00000000d6a00000,0x00000000d6b00000)
 ParOldGen       total 74752K, used 70413K [0x0000000080000000, 0x0000000084900000, 0x00000000d5580000)
  object space 74752K, 94% used [0x0000000080000000,0x00000000844c36a0,0x0000000084900000)
 Metaspace       used 64833K, committed 66176K, reserved 1114112K
  class space    used 6848K, committed 7424K, reserved 1048576K
}
Event: 39.370 GC heap after
{Heap after GC invocations=85 (full 3):
 PSYoungGen      total 18944K, used 436K [0x00000000d5580000, 0x00000000d6a80000, 0x0000000100000000)
  eden space 18432K, 0% used [0x00000000d5580000,0x00000000d5580000,0x00000000d6780000)
  from space 512K, 85% used [0x00000000d6a00000,0x00000000d6a6d200,0x00000000d6a80000)
  to   space 1024K, 0% used [0x00000000d6880000,0x00000000d6880000,0x00000000d6980000)
 ParOldGen       total 74752K, used 71541K [0x0000000080000000, 0x0000000084900000, 0x00000000d5580000)
  object space 74752K, 95% used [0x0000000080000000,0x00000000845dd4f0,0x0000000084900000)
 Metaspace       used 64833K, committed 66176K, reserved 1114112K
  class space    used 6848K, committed 7424K, reserved 1048576K
}
Event: 91.964 GC heap before
{Heap before GC invocations=86 (full 3):
 PSYoungGen      total 18944K, used 18868K [0x00000000d5580000, 0x00000000d6a80000, 0x0000000100000000)
  eden space 18432K, 100% used [0x00000000d5580000,0x00000000d6780000,0x00000000d6780000)
  from space 512K, 85% used [0x00000000d6a00000,0x00000000d6a6d200,0x00000000d6a80000)
  to   space 1024K, 0% used [0x00000000d6880000,0x00000000d6880000,0x00000000d6980000)
 ParOldGen       total 74752K, used 71541K [0x0000000080000000, 0x0000000084900000, 0x00000000d5580000)
  object space 74752K, 95% used [0x0000000080000000,0x00000000845dd4f0,0x0000000084900000)
 Metaspace       used 65475K, committed 66816K, reserved 1114112K
  class space    used 6924K, committed 7488K, reserved 1048576K
}
Event: 92.070 GC heap after
{Heap after GC invocations=86 (full 3):
 PSYoungGen      total 19456K, used 480K [0x00000000d5580000, 0x00000000d6a80000, 0x0000000100000000)
  eden space 18432K, 0% used [0x00000000d5580000,0x00000000d5580000,0x00000000d6780000)
  from space 1024K, 46% used [0x00000000d6880000,0x00000000d68f8000,0x00000000d6980000)
  to   space 1024K, 0% used [0x00000000d6980000,0x00000000d6980000,0x00000000d6a80000)
 ParOldGen       total 74752K, used 71653K [0x0000000080000000, 0x0000000084900000, 0x00000000d5580000)
  object space 74752K, 95% used [0x0000000080000000,0x00000000845f94f0,0x0000000084900000)
 Metaspace       used 65475K, committed 66816K, reserved 1114112K
  class space    used 6924K, committed 7488K, reserved 1048576K
}
Event: 97.381 GC heap before
{Heap before GC invocations=87 (full 3):
 PSYoungGen      total 19456K, used 18912K [0x00000000d5580000, 0x00000000d6a80000, 0x0000000100000000)
  eden space 18432K, 100% used [0x00000000d5580000,0x00000000d6780000,0x00000000d6780000)
  from space 1024K, 46% used [0x00000000d6880000,0x00000000d68f8000,0x00000000d6980000)
  to   space 1024K, 0% used [0x00000000d6980000,0x00000000d6980000,0x00000000d6a80000)
 ParOldGen       total 74752K, used 71653K [0x0000000080000000, 0x0000000084900000, 0x00000000d5580000)
  object space 74752K, 95% used [0x0000000080000000,0x00000000845f94f0,0x0000000084900000)
 Metaspace       used 66275K, committed 67648K, reserved 1114112K
  class space    used 6976K, committed 7552K, reserved 1048576K
}
Event: 97.395 GC heap after
{Heap after GC invocations=87 (full 3):
 PSYoungGen      total 19456K, used 1011K [0x00000000d5580000, 0x00000000d6a80000, 0x0000000100000000)
  eden space 18432K, 0% used [0x00000000d5580000,0x00000000d5580000,0x00000000d6780000)
  from space 1024K, 98% used [0x00000000d6980000,0x00000000d6a7cc90,0x00000000d6a80000)
  to   space 1536K, 0% used [0x00000000d6780000,0x00000000d6780000,0x00000000d6900000)
 ParOldGen       total 74752K, used 72015K [0x0000000080000000, 0x0000000084900000, 0x00000000d5580000)
  object space 74752K, 96% used [0x0000000080000000,0x0000000084653c50,0x0000000084900000)
 Metaspace       used 66275K, committed 67648K, reserved 1114112K
  class space    used 6976K, committed 7552K, reserved 1048576K
}

