# JRE version: OpenJDK Runtime Environment Temurin-21.0.10+7 (21.0.10+7) (build 21.0.10+7-LTS)
# Java VM: OpenJDK 64-Bit Server VM Temurin-21.0.10+7 (21.0.10+7-LTS, mixed mode, sharing, tiered, compressed oops, compressed class ptrs, parallel gc, windows-amd64)
GC Precious Log:
 CardTable entry size: 512
 CPUs: 4 total, 4 available
 Memory: 3891M
 Large Page Support: Disabled
 NUMA Support: Disabled
 Compressed Oops: Enabled (32-bit)
 Alignments: Space 512K, Generation 512K, Heap 2M
 Heap Min Capacity: 100M
 Heap Initial Capacity: 100M
 Heap Max Capacity: 2G
 Pre-touch: Disabled
 Parallel Workers: 4
Heap:
 PSYoungGen      total 5120K, used 3219K [0x00000000d5580000, 0x00000000d5d00000, 0x0000000100000000)
  eden space 4608K, 60% used [0x00000000d5580000,0x00000000d5838c10,0x00000000d5a00000)
  from space 512K, 84% used [0x00000000d5c00000,0x00000000d5c6c050,0x00000000d5c80000)
  to   space 512K, 0% used [0x00000000d5c80000,0x00000000d5c80000,0x00000000d5d00000)
 ParOldGen       total 225792K, used 225544K [0x0000000080000000, 0x000000008dc80000, 0x00000000d5580000)
  object space 225792K, 99% used [0x0000000080000000,0x000000008dc423a8,0x000000008dc80000)
 Metaspace       used 73688K, committed 75392K, reserved 1179648K
  class space    used 7457K, committed 8256K, reserved 1048576K
GC Heap History (20 events):
Event: 416.925 GC heap before
{Heap before GC invocations=145 (full 3):
 PSYoungGen      total 11264K, used 10976K [0x00000000d5580000, 0x00000000d6580000, 0x0000000100000000)
  eden space 6144K, 100% used [0x00000000d5580000,0x00000000d5b80000,0x00000000d5b80000)
  from space 5120K, 94% used [0x00000000d5d00000,0x00000000d61b8000,0x00000000d6200000)
  to   space 3584K, 0% used [0x00000000d6200000,0x00000000d6200000,0x00000000d6580000)
 ParOldGen       total 172032K, used 171571K [0x0000000080000000, 0x000000008a800000, 0x00000000d5580000)
  object space 172032K, 99% used [0x0000000080000000,0x000000008a78cd98,0x000000008a800000)
 Metaspace       used 73135K, committed 74688K, reserved 1179648K
  class space    used 7411K, committed 8128K, reserved 1048576K
}
Event: 416.943 GC heap after
{Heap after GC invocations=145 (full 3):
 PSYoungGen      total 9728K, used 3327K [0x00000000d5580000, 0x00000000d6580000, 0x0000000100000000)
  eden space 6144K, 0% used [0x00000000d5580000,0x00000000d5580000,0x00000000d5b80000)
  from space 3584K, 92% used [0x00000000d6200000,0x00000000d653fda8,0x00000000d6580000)
  to   space 4096K, 0% used [0x00000000d5d80000,0x00000000d5d80000,0x00000000d6180000)
 ParOldGen       total 176640K, used 176344K [0x0000000080000000, 0x000000008ac80000, 0x00000000d5580000)
  object space 176640K, 99% used [0x0000000080000000,0x000000008ac36148,0x000000008ac80000)
 Metaspace       used 73135K, committed 74688K, reserved 1179648K
  class space    used 7411K, committed 8128K, reserved 1048576K
}
Event: 417.142 GC heap before
{Heap before GC invocations=146 (full 3):
 PSYoungGen      total 9728K, used 9471K [0x00000000d5580000, 0x00000000d6580000, 0x0000000100000000)
  eden space 6144K, 100% used [0x00000000d5580000,0x00000000d5b80000,0x00000000d5b80000)
  from space 3584K, 92% used [0x00000000d6200000,0x00000000d653fda8,0x00000000d6580000)
  to   space 4096K, 0% used [0x00000000d5d80000,0x00000000d5d80000,0x00000000d6180000)
 ParOldGen       total 176640K, used 176344K [0x0000000080000000, 0x000000008ac80000, 0x00000000d5580000)
  object space 176640K, 99% used [0x0000000080000000,0x000000008ac36148,0x000000008ac80000)
 Metaspace       used 73163K, committed 74752K, reserved 1179648K
  class space    used 7412K, committed 8128K, reserved 1048576K
}
Event: 417.151 GC heap after
{Heap after GC invocations=146 (full 3):
 PSYoungGen      total 7680K, used 1081K [0x00000000d5580000, 0x00000000d6280000, 0x0000000100000000)
  eden space 6144K, 0% used [0x00000000d5580000,0x00000000d5580000,0x00000000d5b80000)
  from space 1536K, 70% used [0x00000000d5d80000,0x00000000d5e8e600,0x00000000d5f00000)
  to   space 2048K, 0% used [0x00000000d6080000,0x00000000d6080000,0x00000000d6280000)
 ParOldGen       total 179200K, used 179161K [0x0000000080000000, 0x000000008af00000, 0x00000000d5580000)
  object space 179200K, 99% used [0x0000000080000000,0x000000008aef6468,0x000000008af00000)
 Metaspace       used 73163K, committed 74752K, reserved 1179648K
  class space    used 7412K, committed 8128K, reserved 1048576K
}
Event: 419.501 GC heap before
{Heap before GC invocations=147 (full 3):
 PSYoungGen      total 7680K, used 7225K [0x00000000d5580000, 0x00000000d6280000, 0x0000000100000000)
  eden space 6144K, 100% used [0x00000000d5580000,0x00000000d5b80000,0x00000000d5b80000)
  from space 1536K, 70% used [0x00000000d5d80000,0x00000000d5e8e600,0x00000000d5f00000)
  to   space 2048K, 0% used [0x00000000d6080000,0x00000000d6080000,0x00000000d6280000)
 ParOldGen       total 179200K, used 179161K [0x0000000080000000, 0x000000008af00000, 0x00000000d5580000)
  object space 179200K, 99% used [0x0000000080000000,0x000000008aef6468,0x000000008af00000)
 Metaspace       used 73257K, committed 74816K, reserved 1179648K
  class space    used 7421K, committed 8128K, reserved 1048576K
}
Event: 419.513 GC heap after
{Heap after GC invocations=147 (full 3):
 PSYoungGen      total 6656K, used 2022K [0x00000000d5580000, 0x00000000d6880000, 0x0000000100000000)
  eden space 4608K, 0% used [0x00000000d5580000,0x00000000d5580000,0x00000000d5a00000)
  from space 2048K, 98% used [0x00000000d6080000,0x00000000d6279800,0x00000000d6280000)
  to   space 6656K, 0% used [0x00000000d5a00000,0x00000000d5a00000,0x00000000d6080000)
 ParOldGen       total 182784K, used 182676K [0x0000000080000000, 0x000000008b280000, 0x00000000d5580000)
  object space 182784K, 99% used [0x0000000080000000,0x000000008b2653e8,0x000000008b280000)
 Metaspace       used 73257K, committed 74816K, reserved 1179648K
  class space    used 7421K, committed 8128K, reserved 1048576K
}
Event: 419.893 GC heap before
{Heap before GC invocations=148 (full 3):
 PSYoungGen      total 6656K, used 6630K [0x00000000d5580000, 0x00000000d6880000, 0x0000000100000000)
  eden space 4608K, 100% used [0x00000000d5580000,0x00000000d5a00000,0x00000000d5a00000)
  from space 2048K, 98% used [0x00000000d6080000,0x00000000d6279800,0x00000000d6280000)
  to   space 6656K, 0% used [0x00000000d5a00000,0x00000000d5a00000,0x00000000d6080000)
 ParOldGen       total 182784K, used 182676K [0x0000000080000000, 0x000000008b280000, 0x00000000d5580000)
  object space 182784K, 99% used [0x0000000080000000,0x000000008b2653e8,0x000000008b280000)
 Metaspace       used 73275K, committed 74816K, reserved 1179648K
  class space    used 7423K, committed 8128K, reserved 1048576K
}
Event: 419.899 GC heap after
{Heap after GC invocations=148 (full 3):
 PSYoungGen      total 9216K, used 4310K [0x00000000d5580000, 0x00000000d6400000, 0x0000000100000000)
  eden space 4608K, 0% used [0x00000000d5580000,0x00000000d5580000,0x00000000d5a00000)
  from space 4608K, 93% used [0x00000000d5a00000,0x00000000d5e35af0,0x00000000d5e80000)
  to   space 5120K, 0% used [0x00000000d5f00000,0x00000000d5f00000,0x00000000d6400000)
 ParOldGen       total 184320K, used 183903K [0x0000000080000000, 0x000000008b400000, 0x00000000d5580000)
  object space 184320K, 99% used [0x0000000080000000,0x000000008b397fe8,0x000000008b400000)
 Metaspace       used 73275K, committed 74816K, reserved 1179648K
  class space    used 7423K, committed 8128K, reserved 1048576K
}
Event: 420.229 GC heap before
{Heap before GC invocations=149 (full 3):
 PSYoungGen      total 9216K, used 8888K [0x00000000d5580000, 0x00000000d6400000, 0x0000000100000000)
  eden space 4608K, 99% used [0x00000000d5580000,0x00000000d59f87e0,0x00000000d5a00000)
  from space 4608K, 93% used [0x00000000d5a00000,0x00000000d5e35af0,0x00000000d5e80000)
  to   space 5120K, 0% used [0x00000000d5f00000,0x00000000d5f00000,0x00000000d6400000)
 ParOldGen       total 184320K, used 183903K [0x0000000080000000, 0x000000008b400000, 0x00000000d5580000)
  object space 184320K, 99% used [0x0000000080000000,0x000000008b397fe8,0x000000008b400000)
 Metaspace       used 73275K, committed 74816K, reserved 1179648K
  class space    used 7423K, committed 8128K, reserved 1048576K
}
Event: 420.256 GC heap after
{Heap after GC invocations=149 (full 3):
 PSYoungGen      total 9216K, used 4420K [0x00000000d5580000, 0x00000000d6380000, 0x0000000100000000)
  eden space 4608K, 0% used [0x00000000d5580000,0x00000000d5580000,0x00000000d5a00000)
  from space 4608K, 95% used [0x00000000d5f00000,0x00000000d6351000,0x00000000d6380000)
  to   space 4608K, 0% used [0x00000000d5a00000,0x00000000d5a00000,0x00000000d5e80000)
 ParOldGen       total 188928K, used 188554K [0x0000000080000000, 0x000000008b880000, 0x00000000d5580000)
  object space 188928K, 99% used [0x0000000080000000,0x000000008b822850,0x000000008b880000)
 Metaspace       used 73275K, committed 74816K, reserved 1179648K
  class space    used 7423K, committed 8128K, reserved 1048576K
}
Event: 421.101 GC heap before
{Heap before GC invocations=150 (full 3):
 PSYoungGen      total 9216K, used 9028K [0x00000000d5580000, 0x00000000d6380000, 0x0000000100000000)
  eden space 4608K, 100% used [0x00000000d5580000,0x00000000d5a00000,0x00000000d5a00000)
  from space 4608K, 95% used [0x00000000d5f00000,0x00000000d6351000,0x00000000d6380000)
  to   space 4608K, 0% used [0x00000000d5a00000,0x00000000d5a00000,0x00000000d5e80000)
 ParOldGen       total 220672K, used 219274K [0x0000000080000000, 0x000000008d780000, 0x00000000d5580000)
  object space 220672K, 99% used [0x0000000080000000,0x000000008d622880,0x000000008d780000)
 Metaspace       used 73334K, committed 74880K, reserved 1179648K
  class space    used 7427K, committed 8128K, reserved 1048576K
}
Event: 421.113 GC heap after
{Heap after GC invocations=150 (full 3):
 PSYoungGen      total 7168K, used 2064K [0x00000000d5580000, 0x00000000d6000000, 0x0000000100000000)
  eden space 4608K, 0% used [0x00000000d5580000,0x00000000d5580000,0x00000000d5a00000)
  from space 2560K, 80% used [0x00000000d5a00000,0x00000000d5c04000,0x00000000d5c80000)
  to   space 3072K, 0% used [0x00000000d5d00000,0x00000000d5d00000,0x00000000d6000000)
 ParOldGen       total 223744K, used 223426K [0x0000000080000000, 0x000000008da80000, 0x00000000d5580000)
  object space 223744K, 99% used [0x0000000080000000,0x000000008da30880,0x000000008da80000)
 Metaspace       used 73334K, committed 74880K, reserved 1179648K
  class space    used 7427K, committed 8128K, reserved 1048576K
}
Event: 421.297 GC heap before
{Heap before GC invocations=151 (full 3):
 PSYoungGen      total 7168K, used 6671K [0x00000000d5580000, 0x00000000d6000000, 0x0000000100000000)
  eden space 4608K, 99% used [0x00000000d5580000,0x00000000d59ffff8,0x00000000d5a00000)
  from space 2560K, 80% used [0x00000000d5a00000,0x00000000d5c04000,0x00000000d5c80000)
  to   space 3072K, 0% used [0x00000000d5d00000,0x00000000d5d00000,0x00000000d6000000)
 ParOldGen       total 223744K, used 223426K [0x0000000080000000, 0x000000008da80000, 0x00000000d5580000)
  object space 223744K, 99% used [0x0000000080000000,0x000000008da30880,0x000000008da80000)
 Metaspace       used 73341K, committed 74944K, reserved 1179648K
  class space    used 7427K, committed 8128K, reserved 1048576K
}
Event: 421.307 GC heap after
{Heap after GC invocations=151 (full 3):
 PSYoungGen      total 5632K, used 596K [0x00000000d5580000, 0x00000000d5e00000, 0x0000000100000000)
  eden space 4608K, 0% used [0x00000000d5580000,0x00000000d5580000,0x00000000d5a00000)
  from space 1024K, 58% used [0x00000000d5d00000,0x00000000d5d95220,0x00000000d5e00000)
  to   space 1536K, 0% used [0x00000000d5b00000,0x00000000d5b00000,0x00000000d5c80000)
 ParOldGen       total 225792K, used 225400K [0x0000000080000000, 0x000000008dc80000, 0x00000000d5580000)
  object space 225792K, 99% used [0x0000000080000000,0x000000008dc1e388,0x000000008dc80000)
 Metaspace       used 73341K, committed 74944K, reserved 1179648K
  class space    used 7427K, committed 8128K, reserved 1048576K
}
Event: 421.420 GC heap before
{Heap before GC invocations=152 (full 3):
 PSYoungGen      total 5632K, used 5204K [0x00000000d5580000, 0x00000000d5e00000, 0x0000000100000000)
  eden space 4608K, 100% used [0x00000000d5580000,0x00000000d5a00000,0x00000000d5a00000)
  from space 1024K, 58% used [0x00000000d5d00000,0x00000000d5d95220,0x00000000d5e00000)
  to   space 1536K, 0% used [0x00000000d5b00000,0x00000000d5b00000,0x00000000d5c80000)
 ParOldGen       total 225792K, used 225400K [0x0000000080000000, 0x000000008dc80000, 0x00000000d5580000)
  object space 225792K, 99% used [0x0000000080000000,0x000000008dc1e388,0x000000008dc80000)
 Metaspace       used 73346K, committed 74944K, reserved 1179648K
  class space    used 7427K, committed 8128K, reserved 1048576K
}
Event: 421.423 GC heap after
{Heap after GC invocations=152 (full 3):
 PSYoungGen      total 6144K, used 468K [0x00000000d5580000, 0x00000000d5d80000, 0x0000000100000000)
  eden space 4608K, 0% used [0x00000000d5580000,0x00000000d5580000,0x00000000d5a00000)
  from space 1536K, 30% used [0x00000000d5b00000,0x00000000d5b75200,0x00000000d5c80000)
  to   space 1024K, 0% used [0x00000000d5c80000,0x00000000d5c80000,0x00000000d5d80000)
 ParOldGen       total 225792K, used 225504K [0x0000000080000000, 0x000000008dc80000, 0x00000000d5580000)
  object space 225792K, 99% used [0x0000000080000000,0x000000008dc383a8,0x000000008dc80000)
 Metaspace       used 73346K, committed 74944K, reserved 1179648K
  class space    used 7427K, committed 8128K, reserved 1048576K
}
Event: 421.598 GC heap before
{Heap before GC invocations=153 (full 3):
 PSYoungGen      total 6144K, used 5076K [0x00000000d5580000, 0x00000000d5d80000, 0x0000000100000000)
  eden space 4608K, 99% used [0x00000000d5580000,0x00000000d59fffb8,0x00000000d5a00000)
  from space 1536K, 30% used [0x00000000d5b00000,0x00000000d5b75200,0x00000000d5c80000)
  to   space 1024K, 0% used [0x00000000d5c80000,0x00000000d5c80000,0x00000000d5d80000)
 ParOldGen       total 225792K, used 225504K [0x0000000080000000, 0x000000008dc80000, 0x00000000d5580000)
  object space 225792K, 99% used [0x0000000080000000,0x000000008dc383a8,0x000000008dc80000)
 Metaspace       used 73350K, committed 74944K, reserved 1179648K
  class space    used 7427K, committed 8128K, reserved 1048576K
}
Event: 421.602 GC heap after
{Heap after GC invocations=153 (full 3):
 PSYoungGen      total 5120K, used 144K [0x00000000d5580000, 0x00000000d5d00000, 0x0000000100000000)
  eden space 4608K, 0% used [0x00000000d5580000,0x00000000d5580000,0x00000000d5a00000)
  from space 512K, 28% used [0x00000000d5c80000,0x00000000d5ca4010,0x00000000d5d00000)
  to   space 512K, 0% used [0x00000000d5c00000,0x00000000d5c00000,0x00000000d5c80000)
 ParOldGen       total 225792K, used 225528K [0x0000000080000000, 0x000000008dc80000, 0x00000000d5580000)
  object space 225792K, 99% used [0x0000000080000000,0x000000008dc3e3a8,0x000000008dc80000)
 Metaspace       used 73350K, committed 74944K, reserved 1179648K
  class space    used 7427K, committed 8128K, reserved 1048576K
}
Event: 17843.958 GC heap before
{Heap before GC invocations=154 (full 3):
 PSYoungGen      total 5120K, used 4751K [0x00000000d5580000, 0x00000000d5d00000, 0x0000000100000000)
  eden space 4608K, 99% used [0x00000000d5580000,0x00000000d59fffd0,0x00000000d5a00000)
  from space 512K, 28% used [0x00000000d5c80000,0x00000000d5ca4010,0x00000000d5d00000)
  to   space 512K, 0% used [0x00000000d5c00000,0x00000000d5c00000,0x00000000d5c80000)
 ParOldGen       total 225792K, used 225528K [0x0000000080000000, 0x000000008dc80000, 0x00000000d5580000)
  object space 225792K, 99% used [0x0000000080000000,0x000000008dc3e3a8,0x000000008dc80000)
 Metaspace       used 73678K, committed 75392K, reserved 1179648K
  class space    used 7457K, committed 8256K, reserved 1048576K
}
Event: 17844.175 GC heap after
{Heap after GC invocations=154 (full 3):
 PSYoungGen      total 5120K, used 432K [0x00000000d5580000, 0x00000000d5d00000, 0x0000000100000000)
  eden space 4608K, 0% used [0x00000000d5580000,0x00000000d5580000,0x00000000d5a00000)
  from space 512K, 84% used [0x00000000d5c00000,0x00000000d5c6c050,0x00000000d5c80000)
  to   space 512K, 0% used [0x00000000d5c80000,0x00000000d5c80000,0x00000000d5d00000)
 ParOldGen       total 225792K, used 225544K [0x0000000080000000, 0x000000008dc80000, 0x00000000d5580000)
  object space 225792K, 99% used [0x0000000080000000,0x000000008dc423a8,0x000000008dc80000)
 Metaspace       used 73678K, committed 75392K, reserved 1179648K
  class space    used 7457K, committed 8256K, reserved 1048576K
}

