# JRE version: OpenJDK Runtime Environment Temurin-21.0.10+7 (21.0.10+7) (build 21.0.10+7-LTS)
# Java VM: OpenJDK 64-Bit Server VM Temurin-21.0.10+7 (21.0.10+7-LTS, mixed mode, sharing, tiered, compressed oops, compressed class ptrs, parallel gc, windows-amd64)
GC Precious Log:
 CardTable entry size: 512
 CPUs: 4 total, 4 available
 Memory: 3891M
 Large Page Support: Disabled
 NUMA Support: Disabled
 Compressed Oops: Enabled (32-bit)
 Alignments: Space 512K, Generation 512K, Heap 2M
 Heap Min Capacity: 100M
 Heap Initial Capacity: 100M
 Heap Max Capacity: 2G
 Pre-touch: Disabled
 Parallel Workers: 4
Heap:
 PSYoungGen      total 34816K, used 13286K [0x00000000d5580000, 0x00000000d8200000, 0x0000000100000000)
  eden space 26624K, 19% used [0x00000000d5580000,0x00000000d5a7b268,0x00000000d6f80000)
  from space 8192K, 99% used [0x00000000d6f80000,0x00000000d777e7b0,0x00000000d7780000)
  to   space 9216K, 0% used [0x00000000d7900000,0x00000000d7900000,0x00000000d8200000)
 ParOldGen       total 1398272K, used 70427K [0x0000000080000000, 0x00000000d5580000, 0x00000000d5580000)
  object space 1398272K, 5% used [0x0000000080000000,0x00000000844c6f58,0x00000000d5580000)
 Metaspace       used 64868K, committed 66304K, reserved 1114112K
  class space    used 6681K, committed 7232K, reserved 1048576K
GC Heap History (20 events):
Event: 100.374 GC heap before
{Heap before GC invocations=74 (full 4):
 PSYoungGen      total 29184K, used 29168K [0x00000000d5580000, 0x00000000d7980000, 0x0000000100000000)
  eden space 25088K, 100% used [0x00000000d5580000,0x00000000d6e00000,0x00000000d6e00000)
  from space 4096K, 99% used [0x00000000d6e00000,0x00000000d71fc000,0x00000000d7200000)
  to   space 5632K, 0% used [0x00000000d7400000,0x00000000d7400000,0x00000000d7980000)
 ParOldGen       total 1398272K, used 63527K [0x0000000080000000, 0x00000000d5580000, 0x00000000d5580000)
  object space 1398272K, 4% used [0x0000000080000000,0x0000000083e09ff8,0x00000000d5580000)
 Metaspace       used 60032K, committed 61248K, reserved 1114112K
  class space    used 6335K, committed 6848K, reserved 1048576K
}
Event: 100.387 GC heap after
{Heap after GC invocations=74 (full 4):
 PSYoungGen      total 31232K, used 5138K [0x00000000d5580000, 0x00000000d7980000, 0x0000000100000000)
  eden space 25600K, 0% used [0x00000000d5580000,0x00000000d5580000,0x00000000d6e80000)
  from space 5632K, 91% used [0x00000000d7400000,0x00000000d7904b08,0x00000000d7980000)
  to   space 5632K, 0% used [0x00000000d6e80000,0x00000000d6e80000,0x00000000d7400000)
 ParOldGen       total 1398272K, used 64080K [0x0000000080000000, 0x00000000d5580000, 0x00000000d5580000)
  object space 1398272K, 4% used [0x0000000080000000,0x0000000083e94008,0x00000000d5580000)
 Metaspace       used 60032K, committed 61248K, reserved 1114112K
  class space    used 6335K, committed 6848K, reserved 1048576K
}
Event: 102.264 GC heap before
{Heap before GC invocations=75 (full 4):
 PSYoungGen      total 31232K, used 30738K [0x00000000d5580000, 0x00000000d7980000, 0x0000000100000000)
  eden space 25600K, 99% used [0x00000000d5580000,0x00000000d6e7fe70,0x00000000d6e80000)
  from space 5632K, 91% used [0x00000000d7400000,0x00000000d7904b08,0x00000000d7980000)
  to   space 5632K, 0% used [0x00000000d6e80000,0x00000000d6e80000,0x00000000d7400000)
 ParOldGen       total 1398272K, used 64080K [0x0000000080000000, 0x00000000d5580000, 0x00000000d5580000)
  object space 1398272K, 4% used [0x0000000080000000,0x0000000083e94008,0x00000000d5580000)
 Metaspace       used 61424K, committed 62656K, reserved 1114112K
  class space    used 6493K, committed 6976K, reserved 1048576K
}
Event: 102.280 GC heap after
{Heap after GC invocations=75 (full 4):
 PSYoungGen      total 31232K, used 5627K [0x00000000d5580000, 0x00000000d7e00000, 0x0000000100000000)
  eden space 25600K, 0% used [0x00000000d5580000,0x00000000d5580000,0x00000000d6e80000)
  from space 5632K, 99% used [0x00000000d6e80000,0x00000000d73fef88,0x00000000d7400000)
  to   space 7680K, 0% used [0x00000000d7680000,0x00000000d7680000,0x00000000d7e00000)
 ParOldGen       total 1398272K, used 65619K [0x0000000080000000, 0x00000000d5580000, 0x00000000d5580000)
  object space 1398272K, 4% used [0x0000000080000000,0x0000000084014d38,0x00000000d5580000)
 Metaspace       used 61424K, committed 62656K, reserved 1114112K
  class space    used 6493K, committed 6976K, reserved 1048576K
}
Event: 103.481 GC heap before
{Heap before GC invocations=76 (full 4):
 PSYoungGen      total 31232K, used 31227K [0x00000000d5580000, 0x00000000d7e00000, 0x0000000100000000)
  eden space 25600K, 100% used [0x00000000d5580000,0x00000000d6e80000,0x00000000d6e80000)
  from space 5632K, 99% used [0x00000000d6e80000,0x00000000d73fef88,0x00000000d7400000)
  to   space 7680K, 0% used [0x00000000d7680000,0x00000000d7680000,0x00000000d7e00000)
 ParOldGen       total 1398272K, used 65619K [0x0000000080000000, 0x00000000d5580000, 0x00000000d5580000)
  object space 1398272K, 4% used [0x0000000080000000,0x0000000084014d38,0x00000000d5580000)
 Metaspace       used 61917K, committed 63232K, reserved 1114112K
  class space    used 6516K, committed 7040K, reserved 1048576K
}
Event: 103.499 GC heap after
{Heap after GC invocations=76 (full 4):
 PSYoungGen      total 33280K, used 6891K [0x00000000d5580000, 0x00000000d7d80000, 0x0000000100000000)
  eden space 26112K, 0% used [0x00000000d5580000,0x00000000d5580000,0x00000000d6f00000)
  from space 7168K, 96% used [0x00000000d7680000,0x00000000d7d3afb8,0x00000000d7d80000)
  to   space 7168K, 0% used [0x00000000d6f80000,0x00000000d6f80000,0x00000000d7680000)
 ParOldGen       total 1398272K, used 66019K [0x0000000080000000, 0x00000000d5580000, 0x00000000d5580000)
  object space 1398272K, 4% used [0x0000000080000000,0x0000000084078d38,0x00000000d5580000)
 Metaspace       used 61917K, committed 63232K, reserved 1114112K
  class space    used 6516K, committed 7040K, reserved 1048576K
}
Event: 105.037 GC heap before
{Heap before GC invocations=77 (full 4):
 PSYoungGen      total 33280K, used 33003K [0x00000000d5580000, 0x00000000d7d80000, 0x0000000100000000)
  eden space 26112K, 100% used [0x00000000d5580000,0x00000000d6f00000,0x00000000d6f00000)
  from space 7168K, 96% used [0x00000000d7680000,0x00000000d7d3afb8,0x00000000d7d80000)
  to   space 7168K, 0% used [0x00000000d6f80000,0x00000000d6f80000,0x00000000d7680000)
 ParOldGen       total 1398272K, used 66019K [0x0000000080000000, 0x00000000d5580000, 0x00000000d5580000)
  object space 1398272K, 4% used [0x0000000080000000,0x0000000084078d38,0x00000000d5580000)
 Metaspace       used 62110K, committed 63424K, reserved 1114112K
  class space    used 6519K, committed 7040K, reserved 1048576K
}
Event: 105.048 GC heap after
{Heap after GC invocations=77 (full 4):
 PSYoungGen      total 33792K, used 7138K [0x00000000d5580000, 0x00000000d7f80000, 0x0000000100000000)
  eden space 26624K, 0% used [0x00000000d5580000,0x00000000d5580000,0x00000000d6f80000)
  from space 7168K, 99% used [0x00000000d6f80000,0x00000000d7678b38,0x00000000d7680000)
  to   space 8192K, 0% used [0x00000000d7780000,0x00000000d7780000,0x00000000d7f80000)
 ParOldGen       total 1398272K, used 66835K [0x0000000080000000, 0x00000000d5580000, 0x00000000d5580000)
  object space 1398272K, 4% used [0x0000000080000000,0x0000000084144d38,0x00000000d5580000)
 Metaspace       used 62110K, committed 63424K, reserved 1114112K
  class space    used 6519K, committed 7040K, reserved 1048576K
}
Event: 111.110 GC heap before
{Heap before GC invocations=78 (full 4):
 PSYoungGen      total 33792K, used 33760K [0x00000000d5580000, 0x00000000d7f80000, 0x0000000100000000)
  eden space 26624K, 99% used [0x00000000d5580000,0x00000000d6f7f530,0x00000000d6f80000)
  from space 7168K, 99% used [0x00000000d6f80000,0x00000000d7678b38,0x00000000d7680000)
  to   space 8192K, 0% used [0x00000000d7780000,0x00000000d7780000,0x00000000d7f80000)
 ParOldGen       total 1398272K, used 66835K [0x0000000080000000, 0x00000000d5580000, 0x00000000d5580000)
  object space 1398272K, 4% used [0x0000000080000000,0x0000000084144d38,0x00000000d5580000)
 Metaspace       used 62666K, committed 63936K, reserved 1114112K
  class space    used 6572K, committed 7104K, reserved 1048576K
}
Event: 111.126 GC heap after
{Heap after GC invocations=78 (full 4):
 PSYoungGen      total 33792K, used 6021K [0x00000000d5580000, 0x00000000d7e00000, 0x0000000100000000)
  eden space 27136K, 0% used [0x00000000d5580000,0x00000000d5580000,0x00000000d7000000)
  from space 6656K, 90% used [0x00000000d7780000,0x00000000d7d61470,0x00000000d7e00000)
  to   space 7168K, 0% used [0x00000000d7000000,0x00000000d7000000,0x00000000d7700000)
 ParOldGen       total 1398272K, used 68291K [0x0000000080000000, 0x00000000d5580000, 0x00000000d5580000)
  object space 1398272K, 4% used [0x0000000080000000,0x00000000842b0d38,0x00000000d5580000)
 Metaspace       used 62666K, committed 63936K, reserved 1114112K
  class space    used 6572K, committed 7104K, reserved 1048576K
}
Event: 341.423 GC heap before
{Heap before GC invocations=79 (full 4):
 PSYoungGen      total 33792K, used 33157K [0x00000000d5580000, 0x00000000d7e00000, 0x0000000100000000)
  eden space 27136K, 100% used [0x00000000d5580000,0x00000000d7000000,0x00000000d7000000)
  from space 6656K, 90% used [0x00000000d7780000,0x00000000d7d61470,0x00000000d7e00000)
  to   space 7168K, 0% used [0x00000000d7000000,0x00000000d7000000,0x00000000d7700000)
 ParOldGen       total 1398272K, used 68291K [0x0000000080000000, 0x00000000d5580000, 0x00000000d5580000)
  object space 1398272K, 4% used [0x0000000080000000,0x00000000842b0d38,0x00000000d5580000)
 Metaspace       used 63494K, committed 64896K, reserved 1114112K
  class space    used 6651K, committed 7232K, reserved 1048576K
}
Event: 341.894 GC heap after
{Heap after GC invocations=79 (full 4):
 PSYoungGen      total 34304K, used 6714K [0x00000000d5580000, 0x00000000d7e80000, 0x0000000100000000)
  eden space 27136K, 0% used [0x00000000d5580000,0x00000000d5580000,0x00000000d7000000)
  from space 7168K, 93% used [0x00000000d7000000,0x00000000d768eb70,0x00000000d7700000)
  to   space 7168K, 0% used [0x00000000d7780000,0x00000000d7780000,0x00000000d7e80000)
 ParOldGen       total 1398272K, used 68299K [0x0000000080000000, 0x00000000d5580000, 0x00000000d5580000)
  object space 1398272K, 4% used [0x0000000080000000,0x00000000842b2d38,0x00000000d5580000)
 Metaspace       used 63494K, committed 64896K, reserved 1114112K
  class space    used 6651K, committed 7232K, reserved 1048576K
}
Event: 348.397 GC heap before
{Heap before GC invocations=80 (full 4):
 PSYoungGen      total 34304K, used 33850K [0x00000000d5580000, 0x00000000d7e80000, 0x0000000100000000)
  eden space 27136K, 100% used [0x00000000d5580000,0x00000000d7000000,0x00000000d7000000)
  from space 7168K, 93% used [0x00000000d7000000,0x00000000d768eb70,0x00000000d7700000)
  to   space 7168K, 0% used [0x00000000d7780000,0x00000000d7780000,0x00000000d7e80000)
 ParOldGen       total 1398272K, used 68299K [0x0000000080000000, 0x00000000d5580000, 0x00000000d5580000)
  object space 1398272K, 4% used [0x0000000080000000,0x00000000842b2d38,0x00000000d5580000)
 Metaspace       used 63938K, committed 65344K, reserved 1114112K
  class space    used 6662K, committed 7232K, reserved 1048576K
}
Event: 348.413 GC heap after
{Heap after GC invocations=80 (full 4):
 PSYoungGen      total 33280K, used 7153K [0x00000000d5580000, 0x00000000d8180000, 0x0000000100000000)
  eden space 26112K, 0% used [0x00000000d5580000,0x00000000d5580000,0x00000000d6f00000)
  from space 7168K, 99% used [0x00000000d7780000,0x00000000d7e7c4f0,0x00000000d7e80000)
  to   space 8704K, 0% used [0x00000000d6f00000,0x00000000d6f00000,0x00000000d7780000)
 ParOldGen       total 1398272K, used 69459K [0x0000000080000000, 0x00000000d5580000, 0x00000000d5580000)
  object space 1398272K, 4% used [0x0000000080000000,0x00000000843d4f48,0x00000000d5580000)
 Metaspace       used 63938K, committed 65344K, reserved 1114112K
  class space    used 6662K, committed 7232K, reserved 1048576K
}
Event: 349.842 GC heap before
{Heap before GC invocations=81 (full 4):
 PSYoungGen      total 33280K, used 33265K [0x00000000d5580000, 0x00000000d8180000, 0x0000000100000000)
  eden space 26112K, 100% used [0x00000000d5580000,0x00000000d6f00000,0x00000000d6f00000)
  from space 7168K, 99% used [0x00000000d7780000,0x00000000d7e7c4f0,0x00000000d7e80000)
  to   space 8704K, 0% used [0x00000000d6f00000,0x00000000d6f00000,0x00000000d7780000)
 ParOldGen       total 1398272K, used 69459K [0x0000000080000000, 0x00000000d5580000, 0x00000000d5580000)
  object space 1398272K, 4% used [0x0000000080000000,0x00000000843d4f48,0x00000000d5580000)
 Metaspace       used 64280K, committed 65728K, reserved 1114112K
  class space    used 6673K, committed 7232K, reserved 1048576K
}
Event: 349.855 GC heap after
{Heap after GC invocations=81 (full 4):
 PSYoungGen      total 34816K, used 7523K [0x00000000d5580000, 0x00000000d7f80000, 0x0000000100000000)
  eden space 26112K, 0% used [0x00000000d5580000,0x00000000d5580000,0x00000000d6f00000)
  from space 8704K, 86% used [0x00000000d6f00000,0x00000000d7658cc8,0x00000000d7780000)
  to   space 8192K, 0% used [0x00000000d7780000,0x00000000d7780000,0x00000000d7f80000)
 ParOldGen       total 1398272K, used 69947K [0x0000000080000000, 0x00000000d5580000, 0x00000000d5580000)
  object space 1398272K, 5% used [0x0000000080000000,0x000000008444ef48,0x00000000d5580000)
 Metaspace       used 64280K, committed 65728K, reserved 1114112K
  class space    used 6673K, committed 7232K, reserved 1048576K
}
Event: 351.143 GC heap before
{Heap before GC invocations=82 (full 4):
 PSYoungGen      total 34816K, used 33635K [0x00000000d5580000, 0x00000000d7f80000, 0x0000000100000000)
  eden space 26112K, 100% used [0x00000000d5580000,0x00000000d6f00000,0x00000000d6f00000)
  from space 8704K, 86% used [0x00000000d6f00000,0x00000000d7658cc8,0x00000000d7780000)
  to   space 8192K, 0% used [0x00000000d7780000,0x00000000d7780000,0x00000000d7f80000)
 ParOldGen       total 1398272K, used 69947K [0x0000000080000000, 0x00000000d5580000, 0x00000000d5580000)
  object space 1398272K, 5% used [0x0000000080000000,0x000000008444ef48,0x00000000d5580000)
 Metaspace       used 64573K, committed 65984K, reserved 1114112K
  class space    used 6681K, committed 7232K, reserved 1048576K
}
Event: 351.150 GC heap after
{Heap after GC invocations=82 (full 4):
 PSYoungGen      total 34816K, used 7695K [0x00000000d5580000, 0x00000000d7f80000, 0x0000000100000000)
  eden space 26624K, 0% used [0x00000000d5580000,0x00000000d5580000,0x00000000d6f80000)
  from space 8192K, 93% used [0x00000000d7780000,0x00000000d7f03f78,0x00000000d7f80000)
  to   space 8192K, 0% used [0x00000000d6f80000,0x00000000d6f80000,0x00000000d7780000)
 ParOldGen       total 1398272K, used 69947K [0x0000000080000000, 0x00000000d5580000, 0x00000000d5580000)
  object space 1398272K, 5% used [0x0000000080000000,0x000000008444ef48,0x00000000d5580000)
 Metaspace       used 64573K, committed 65984K, reserved 1114112K
  class space    used 6681K, committed 7232K, reserved 1048576K
}
Event: 352.375 GC heap before
{Heap before GC invocations=83 (full 4):
 PSYoungGen      total 34816K, used 34319K [0x00000000d5580000, 0x00000000d7f80000, 0x0000000100000000)
  eden space 26624K, 100% used [0x00000000d5580000,0x00000000d6f80000,0x00000000d6f80000)
  from space 8192K, 93% used [0x00000000d7780000,0x00000000d7f03f78,0x00000000d7f80000)
  to   space 8192K, 0% used [0x00000000d6f80000,0x00000000d6f80000,0x00000000d7780000)
 ParOldGen       total 1398272K, used 69947K [0x0000000080000000, 0x00000000d5580000, 0x00000000d5580000)
  object space 1398272K, 5% used [0x0000000080000000,0x000000008444ef48,0x00000000d5580000)
 Metaspace       used 64841K, committed 66240K, reserved 1114112K
  class space    used 6681K, committed 7232K, reserved 1048576K
}
Event: 352.385 GC heap after
{Heap after GC invocations=83 (full 4):
 PSYoungGen      total 34816K, used 8185K [0x00000000d5580000, 0x00000000d8200000, 0x0000000100000000)
  eden space 26624K, 0% used [0x00000000d5580000,0x00000000d5580000,0x00000000d6f80000)
  from space 8192K, 99% used [0x00000000d6f80000,0x00000000d777e7b0,0x00000000d7780000)
  to   space 9216K, 0% used [0x00000000d7900000,0x00000000d7900000,0x00000000d8200000)
 ParOldGen       total 1398272K, used 70427K [0x0000000080000000, 0x00000000d5580000, 0x00000000d5580000)
  object space 1398272K, 5% used [0x0000000080000000,0x00000000844c6f58,0x00000000d5580000)
 Metaspace       used 64841K, committed 66240K, reserved 1114112K
  class space    used 6681K, committed 7232K, reserved 1048576K
}

