# JRE version: OpenJDK Runtime Environment Temurin-21.0.10+7 (21.0.10+7) (build 21.0.10+7-LTS)
# Java VM: OpenJDK 64-Bit Server VM Temurin-21.0.10+7 (21.0.10+7-LTS, mixed mode, sharing, tiered, compressed oops, compressed class ptrs, parallel gc, windows-amd64)
GC Precious Log:
 CardTable entry size: 512
 CPUs: 4 total, 4 available
 Memory: 3891M
 Large Page Support: Disabled
 NUMA Support: Disabled
 Compressed Oops: Enabled (32-bit)
 Alignments: Space 512K, Generation 512K, Heap 2M
 Heap Min Capacity: 100M
 Heap Initial Capacity: 100M
 Heap Max Capacity: 2G
 Pre-touch: Disabled
 Parallel Workers: 4
Heap:
 PSYoungGen      total 2048K, used 1175K [0x00000000d5580000, 0x00000000d5900000, 0x0000000100000000)
  eden space 1536K, 55% used [0x00000000d5580000,0x00000000d5655ed0,0x00000000d5700000)
  from space 512K, 62% used [0x00000000d5880000,0x00000000d58d0000,0x00000000d5900000)
  to   space 512K, 0% used [0x00000000d5800000,0x00000000d5800000,0x00000000d5880000)
 ParOldGen       total 944640K, used 944593K [0x0000000080000000, 0x00000000b9a80000, 0x00000000d5580000)
  object space 944640K, 99% used [0x0000000080000000,0x00000000b9a74478,0x00000000b9a80000)
 Metaspace       used 84061K, committed 85824K, reserved 1179648K
  class space    used 8540K, committed 9344K, reserved 1048576K
GC Heap History (20 events):
Event: 11126.685 GC heap before
{Heap before GC invocations=1475 (full 4):
 PSYoungGen      total 2560K, used 2440K [0x00000000d5580000, 0x00000000d5980000, 0x0000000100000000)
  eden space 1536K, 100% used [0x00000000d5580000,0x00000000d5700000,0x00000000d5700000)
  from space 1024K, 88% used [0x00000000d5880000,0x00000000d59623b8,0x00000000d5980000)
  to   space 1024K, 0% used [0x00000000d5780000,0x00000000d5780000,0x00000000d5880000)
 ParOldGen       total 941568K, used 941153K [0x0000000080000000, 0x00000000b9780000, 0x00000000d5580000)
  object space 941568K, 99% used [0x0000000080000000,0x00000000b9718558,0x00000000b9780000)
 Metaspace       used 84058K, committed 85824K, reserved 1179648K
  class space    used 8540K, committed 9344K, reserved 1048576K
}
Event: 11126.689 GC heap after
{Heap after GC invocations=1475 (full 4):
 PSYoungGen      total 2560K, used 875K [0x00000000d5580000, 0x00000000d5900000, 0x0000000100000000)
  eden space 1536K, 0% used [0x00000000d5580000,0x00000000d5580000,0x00000000d5700000)
  from space 1024K, 85% used [0x00000000d5780000,0x00000000d585afb0,0x00000000d5880000)
  to   space 512K, 0% used [0x00000000d5880000,0x00000000d5880000,0x00000000d5900000)
 ParOldGen       total 942080K, used 942008K [0x0000000080000000, 0x00000000b9800000, 0x00000000d5580000)
  object space 942080K, 99% used [0x0000000080000000,0x00000000b97ee0f8,0x00000000b9800000)
 Metaspace       used 84058K, committed 85824K, reserved 1179648K
  class space    used 8540K, committed 9344K, reserved 1048576K
}
Event: 11126.758 GC heap before
{Heap before GC invocations=1476 (full 4):
 PSYoungGen      total 2560K, used 2411K [0x00000000d5580000, 0x00000000d5900000, 0x0000000100000000)
  eden space 1536K, 100% used [0x00000000d5580000,0x00000000d5700000,0x00000000d5700000)
  from space 1024K, 85% used [0x00000000d5780000,0x00000000d585afb0,0x00000000d5880000)
  to   space 512K, 0% used [0x00000000d5880000,0x00000000d5880000,0x00000000d5900000)
 ParOldGen       total 942080K, used 942008K [0x0000000080000000, 0x00000000b9800000, 0x00000000d5580000)
  object space 942080K, 99% used [0x0000000080000000,0x00000000b97ee0f8,0x00000000b9800000)
 Metaspace       used 84058K, committed 85824K, reserved 1179648K
  class space    used 8540K, committed 9344K, reserved 1048576K
}
Event: 11126.764 GC heap after
{Heap after GC invocations=1476 (full 4):
 PSYoungGen      total 2048K, used 320K [0x00000000d5580000, 0x00000000d5900000, 0x0000000100000000)
  eden space 1536K, 0% used [0x00000000d5580000,0x00000000d5580000,0x00000000d5700000)
  from space 512K, 62% used [0x00000000d5880000,0x00000000d58d0000,0x00000000d5900000)
  to   space 1024K, 0% used [0x00000000d5700000,0x00000000d5700000,0x00000000d5800000)
 ParOldGen       total 943104K, used 942748K [0x0000000080000000, 0x00000000b9900000, 0x00000000d5580000)
  object space 943104K, 99% used [0x0000000080000000,0x00000000b98a7160,0x00000000b9900000)
 Metaspace       used 84058K, committed 85824K, reserved 1179648K
  class space    used 8540K, committed 9344K, reserved 1048576K
}
Event: 11126.920 GC heap before
{Heap before GC invocations=1477 (full 4):
 PSYoungGen      total 2048K, used 1856K [0x00000000d5580000, 0x00000000d5900000, 0x0000000100000000)
  eden space 1536K, 100% used [0x00000000d5580000,0x00000000d5700000,0x00000000d5700000)
  from space 512K, 62% used [0x00000000d5880000,0x00000000d58d0000,0x00000000d5900000)
  to   space 1024K, 0% used [0x00000000d5700000,0x00000000d5700000,0x00000000d5800000)
 ParOldGen       total 943104K, used 942748K [0x0000000080000000, 0x00000000b9900000, 0x00000000d5580000)
  object space 943104K, 99% used [0x0000000080000000,0x00000000b98a7160,0x00000000b9900000)
 Metaspace       used 84058K, committed 85824K, reserved 1179648K
  class space    used 8540K, committed 9344K, reserved 1048576K
}
Event: 11126.927 GC heap after
{Heap after GC invocations=1477 (full 4):
 PSYoungGen      total 2560K, used 288K [0x00000000d5580000, 0x00000000d5900000, 0x0000000100000000)
  eden space 1536K, 0% used [0x00000000d5580000,0x00000000d5580000,0x00000000d5700000)
  from space 1024K, 28% used [0x00000000d5700000,0x00000000d5748000,0x00000000d5800000)
  to   space 512K, 0% used [0x00000000d5880000,0x00000000d5880000,0x00000000d5900000)
 ParOldGen       total 943104K, used 942970K [0x0000000080000000, 0x00000000b9900000, 0x00000000d5580000)
  object space 943104K, 99% used [0x0000000080000000,0x00000000b98dea20,0x00000000b9900000)
 Metaspace       used 84058K, committed 85824K, reserved 1179648K
  class space    used 8540K, committed 9344K, reserved 1048576K
}
Event: 11127.216 GC heap before
{Heap before GC invocations=1478 (full 4):
 PSYoungGen      total 2560K, used 1823K [0x00000000d5580000, 0x00000000d5900000, 0x0000000100000000)
  eden space 1536K, 99% used [0x00000000d5580000,0x00000000d56fffc0,0x00000000d5700000)
  from space 1024K, 28% used [0x00000000d5700000,0x00000000d5748000,0x00000000d5800000)
  to   space 512K, 0% used [0x00000000d5880000,0x00000000d5880000,0x00000000d5900000)
 ParOldGen       total 943104K, used 942970K [0x0000000080000000, 0x00000000b9900000, 0x00000000d5580000)
  object space 943104K, 99% used [0x0000000080000000,0x00000000b98dea20,0x00000000b9900000)
 Metaspace       used 84058K, committed 85824K, reserved 1179648K
  class space    used 8540K, committed 9344K, reserved 1048576K
}
Event: 11127.220 GC heap after
{Heap after GC invocations=1478 (full 4):
 PSYoungGen      total 2048K, used 96K [0x00000000d5580000, 0x00000000d5900000, 0x0000000100000000)
  eden space 1536K, 0% used [0x00000000d5580000,0x00000000d5580000,0x00000000d5700000)
  from space 512K, 18% used [0x00000000d5880000,0x00000000d5898000,0x00000000d5900000)
  to   space 512K, 0% used [0x00000000d5800000,0x00000000d5800000,0x00000000d5880000)
 ParOldGen       total 943616K, used 943207K [0x0000000080000000, 0x00000000b9980000, 0x00000000d5580000)
  object space 943616K, 99% used [0x0000000080000000,0x00000000b9919c28,0x00000000b9980000)
 Metaspace       used 84058K, committed 85824K, reserved 1179648K
  class space    used 8540K, committed 9344K, reserved 1048576K
}
Event: 11127.953 GC heap before
{Heap before GC invocations=1479 (full 4):
 PSYoungGen      total 2048K, used 1632K [0x00000000d5580000, 0x00000000d5900000, 0x0000000100000000)
  eden space 1536K, 100% used [0x00000000d5580000,0x00000000d5700000,0x00000000d5700000)
  from space 512K, 18% used [0x00000000d5880000,0x00000000d5898000,0x00000000d5900000)
  to   space 512K, 0% used [0x00000000d5800000,0x00000000d5800000,0x00000000d5880000)
 ParOldGen       total 943616K, used 943207K [0x0000000080000000, 0x00000000b9980000, 0x00000000d5580000)
  object space 943616K, 99% used [0x0000000080000000,0x00000000b9919c28,0x00000000b9980000)
 Metaspace       used 84058K, committed 85824K, reserved 1179648K
  class space    used 8540K, committed 9344K, reserved 1048576K
}
Event: 11127.956 GC heap after
{Heap after GC invocations=1479 (full 4):
 PSYoungGen      total 2048K, used 304K [0x00000000d5580000, 0x00000000d5900000, 0x0000000100000000)
  eden space 1536K, 0% used [0x00000000d5580000,0x00000000d5580000,0x00000000d5700000)
  from space 512K, 59% used [0x00000000d5800000,0x00000000d584c030,0x00000000d5880000)
  to   space 512K, 0% used [0x00000000d5880000,0x00000000d5880000,0x00000000d5900000)
 ParOldGen       total 943616K, used 943223K [0x0000000080000000, 0x00000000b9980000, 0x00000000d5580000)
  object space 943616K, 99% used [0x0000000080000000,0x00000000b991dc28,0x00000000b9980000)
 Metaspace       used 84058K, committed 85824K, reserved 1179648K
  class space    used 8540K, committed 9344K, reserved 1048576K
}
Event: 11127.968 GC heap before
{Heap before GC invocations=1480 (full 4):
 PSYoungGen      total 2048K, used 1839K [0x00000000d5580000, 0x00000000d5900000, 0x0000000100000000)
  eden space 1536K, 99% used [0x00000000d5580000,0x00000000d56ffd88,0x00000000d5700000)
  from space 512K, 59% used [0x00000000d5800000,0x00000000d584c030,0x00000000d5880000)
  to   space 512K, 0% used [0x00000000d5880000,0x00000000d5880000,0x00000000d5900000)
 ParOldGen       total 943616K, used 943223K [0x0000000080000000, 0x00000000b9980000, 0x00000000d5580000)
  object space 943616K, 99% used [0x0000000080000000,0x00000000b991dc28,0x00000000b9980000)
 Metaspace       used 84058K, committed 85824K, reserved 1179648K
  class space    used 8540K, committed 9344K, reserved 1048576K
}
Event: 11127.971 GC heap after
{Heap after GC invocations=1480 (full 4):
 PSYoungGen      total 2048K, used 352K [0x00000000d5580000, 0x00000000d5900000, 0x0000000100000000)
  eden space 1536K, 0% used [0x00000000d5580000,0x00000000d5580000,0x00000000d5700000)
  from space 512K, 68% used [0x00000000d5880000,0x00000000d58d8000,0x00000000d5900000)
  to   space 512K, 0% used [0x00000000d5800000,0x00000000d5800000,0x00000000d5880000)
 ParOldGen       total 943616K, used 943467K [0x0000000080000000, 0x00000000b9980000, 0x00000000d5580000)
  object space 943616K, 99% used [0x0000000080000000,0x00000000b995ae58,0x00000000b9980000)
 Metaspace       used 84058K, committed 85824K, reserved 1179648K
  class space    used 8540K, committed 9344K, reserved 1048576K
}
Event: 11127.989 GC heap before
{Heap before GC invocations=1481 (full 4):
 PSYoungGen      total 2048K, used 1888K [0x00000000d5580000, 0x00000000d5900000, 0x0000000100000000)
  eden space 1536K, 100% used [0x00000000d5580000,0x00000000d5700000,0x00000000d5700000)
  from space 512K, 68% used [0x00000000d5880000,0x00000000d58d8000,0x00000000d5900000)
  to   space 512K, 0% used [0x00000000d5800000,0x00000000d5800000,0x00000000d5880000)
 ParOldGen       total 943616K, used 943467K [0x0000000080000000, 0x00000000b9980000, 0x00000000d5580000)
  object space 943616K, 99% used [0x0000000080000000,0x00000000b995ae58,0x00000000b9980000)
 Metaspace       used 84058K, committed 85824K, reserved 1179648K
  class space    used 8540K, committed 9344K, reserved 1048576K
}
Event: 11127.992 GC heap after
{Heap after GC invocations=1481 (full 4):
 PSYoungGen      total 2048K, used 320K [0x00000000d5580000, 0x00000000d5900000, 0x0000000100000000)
  eden space 1536K, 0% used [0x00000000d5580000,0x00000000d5580000,0x00000000d5700000)
  from space 512K, 62% used [0x00000000d5800000,0x00000000d5850000,0x00000000d5880000)
  to   space 512K, 0% used [0x00000000d5880000,0x00000000d5880000,0x00000000d5900000)
 ParOldGen       total 944128K, used 943785K [0x0000000080000000, 0x00000000b9a00000, 0x00000000d5580000)
  object space 944128K, 99% used [0x0000000080000000,0x00000000b99aa718,0x00000000b9a00000)
 Metaspace       used 84058K, committed 85824K, reserved 1179648K
  class space    used 8540K, committed 9344K, reserved 1048576K
}
Event: 11128.006 GC heap before
{Heap before GC invocations=1482 (full 4):
 PSYoungGen      total 2048K, used 1856K [0x00000000d5580000, 0x00000000d5900000, 0x0000000100000000)
  eden space 1536K, 100% used [0x00000000d5580000,0x00000000d5700000,0x00000000d5700000)
  from space 512K, 62% used [0x00000000d5800000,0x00000000d5850000,0x00000000d5880000)
  to   space 512K, 0% used [0x00000000d5880000,0x00000000d5880000,0x00000000d5900000)
 ParOldGen       total 944128K, used 943785K [0x0000000080000000, 0x00000000b9a00000, 0x00000000d5580000)
  object space 944128K, 99% used [0x0000000080000000,0x00000000b99aa718,0x00000000b9a00000)
 Metaspace       used 84059K, committed 85824K, reserved 1179648K
  class space    used 8540K, committed 9344K, reserved 1048576K
}
Event: 11128.012 GC heap after
{Heap after GC invocations=1482 (full 4):
 PSYoungGen      total 2048K, used 308K [0x00000000d5580000, 0x00000000d5900000, 0x0000000100000000)
  eden space 1536K, 0% used [0x00000000d5580000,0x00000000d5580000,0x00000000d5700000)
  from space 512K, 60% used [0x00000000d5880000,0x00000000d58cd200,0x00000000d5900000)
  to   space 512K, 0% used [0x00000000d5800000,0x00000000d5800000,0x00000000d5880000)
 ParOldGen       total 944128K, used 944017K [0x0000000080000000, 0x00000000b9a00000, 0x00000000d5580000)
  object space 944128K, 99% used [0x0000000080000000,0x00000000b99e4718,0x00000000b9a00000)
 Metaspace       used 84059K, committed 85824K, reserved 1179648K
  class space    used 8540K, committed 9344K, reserved 1048576K
}
Event: 11128.043 GC heap before
{Heap before GC invocations=1483 (full 4):
 PSYoungGen      total 2048K, used 1844K [0x00000000d5580000, 0x00000000d5900000, 0x0000000100000000)
  eden space 1536K, 99% used [0x00000000d5580000,0x00000000d56fff88,0x00000000d5700000)
  from space 512K, 60% used [0x00000000d5880000,0x00000000d58cd200,0x00000000d5900000)
  to   space 512K, 0% used [0x00000000d5800000,0x00000000d5800000,0x00000000d5880000)
 ParOldGen       total 944128K, used 944017K [0x0000000080000000, 0x00000000b9a00000, 0x00000000d5580000)
  object space 944128K, 99% used [0x0000000080000000,0x00000000b99e4718,0x00000000b9a00000)
 Metaspace       used 84059K, committed 85824K, reserved 1179648K
  class space    used 8540K, committed 9344K, reserved 1048576K
}
Event: 11128.048 GC heap after
{Heap after GC invocations=1483 (full 4):
 PSYoungGen      total 2048K, used 384K [0x00000000d5580000, 0x00000000d5900000, 0x0000000100000000)
  eden space 1536K, 0% used [0x00000000d5580000,0x00000000d5580000,0x00000000d5700000)
  from space 512K, 75% used [0x00000000d5800000,0x00000000d5860000,0x00000000d5880000)
  to   space 512K, 0% used [0x00000000d5880000,0x00000000d5880000,0x00000000d5900000)
 ParOldGen       total 944640K, used 944258K [0x0000000080000000, 0x00000000b9a80000, 0x00000000d5580000)
  object space 944640K, 99% used [0x0000000080000000,0x00000000b9a20bb8,0x00000000b9a80000)
 Metaspace       used 84059K, committed 85824K, reserved 1179648K
  class space    used 8540K, committed 9344K, reserved 1048576K
}
Event: 11128.077 GC heap before
{Heap before GC invocations=1484 (full 4):
 PSYoungGen      total 2048K, used 1920K [0x00000000d5580000, 0x00000000d5900000, 0x0000000100000000)
  eden space 1536K, 100% used [0x00000000d5580000,0x00000000d5700000,0x00000000d5700000)
  from space 512K, 75% used [0x00000000d5800000,0x00000000d5860000,0x00000000d5880000)
  to   space 512K, 0% used [0x00000000d5880000,0x00000000d5880000,0x00000000d5900000)
 ParOldGen       total 944640K, used 944258K [0x0000000080000000, 0x00000000b9a80000, 0x00000000d5580000)
  object space 944640K, 99% used [0x0000000080000000,0x00000000b9a20bb8,0x00000000b9a80000)
 Metaspace       used 84060K, committed 85824K, reserved 1179648K
  class space    used 8540K, committed 9344K, reserved 1048576K
}
Event: 11128.081 GC heap after
{Heap after GC invocations=1484 (full 4):
 PSYoungGen      total 2048K, used 320K [0x00000000d5580000, 0x00000000d5900000, 0x0000000100000000)
  eden space 1536K, 0% used [0x00000000d5580000,0x00000000d5580000,0x00000000d5700000)
  from space 512K, 62% used [0x00000000d5880000,0x00000000d58d0000,0x00000000d5900000)
  to   space 512K, 0% used [0x00000000d5800000,0x00000000d5800000,0x00000000d5880000)
 ParOldGen       total 944640K, used 944593K [0x0000000080000000, 0x00000000b9a80000, 0x00000000d5580000)
  object space 944640K, 99% used [0x0000000080000000,0x00000000b9a74478,0x00000000b9a80000)
 Metaspace       used 84060K, committed 85824K, reserved 1179648K
  class space    used 8540K, committed 9344K, reserved 1048576K
}

