# JRE version: OpenJDK Runtime Environment Temurin-21.0.10+7 (21.0.10+7) (build 21.0.10+7-LTS)
# Java VM: OpenJDK 64-Bit Server VM Temurin-21.0.10+7 (21.0.10+7-LTS, mixed mode, sharing, tiered, compressed oops, compressed class ptrs, parallel gc, windows-amd64)
GC Precious Log:
 CardTable entry size: 512
 CPUs: 4 total, 4 available
 Memory: 3891M
 Large Page Support: Disabled
 NUMA Support: Disabled
 Compressed Oops: Enabled (32-bit)
 Alignments: Space 512K, Generation 512K, Heap 2M
 Heap Min Capacity: 100M
 Heap Initial Capacity: 100M
 Heap Max Capacity: 2G
 Pre-touch: Disabled
 Parallel Workers: 4
Heap:
 PSYoungGen      total 11264K, used 1422K [0x00000000d5580000, 0x00000000d6400000, 0x0000000100000000)
  eden space 6144K, 22% used [0x00000000d5580000,0x00000000d56d3a50,0x00000000d5b80000)
  from space 5120K, 1% used [0x00000000d5d00000,0x00000000d5d10000,0x00000000d6200000)
  to   space 1536K, 0% used [0x00000000d6280000,0x00000000d6280000,0x00000000d6400000)
 ParOldGen       total 147456K, used 147107K [0x0000000080000000, 0x0000000089000000, 0x00000000d5580000)
  object space 147456K, 99% used [0x0000000080000000,0x0000000088fa8f48,0x0000000089000000)
 Metaspace       used 69517K, committed 71040K, reserved 1114112K
  class space    used 7022K, committed 7680K, reserved 1048576K
GC Heap History (20 events):
Event: 68.862 GC heap before
{Heap before GC invocations=149 (full 3):
 PSYoungGen      total 7680K, used 7264K [0x00000000d5580000, 0x00000000d5e00000, 0x0000000100000000)
  eden space 6656K, 100% used [0x00000000d5580000,0x00000000d5c00000,0x00000000d5c00000)
  from space 1024K, 59% used [0x00000000d5c00000,0x00000000d5c98000,0x00000000d5d00000)
  to   space 1024K, 0% used [0x00000000d5d00000,0x00000000d5d00000,0x00000000d5e00000)
 ParOldGen       total 131584K, used 131457K [0x0000000080000000, 0x0000000088080000, 0x00000000d5580000)
  object space 131584K, 99% used [0x0000000080000000,0x0000000088060468,0x0000000088080000)
 Metaspace       used 69314K, committed 70848K, reserved 1114112K
  class space    used 7010K, committed 7680K, reserved 1048576K
}
Event: 68.864 GC heap after
{Heap after GC invocations=149 (full 3):
 PSYoungGen      total 7168K, used 320K [0x00000000d5580000, 0x00000000d5d80000, 0x0000000100000000)
  eden space 6656K, 0% used [0x00000000d5580000,0x00000000d5580000,0x00000000d5c00000)
  from space 512K, 62% used [0x00000000d5d00000,0x00000000d5d50000,0x00000000d5d80000)
  to   space 512K, 0% used [0x00000000d5c80000,0x00000000d5c80000,0x00000000d5d00000)
 ParOldGen       total 131584K, used 131545K [0x0000000080000000, 0x0000000088080000, 0x00000000d5580000)
  object space 131584K, 99% used [0x0000000080000000,0x0000000088076468,0x0000000088080000)
 Metaspace       used 69314K, committed 70848K, reserved 1114112K
  class space    used 7010K, committed 7680K, reserved 1048576K
}
Event: 69.001 GC heap before
{Heap before GC invocations=150 (full 3):
 PSYoungGen      total 7168K, used 6976K [0x00000000d5580000, 0x00000000d5d80000, 0x0000000100000000)
  eden space 6656K, 100% used [0x00000000d5580000,0x00000000d5c00000,0x00000000d5c00000)
  from space 512K, 62% used [0x00000000d5d00000,0x00000000d5d50000,0x00000000d5d80000)
  to   space 512K, 0% used [0x00000000d5c80000,0x00000000d5c80000,0x00000000d5d00000)
 ParOldGen       total 131584K, used 131545K [0x0000000080000000, 0x0000000088080000, 0x00000000d5580000)
  object space 131584K, 99% used [0x0000000080000000,0x0000000088076468,0x0000000088080000)
 Metaspace       used 69319K, committed 70848K, reserved 1114112K
  class space    used 7010K, committed 7680K, reserved 1048576K
}
Event: 69.005 GC heap after
{Heap after GC invocations=150 (full 3):
 PSYoungGen      total 7168K, used 512K [0x00000000d5580000, 0x00000000d6200000, 0x0000000100000000)
  eden space 6656K, 0% used [0x00000000d5580000,0x00000000d5580000,0x00000000d5c00000)
  from space 512K, 100% used [0x00000000d5c80000,0x00000000d5d00000,0x00000000d5d00000)
  to   space 3072K, 0% used [0x00000000d5f00000,0x00000000d5f00000,0x00000000d6200000)
 ParOldGen       total 133632K, used 133485K [0x0000000080000000, 0x0000000088280000, 0x00000000d5580000)
  object space 133632K, 99% used [0x0000000080000000,0x000000008825b538,0x0000000088280000)
 Metaspace       used 69319K, committed 70848K, reserved 1114112K
  class space    used 7010K, committed 7680K, reserved 1048576K
}
Event: 69.102 GC heap before
{Heap before GC invocations=151 (full 3):
 PSYoungGen      total 7168K, used 7168K [0x00000000d5580000, 0x00000000d6200000, 0x0000000100000000)
  eden space 6656K, 100% used [0x00000000d5580000,0x00000000d5c00000,0x00000000d5c00000)
  from space 512K, 100% used [0x00000000d5c80000,0x00000000d5d00000,0x00000000d5d00000)
  to   space 3072K, 0% used [0x00000000d5f00000,0x00000000d5f00000,0x00000000d6200000)
 ParOldGen       total 133632K, used 133485K [0x0000000080000000, 0x0000000088280000, 0x00000000d5580000)
  object space 133632K, 99% used [0x0000000080000000,0x000000008825b538,0x0000000088280000)
 Metaspace       used 69342K, committed 70912K, reserved 1114112K
  class space    used 7010K, committed 7680K, reserved 1048576K
}
Event: 69.106 GC heap after
{Heap after GC invocations=151 (full 3):
 PSYoungGen      total 9216K, used 2304K [0x00000000d5580000, 0x00000000d6180000, 0x0000000100000000)
  eden space 6656K, 0% used [0x00000000d5580000,0x00000000d5580000,0x00000000d5c00000)
  from space 2560K, 90% used [0x00000000d5f00000,0x00000000d6140010,0x00000000d6180000)
  to   space 2560K, 0% used [0x00000000d5c80000,0x00000000d5c80000,0x00000000d5f00000)
 ParOldGen       total 134144K, used 134008K [0x0000000080000000, 0x0000000088300000, 0x00000000d5580000)
  object space 134144K, 99% used [0x0000000080000000,0x00000000882de3e0,0x0000000088300000)
 Metaspace       used 69342K, committed 70912K, reserved 1114112K
  class space    used 7010K, committed 7680K, reserved 1048576K
}
Event: 69.281 GC heap before
{Heap before GC invocations=152 (full 3):
 PSYoungGen      total 9216K, used 8960K [0x00000000d5580000, 0x00000000d6180000, 0x0000000100000000)
  eden space 6656K, 100% used [0x00000000d5580000,0x00000000d5c00000,0x00000000d5c00000)
  from space 2560K, 90% used [0x00000000d5f00000,0x00000000d6140010,0x00000000d6180000)
  to   space 2560K, 0% used [0x00000000d5c80000,0x00000000d5c80000,0x00000000d5f00000)
 ParOldGen       total 134144K, used 134008K [0x0000000080000000, 0x0000000088300000, 0x00000000d5580000)
  object space 134144K, 99% used [0x0000000080000000,0x00000000882de3e0,0x0000000088300000)
 Metaspace       used 69343K, committed 70912K, reserved 1114112K
  class space    used 7010K, committed 7680K, reserved 1048576K
}
Event: 69.283 GC heap after
{Heap after GC invocations=152 (full 3):
 PSYoungGen      total 7168K, used 96K [0x00000000d5580000, 0x00000000d5f80000, 0x0000000100000000)
  eden space 6656K, 0% used [0x00000000d5580000,0x00000000d5580000,0x00000000d5c00000)
  from space 512K, 18% used [0x00000000d5c80000,0x00000000d5c98000,0x00000000d5d00000)
  to   space 1024K, 0% used [0x00000000d5e80000,0x00000000d5e80000,0x00000000d5f80000)
 ParOldGen       total 134656K, used 134275K [0x0000000080000000, 0x0000000088380000, 0x00000000d5580000)
  object space 134656K, 99% used [0x0000000080000000,0x0000000088320f48,0x0000000088380000)
 Metaspace       used 69343K, committed 70912K, reserved 1114112K
  class space    used 7010K, committed 7680K, reserved 1048576K
}
Event: 69.376 GC heap before
{Heap before GC invocations=153 (full 3):
 PSYoungGen      total 7168K, used 6752K [0x00000000d5580000, 0x00000000d5f80000, 0x0000000100000000)
  eden space 6656K, 100% used [0x00000000d5580000,0x00000000d5c00000,0x00000000d5c00000)
  from space 512K, 18% used [0x00000000d5c80000,0x00000000d5c98000,0x00000000d5d00000)
  to   space 1024K, 0% used [0x00000000d5e80000,0x00000000d5e80000,0x00000000d5f80000)
 ParOldGen       total 134656K, used 134275K [0x0000000080000000, 0x0000000088380000, 0x00000000d5580000)
  object space 134656K, 99% used [0x0000000080000000,0x0000000088320f48,0x0000000088380000)
 Metaspace       used 69346K, committed 70912K, reserved 1114112K
  class space    used 7010K, committed 7680K, reserved 1048576K
}
Event: 69.379 GC heap after
{Heap after GC invocations=153 (full 3):
 PSYoungGen      total 7168K, used 1024K [0x00000000d5580000, 0x00000000d6200000, 0x0000000100000000)
  eden space 6144K, 0% used [0x00000000d5580000,0x00000000d5580000,0x00000000d5b80000)
  from space 1024K, 100% used [0x00000000d5e80000,0x00000000d5f80000,0x00000000d5f80000)
  to   space 3072K, 0% used [0x00000000d5b80000,0x00000000d5b80000,0x00000000d5e80000)
 ParOldGen       total 135680K, used 135483K [0x0000000080000000, 0x0000000088480000, 0x00000000d5580000)
  object space 135680K, 99% used [0x0000000080000000,0x000000008844ef58,0x0000000088480000)
 Metaspace       used 69346K, committed 70912K, reserved 1114112K
  class space    used 7010K, committed 7680K, reserved 1048576K
}
Event: 69.446 GC heap before
{Heap before GC invocations=154 (full 3):
 PSYoungGen      total 7168K, used 7168K [0x00000000d5580000, 0x00000000d6200000, 0x0000000100000000)
  eden space 6144K, 100% used [0x00000000d5580000,0x00000000d5b80000,0x00000000d5b80000)
  from space 1024K, 100% used [0x00000000d5e80000,0x00000000d5f80000,0x00000000d5f80000)
  to   space 3072K, 0% used [0x00000000d5b80000,0x00000000d5b80000,0x00000000d5e80000)
 ParOldGen       total 135680K, used 135483K [0x0000000080000000, 0x0000000088480000, 0x00000000d5580000)
  object space 135680K, 99% used [0x0000000080000000,0x000000008844ef58,0x0000000088480000)
 Metaspace       used 69350K, committed 70912K, reserved 1114112K
  class space    used 7010K, committed 7680K, reserved 1048576K
}
Event: 69.453 GC heap after
{Heap after GC invocations=154 (full 3):
 PSYoungGen      total 8704K, used 2107K [0x00000000d5580000, 0x00000000d6080000, 0x0000000100000000)
  eden space 6144K, 0% used [0x00000000d5580000,0x00000000d5580000,0x00000000d5b80000)
  from space 2560K, 82% used [0x00000000d5b80000,0x00000000d5d8ec18,0x00000000d5e00000)
  to   space 2560K, 0% used [0x00000000d5e00000,0x00000000d5e00000,0x00000000d6080000)
 ParOldGen       total 136704K, used 136501K [0x0000000080000000, 0x0000000088580000, 0x00000000d5580000)
  object space 136704K, 99% used [0x0000000080000000,0x000000008854d5f8,0x0000000088580000)
 Metaspace       used 69350K, committed 70912K, reserved 1114112K
  class space    used 7010K, committed 7680K, reserved 1048576K
}
Event: 70.234 GC heap before
{Heap before GC invocations=155 (full 3):
 PSYoungGen      total 8704K, used 8251K [0x00000000d5580000, 0x00000000d6080000, 0x0000000100000000)
  eden space 6144K, 100% used [0x00000000d5580000,0x00000000d5b80000,0x00000000d5b80000)
  from space 2560K, 82% used [0x00000000d5b80000,0x00000000d5d8ec18,0x00000000d5e00000)
  to   space 2560K, 0% used [0x00000000d5e00000,0x00000000d5e00000,0x00000000d6080000)
 ParOldGen       total 136704K, used 136501K [0x0000000080000000, 0x0000000088580000, 0x00000000d5580000)
  object space 136704K, 99% used [0x0000000080000000,0x000000008854d5f8,0x0000000088580000)
 Metaspace       used 69422K, committed 70976K, reserved 1114112K
  class space    used 7019K, committed 7680K, reserved 1048576K
}
Event: 70.237 GC heap after
{Heap after GC invocations=155 (full 3):
 PSYoungGen      total 8192K, used 1676K [0x00000000d5580000, 0x00000000d6000000, 0x0000000100000000)
  eden space 6144K, 0% used [0x00000000d5580000,0x00000000d5580000,0x00000000d5b80000)
  from space 2048K, 81% used [0x00000000d5e00000,0x00000000d5fa3090,0x00000000d6000000)
  to   space 2048K, 0% used [0x00000000d5c00000,0x00000000d5c00000,0x00000000d5e00000)
 ParOldGen       total 137216K, used 136732K [0x0000000080000000, 0x0000000088600000, 0x00000000d5580000)
  object space 137216K, 99% used [0x0000000080000000,0x0000000088587210,0x0000000088600000)
 Metaspace       used 69422K, committed 70976K, reserved 1114112K
  class space    used 7019K, committed 7680K, reserved 1048576K
}
Event: 70.995 GC heap before
{Heap before GC invocations=156 (full 3):
 PSYoungGen      total 8192K, used 7820K [0x00000000d5580000, 0x00000000d6000000, 0x0000000100000000)
  eden space 6144K, 100% used [0x00000000d5580000,0x00000000d5b80000,0x00000000d5b80000)
  from space 2048K, 81% used [0x00000000d5e00000,0x00000000d5fa3090,0x00000000d6000000)
  to   space 2048K, 0% used [0x00000000d5c00000,0x00000000d5c00000,0x00000000d5e00000)
 ParOldGen       total 137216K, used 136732K [0x0000000080000000, 0x0000000088600000, 0x00000000d5580000)
  object space 137216K, 99% used [0x0000000080000000,0x0000000088587210,0x0000000088600000)
 Metaspace       used 69450K, committed 70976K, reserved 1114112K
  class space    used 7020K, committed 7680K, reserved 1048576K
}
Event: 71.003 GC heap after
{Heap after GC invocations=156 (full 3):
 PSYoungGen      total 8192K, used 2045K [0x00000000d5580000, 0x00000000d6b80000, 0x0000000100000000)
  eden space 6144K, 0% used [0x00000000d5580000,0x00000000d5580000,0x00000000d5b80000)
  from space 2048K, 99% used [0x00000000d5c00000,0x00000000d5dff498,0x00000000d5e00000)
  to   space 8192K, 0% used [0x00000000d6380000,0x00000000d6380000,0x00000000d6b80000)
 ParOldGen       total 142336K, used 141901K [0x0000000080000000, 0x0000000088b00000, 0x00000000d5580000)
  object space 142336K, 99% used [0x0000000080000000,0x0000000088a934d8,0x0000000088b00000)
 Metaspace       used 69450K, committed 70976K, reserved 1114112K
  class space    used 7020K, committed 7680K, reserved 1048576K
}
Event: 71.998 GC heap before
{Heap before GC invocations=157 (full 3):
 PSYoungGen      total 8192K, used 8189K [0x00000000d5580000, 0x00000000d6b80000, 0x0000000100000000)
  eden space 6144K, 99% used [0x00000000d5580000,0x00000000d5b7ffd8,0x00000000d5b80000)
  from space 2048K, 99% used [0x00000000d5c00000,0x00000000d5dff498,0x00000000d5e00000)
  to   space 8192K, 0% used [0x00000000d6380000,0x00000000d6380000,0x00000000d6b80000)
 ParOldGen       total 142336K, used 141901K [0x0000000080000000, 0x0000000088b00000, 0x00000000d5580000)
  object space 142336K, 99% used [0x0000000080000000,0x0000000088a934d8,0x0000000088b00000)
 Metaspace       used 69470K, committed 70976K, reserved 1114112K
  class space    used 7021K, committed 7680K, reserved 1048576K
}
Event: 72.003 GC heap after
{Heap after GC invocations=157 (full 3):
 PSYoungGen      total 9728K, used 3200K [0x00000000d5580000, 0x00000000d6700000, 0x0000000100000000)
  eden space 6144K, 0% used [0x00000000d5580000,0x00000000d5580000,0x00000000d5b80000)
  from space 3584K, 89% used [0x00000000d6380000,0x00000000d66a0000,0x00000000d6700000)
  to   space 5120K, 0% used [0x00000000d5d00000,0x00000000d5d00000,0x00000000d6200000)
 ParOldGen       total 144384K, used 143979K [0x0000000080000000, 0x0000000088d00000, 0x00000000d5580000)
  object space 144384K, 99% used [0x0000000080000000,0x0000000088c9acd0,0x0000000088d00000)
 Metaspace       used 69470K, committed 70976K, reserved 1114112K
  class space    used 7021K, committed 7680K, reserved 1048576K
}
Event: 72.591 GC heap before
{Heap before GC invocations=158 (full 3):
 PSYoungGen      total 9728K, used 9344K [0x00000000d5580000, 0x00000000d6700000, 0x0000000100000000)
  eden space 6144K, 100% used [0x00000000d5580000,0x00000000d5b80000,0x00000000d5b80000)
  from space 3584K, 89% used [0x00000000d6380000,0x00000000d66a0000,0x00000000d6700000)
  to   space 5120K, 0% used [0x00000000d5d00000,0x00000000d5d00000,0x00000000d6200000)
 ParOldGen       total 144384K, used 143979K [0x0000000080000000, 0x0000000088d00000, 0x00000000d5580000)
  object space 144384K, 99% used [0x0000000080000000,0x0000000088c9acd0,0x0000000088d00000)
 Metaspace       used 69498K, committed 71040K, reserved 1114112K
  class space    used 7021K, committed 7680K, reserved 1048576K
}
Event: 72.595 GC heap after
{Heap after GC invocations=158 (full 3):
 PSYoungGen      total 11264K, used 64K [0x00000000d5580000, 0x00000000d6400000, 0x0000000100000000)
  eden space 6144K, 0% used [0x00000000d5580000,0x00000000d5580000,0x00000000d5b80000)
  from space 5120K, 1% used [0x00000000d5d00000,0x00000000d5d10000,0x00000000d6200000)
  to   space 1536K, 0% used [0x00000000d6280000,0x00000000d6280000,0x00000000d6400000)
 ParOldGen       total 147456K, used 147107K [0x0000000080000000, 0x0000000089000000, 0x00000000d5580000)
  object space 147456K, 99% used [0x0000000080000000,0x0000000088fa8f48,0x0000000089000000)
 Metaspace       used 69498K, committed 71040K, reserved 1114112K
  class space    used 7021K, committed 7680K, reserved 1048576K
}

